{"/home/runner/work/json-expression/json-expression/src/Vars.ts": {"path":"/home/runner/work/json-expression/json-expression/src/Vars.ts","statementMap":{"0":{"start":{"line":1,"column":0},"end":{"line":1,"column":54}},"1":{"start":{"line":2,"column":0},"end":{"line":2,"column":58}},"2":{"start":{"line":3,"column":0},"end":{"line":3,"column":75}},"3":{"start":{"line":8,"column":30},"end":{"line":8,"column":42}},"4":{"start":{"line":6,"column":21},"end":{"line":6,"column":60}},"5":{"start":{"line":9,"column":4},"end":{"line":9,"column":19}},"6":{"start":{"line":13,"column":4},"end":{"line":13,"column":31}},"7":{"start":{"line":13,"column":15},"end":{"line":13,"column":31}},"8":{"start":{"line":14,"column":4},"end":{"line":14,"column":31}},"9":{"start":{"line":18,"column":4},"end":{"line":18,"column":51}},"10":{"start":{"line":18,"column":15},"end":{"line":18,"column":51}},"11":{"start":{"line":19,"column":4},"end":{"line":19,"column":31}},"12":{"start":{"line":23,"column":4},"end":{"line":23,"column":27}},"13":{"start":{"line":23,"column":15},"end":{"line":23,"column":27}},"14":{"start":{"line":24,"column":4},"end":{"line":24,"column":31}},"15":{"start":{"line":28,"column":4},"end":{"line":28,"column":51}},"16":{"start":{"line":28,"column":15},"end":{"line":28,"column":51}},"17":{"start":{"line":29,"column":4},"end":{"line":29,"column":34}},"18":{"start":{"line":33,"column":17},"end":{"line":33,"column":31}},"19":{"start":{"line":34,"column":4},"end":{"line":34,"column":33}},"20":{"start":{"line":35,"column":17},"end":{"line":35,"column":32}},"21":{"start":{"line":36,"column":4},"end":{"line":36,"column":27}},"22":{"start":{"line":5,"column":0},"end":{"line":5,"column":13}}},"fnMap":{"0":{"name":"(anonymous_0)","decl":{"start":{"line":8,"column":2},"end":{"line":8,"column":30}},"loc":{"start":{"line":8,"column":42},"end":{"line":10,"column":3}}},"1":{"name":"(anonymous_1)","decl":{"start":{"line":12,"column":9},"end":{"line":12,"column":12}},"loc":{"start":{"line":12,"column":25},"end":{"line":15,"column":3}}},"2":{"name":"(anonymous_2)","decl":{"start":{"line":17,"column":9},"end":{"line":17,"column":12}},"loc":{"start":{"line":17,"column":41},"end":{"line":20,"column":3}}},"3":{"name":"(anonymous_3)","decl":{"start":{"line":22,"column":9},"end":{"line":22,"column":12}},"loc":{"start":{"line":22,"column":25},"end":{"line":25,"column":3}}},"4":{"name":"(anonymous_4)","decl":{"start":{"line":27,"column":9},"end":{"line":27,"column":12}},"loc":{"start":{"line":27,"column":25},"end":{"line":30,"column":3}}},"5":{"name":"(anonymous_5)","decl":{"start":{"line":32,"column":9},"end":{"line":32,"column":13}},"loc":{"start":{"line":32,"column":43},"end":{"line":37,"column":3}}}},"branchMap":{"0":{"loc":{"start":{"line":13,"column":4},"end":{"line":13,"column":31}},"type":"if","locations":[{"start":{"line":13,"column":4},"end":{"line":13,"column":31}}]},"1":{"loc":{"start":{"line":18,"column":4},"end":{"line":18,"column":51}},"type":"if","locations":[{"start":{"line":18,"column":4},"end":{"line":18,"column":51}}]},"2":{"loc":{"start":{"line":23,"column":4},"end":{"line":23,"column":27}},"type":"if","locations":[{"start":{"line":23,"column":4},"end":{"line":23,"column":27}}]},"3":{"loc":{"start":{"line":28,"column":4},"end":{"line":28,"column":51}},"type":"if","locations":[{"start":{"line":28,"column":4},"end":{"line":28,"column":51}}]}},"s":{"0":3,"1":3,"2":3,"3":2990,"4":2990,"5":2990,"6":969,"7":879,"8":90,"9":90,"10":0,"11":90,"12":0,"13":0,"14":0,"15":16,"16":0,"17":16,"18":0,"19":0,"20":0,"21":0,"22":3},"f":{"0":2990,"1":969,"2":90,"3":0,"4":16,"5":0},"b":{"0":[879],"1":[0],"2":[0],"3":[0]}}
,"/home/runner/work/json-expression/json-expression/src/codegen-steps.ts": {"path":"/home/runner/work/json-expression/json-expression/src/codegen-steps.ts","statementMap":{"0":{"start":{"line":7,"column":21},"end":{"line":7,"column":33}},"1":{"start":{"line":10,"column":4},"end":{"line":10,"column":36}},"2":{"start":{"line":6,"column":0},"end":{"line":6,"column":13}},"3":{"start":{"line":20,"column":21},"end":{"line":20,"column":32}},"4":{"start":{"line":23,"column":4},"end":{"line":23,"column":20}},"5":{"start":{"line":19,"column":0},"end":{"line":19,"column":13}}},"fnMap":{"0":{"name":"(anonymous_0)","decl":{"start":{"line":7,"column":2},"end":{"line":7,"column":21}},"loc":{"start":{"line":7,"column":33},"end":{"line":7,"column":37}}},"1":{"name":"(anonymous_1)","decl":{"start":{"line":9,"column":9},"end":{"line":9,"column":17}},"loc":{"start":{"line":9,"column":17},"end":{"line":11,"column":3}}},"2":{"name":"(anonymous_2)","decl":{"start":{"line":20,"column":2},"end":{"line":20,"column":21}},"loc":{"start":{"line":20,"column":32},"end":{"line":20,"column":36}}},"3":{"name":"(anonymous_3)","decl":{"start":{"line":22,"column":9},"end":{"line":22,"column":17}},"loc":{"start":{"line":22,"column":17},"end":{"line":24,"column":3}}}},"branchMap":{},"s":{"0":2857,"1":845,"2":3,"3":921,"4":912,"5":3},"f":{"0":2857,"1":845,"2":921,"3":912},"b":{}}
,"/home/runner/work/json-expression/json-expression/src/codegen.ts": {"path":"/home/runner/work/json-expression/json-expression/src/codegen.ts","statementMap":{"0":{"start":{"line":1,"column":0},"end":{"line":1,"column":31}},"1":{"start":{"line":2,"column":0},"end":{"line":2,"column":62}},"2":{"start":{"line":3,"column":0},"end":{"line":3,"column":63}},"3":{"start":{"line":4,"column":0},"end":{"line":4,"column":48}},"4":{"start":{"line":6,"column":0},"end":{"line":6,"column":28}},"5":{"start":{"line":20,"column":31},"end":{"line":20,"column":68}},"6":{"start":{"line":28,"column":10},"end":{"line":28,"column":53}},"7":{"start":{"line":29,"column":10},"end":{"line":38,"column":4}},"8":{"start":{"line":30,"column":4},"end":{"line":35,"column":5}},"9":{"start":{"line":31,"column":6},"end":{"line":31,"column":56}},"10":{"start":{"line":31,"column":44},"end":{"line":31,"column":56}},"11":{"start":{"line":32,"column":6},"end":{"line":32,"column":39}},"12":{"start":{"line":34,"column":6},"end":{"line":34,"column":40}},"13":{"start":{"line":36,"column":4},"end":{"line":36,"column":50}},"14":{"start":{"line":37,"column":4},"end":{"line":37,"column":16}},"15":{"start":{"line":40,"column":10},"end":{"line":42,"column":4}},"16":{"start":{"line":41,"column":4},"end":{"line":41,"column":40}},"17":{"start":{"line":44,"column":10},"end":{"line":48,"column":4}},"18":{"start":{"line":45,"column":20},"end":{"line":45,"column":82}},"19":{"start":{"line":46,"column":15},"end":{"line":46,"column":38}},"20":{"start":{"line":47,"column":4},"end":{"line":47,"column":14}},"21":{"start":{"line":21,"column":4},"end":{"line":24,"column":7}},"22":{"start":{"line":25,"column":4},"end":{"line":25,"column":49}},"23":{"start":{"line":51,"column":4},"end":{"line":53,"column":36}},"24":{"start":{"line":52,"column":6},"end":{"line":52,"column":57}},"25":{"start":{"line":52,"column":29},"end":{"line":52,"column":57}},"26":{"start":{"line":53,"column":11},"end":{"line":53,"column":36}},"27":{"start":{"line":55,"column":16},"end":{"line":55,"column":51}},"28":{"start":{"line":56,"column":4},"end":{"line":78,"column":5}},"29":{"start":{"line":57,"column":49},"end":{"line":57,"column":52}},"30":{"start":{"line":58,"column":6},"end":{"line":58,"column":42}},"31":{"start":{"line":59,"column":23},"end":{"line":59,"column":81}},"32":{"start":{"line":59,"column":54},"end":{"line":59,"column":80}},"33":{"start":{"line":60,"column":6},"end":{"line":66,"column":7}},"34":{"start":{"line":61,"column":28},"end":{"line":61,"column":77}},"35":{"start":{"line":61,"column":53},"end":{"line":61,"column":76}},"36":{"start":{"line":62,"column":8},"end":{"line":65,"column":9}},"37":{"start":{"line":63,"column":25},"end":{"line":63,"column":73}},"38":{"start":{"line":64,"column":10},"end":{"line":64,"column":37}},"39":{"start":{"line":67,"column":62},"end":{"line":76,"column":8}},"40":{"start":{"line":71,"column":48},"end":{"line":71,"column":74}},"41":{"start":{"line":75,"column":32},"end":{"line":75,"column":55}},"42":{"start":{"line":77,"column":6},"end":{"line":77,"column":26}},"43":{"start":{"line":79,"column":4},"end":{"line":79,"column":30}},"44":{"start":{"line":83,"column":17},"end":{"line":83,"column":59}},"45":{"start":{"line":84,"column":4},"end":{"line":84,"column":39}},"46":{"start":{"line":85,"column":4},"end":{"line":85,"column":16}},"47":{"start":{"line":89,"column":4},"end":{"line":89,"column":35}},"48":{"start":{"line":93,"column":4},"end":{"line":93,"column":34}},"49":{"start":{"line":97,"column":15},"end":{"line":97,"column":32}},"50":{"start":{"line":98,"column":4},"end":{"line":107,"column":6}},"51":{"start":{"line":99,"column":6},"end":{"line":106,"column":7}},"52":{"start":{"line":100,"column":8},"end":{"line":100,"column":24}},"53":{"start":{"line":102,"column":8},"end":{"line":102,"column":44}},"54":{"start":{"line":102,"column":34},"end":{"line":102,"column":44}},"55":{"start":{"line":103,"column":22},"end":{"line":103,"column":63}},"56":{"start":{"line":104,"column":14},"end":{"line":104,"column":33}},"57":{"start":{"line":105,"column":8},"end":{"line":105,"column":20}},"58":{"start":{"line":16,"column":0},"end":{"line":16,"column":13}}},"fnMap":{"0":{"name":"(anonymous_0)","decl":{"start":{"line":20,"column":2},"end":{"line":20,"column":31}},"loc":{"start":{"line":20,"column":68},"end":{"line":26,"column":3}}},"1":{"name":"(anonymous_1)","decl":{"start":{"line":29,"column":28},"end":{"line":29,"column":29}},"loc":{"start":{"line":29,"column":75},"end":{"line":38,"column":3}}},"2":{"name":"(anonymous_2)","decl":{"start":{"line":40,"column":26},"end":{"line":40,"column":27}},"loc":{"start":{"line":40,"column":62},"end":{"line":42,"column":3}}},"3":{"name":"(anonymous_3)","decl":{"start":{"line":44,"column":26},"end":{"line":44,"column":27}},"loc":{"start":{"line":44,"column":65},"end":{"line":48,"column":3}}},"4":{"name":"(anonymous_4)","decl":{"start":{"line":50,"column":12},"end":{"line":50,"column":24}},"loc":{"start":{"line":50,"column":51},"end":{"line":80,"column":3}}},"5":{"name":"(anonymous_5)","decl":{"start":{"line":59,"column":41},"end":{"line":59,"column":42}},"loc":{"start":{"line":59,"column":54},"end":{"line":59,"column":80}}},"6":{"name":"(anonymous_6)","decl":{"start":{"line":61,"column":43},"end":{"line":61,"column":44}},"loc":{"start":{"line":61,"column":53},"end":{"line":61,"column":76}}},"7":{"name":"(anonymous_7)","decl":{"start":{"line":71,"column":17},"end":{"line":71,"column":18}},"loc":{"start":{"line":71,"column":48},"end":{"line":71,"column":74}}},"8":{"name":"(anonymous_8)","decl":{"start":{"line":75,"column":13},"end":{"line":75,"column":14}},"loc":{"start":{"line":75,"column":32},"end":{"line":75,"column":55}}},"9":{"name":"(anonymous_9)","decl":{"start":{"line":82,"column":9},"end":{"line":82,"column":12}},"loc":{"start":{"line":82,"column":12},"end":{"line":86,"column":3}}},"10":{"name":"(anonymous_10)","decl":{"start":{"line":88,"column":9},"end":{"line":88,"column":17}},"loc":{"start":{"line":88,"column":17},"end":{"line":90,"column":3}}},"11":{"name":"(anonymous_11)","decl":{"start":{"line":92,"column":9},"end":{"line":92,"column":19}},"loc":{"start":{"line":92,"column":19},"end":{"line":94,"column":3}}},"12":{"name":"(anonymous_12)","decl":{"start":{"line":96,"column":9},"end":{"line":96,"column":16}},"loc":{"start":{"line":96,"column":16},"end":{"line":108,"column":3}}},"13":{"name":"(anonymous_13)","decl":{"start":{"line":98,"column":11},"end":{"line":98,"column":12}},"loc":{"start":{"line":98,"column":20},"end":{"line":107,"column":5}}}},"branchMap":{"0":{"loc":{"start":{"line":30,"column":4},"end":{"line":35,"column":5}},"type":"if","locations":[{"start":{"line":30,"column":4},"end":{"line":35,"column":5}},{"start":{"line":33,"column":11},"end":{"line":35,"column":5}}]},"1":{"loc":{"start":{"line":31,"column":6},"end":{"line":31,"column":56}},"type":"if","locations":[{"start":{"line":31,"column":6},"end":{"line":31,"column":56}}]},"2":{"loc":{"start":{"line":51,"column":4},"end":{"line":53,"column":36}},"type":"if","locations":[{"start":{"line":51,"column":4},"end":{"line":53,"column":36}},{"start":{"line":53,"column":11},"end":{"line":53,"column":36}}]},"3":{"loc":{"start":{"line":52,"column":6},"end":{"line":52,"column":57}},"type":"if","locations":[{"start":{"line":52,"column":6},"end":{"line":52,"column":57}}]},"4":{"loc":{"start":{"line":56,"column":4},"end":{"line":78,"column":5}},"type":"if","locations":[{"start":{"line":56,"column":4},"end":{"line":78,"column":5}}]},"5":{"loc":{"start":{"line":60,"column":6},"end":{"line":66,"column":7}},"type":"if","locations":[{"start":{"line":60,"column":6},"end":{"line":66,"column":7}}]},"6":{"loc":{"start":{"line":62,"column":8},"end":{"line":65,"column":9}},"type":"if","locations":[{"start":{"line":62,"column":8},"end":{"line":65,"column":9}}]},"7":{"loc":{"start":{"line":102,"column":8},"end":{"line":102,"column":44}},"type":"if","locations":[{"start":{"line":102,"column":8},"end":{"line":102,"column":44}}]}},"s":{"0":2,"1":2,"2":2,"3":2,"4":2,"5":1221,"6":1221,"7":1221,"8":729,"9":719,"10":175,"11":544,"12":10,"13":554,"14":554,"15":1221,"16":404,"17":1221,"18":6,"19":6,"20":6,"21":1221,"22":1221,"23":3934,"24":1938,"25":97,"26":1996,"27":1841,"28":1841,"29":1841,"30":1841,"31":1674,"32":2713,"33":1674,"34":1137,"35":1871,"36":1137,"37":761,"38":753,"39":913,"40":0,"41":5,"42":913,"43":0,"44":1221,"45":1044,"46":1044,"47":0,"48":1044,"49":1044,"50":1044,"51":1073,"52":1073,"53":4,"54":3,"55":1,"56":1,"57":1,"58":2},"f":{"0":1221,"1":729,"2":404,"3":6,"4":3934,"5":2713,"6":1871,"7":0,"8":5,"9":1221,"10":0,"11":1044,"12":1044,"13":1073},"b":{"0":[719,10],"1":[175],"2":[1938,1996],"3":[97],"4":[1841],"5":[1137],"6":[761],"7":[3]}}
,"/home/runner/work/json-expression/json-expression/src/createEvaluate.ts": {"path":"/home/runner/work/json-expression/json-expression/src/createEvaluate.ts","statementMap":{"0":{"start":{"line":2,"column":0},"end":{"line":2,"column":31}},"1":{"start":{"line":4,"column":30},"end":{"line":31,"column":1}},"2":{"start":{"line":5,"column":19},"end":{"line":28,"column":3}},"3":{"start":{"line":9,"column":4},"end":{"line":9,"column":46}},"4":{"start":{"line":9,"column":34},"end":{"line":9,"column":46}},"5":{"start":{"line":10,"column":4},"end":{"line":10,"column":42}},"6":{"start":{"line":10,"column":27},"end":{"line":10,"column":42}},"7":{"start":{"line":12,"column":15},"end":{"line":12,"column":22}},"8":{"start":{"line":13,"column":16},"end":{"line":13,"column":33}},"9":{"start":{"line":15,"column":4},"end":{"line":27,"column":5}},"10":{"start":{"line":16,"column":6},"end":{"line":20,"column":7}},"11":{"start":{"line":17,"column":36},"end":{"line":17,"column":39}},"12":{"start":{"line":18,"column":8},"end":{"line":18,"column":44}},"13":{"start":{"line":19,"column":8},"end":{"line":19,"column":65}},"14":{"start":{"line":21,"column":6},"end":{"line":21,"column":68}},"15":{"start":{"line":23,"column":6},"end":{"line":23,"column":42}},"16":{"start":{"line":23,"column":32},"end":{"line":23,"column":42}},"17":{"start":{"line":24,"column":20},"end":{"line":24,"column":61}},"18":{"start":{"line":25,"column":12},"end":{"line":25,"column":31}},"19":{"start":{"line":26,"column":6},"end":{"line":26,"column":18}},"20":{"start":{"line":30,"column":2},"end":{"line":30,"column":18}},"21":{"start":{"line":4,"column":13},"end":{"line":4,"column":30}}},"fnMap":{"0":{"name":"(anonymous_0)","decl":{"start":{"line":4,"column":30},"end":{"line":4,"column":31}},"loc":{"start":{"line":4,"column":118},"end":{"line":31,"column":1}}},"1":{"name":"(anonymous_1)","decl":{"start":{"line":5,"column":19},"end":{"line":5,"column":null}},"loc":{"start":{"line":8,"column":15},"end":{"line":28,"column":3}}}},"branchMap":{"0":{"loc":{"start":{"line":9,"column":4},"end":{"line":9,"column":46}},"type":"if","locations":[{"start":{"line":9,"column":4},"end":{"line":9,"column":46}}]},"1":{"loc":{"start":{"line":10,"column":4},"end":{"line":10,"column":42}},"type":"if","locations":[{"start":{"line":10,"column":4},"end":{"line":10,"column":42}}]},"2":{"loc":{"start":{"line":16,"column":6},"end":{"line":20,"column":7}},"type":"if","locations":[{"start":{"line":16,"column":6},"end":{"line":20,"column":7}}]},"3":{"loc":{"start":{"line":23,"column":6},"end":{"line":23,"column":42}},"type":"if","locations":[{"start":{"line":23,"column":6},"end":{"line":23,"column":42}}]}},"s":{"0":3,"1":3,"2":1223,"3":6634,"4":3785,"5":2849,"6":174,"7":2675,"8":2675,"9":2675,"10":2675,"11":2675,"12":2675,"13":2535,"14":0,"15":162,"16":159,"17":3,"18":3,"19":3,"20":1223,"21":3},"f":{"0":1223,"1":6634},"b":{"0":[3785],"1":[174],"2":[2675],"3":[159]}}
,"/home/runner/work/json-expression/json-expression/src/evaluate.ts": {"path":"/home/runner/work/json-expression/json-expression/src/evaluate.ts","statementMap":{"0":{"start":{"line":1,"column":0},"end":{"line":1,"column":48}},"1":{"start":{"line":2,"column":0},"end":{"line":2,"column":41}},"2":{"start":{"line":4,"column":13},"end":{"line":6,"column":3}}},"fnMap":{},"branchMap":{},"s":{"0":2,"1":2,"2":2},"f":{},"b":{}}
,"/home/runner/work/json-expression/json-expression/src/util.ts": {"path":"/home/runner/work/json-expression/json-expression/src/util.ts","statementMap":{"0":{"start":{"line":1,"column":0},"end":{"line":1,"column":69}},"1":{"start":{"line":2,"column":0},"end":{"line":2,"column":62}},"2":{"start":{"line":8,"column":19},"end":{"line":8,"column":76}},"3":{"start":{"line":8,"column":52},"end":{"line":8,"column":76}},"4":{"start":{"line":8,"column":13},"end":{"line":8,"column":19}},"5":{"start":{"line":10,"column":28},"end":{"line":14,"column":1}},"6":{"start":{"line":11,"column":2},"end":{"line":11,"column":40}},"7":{"start":{"line":11,"column":27},"end":{"line":11,"column":40}},"8":{"start":{"line":12,"column":2},"end":{"line":12,"column":54}},"9":{"start":{"line":12,"column":25},"end":{"line":12,"column":54}},"10":{"start":{"line":13,"column":2},"end":{"line":13,"column":13}},"11":{"start":{"line":10,"column":13},"end":{"line":10,"column":28}},"12":{"start":{"line":18,"column":20},"end":{"line":23,"column":1}},"13":{"start":{"line":19,"column":2},"end":{"line":19,"column":36}},"14":{"start":{"line":19,"column":22},"end":{"line":19,"column":36}},"15":{"start":{"line":20,"column":2},"end":{"line":20,"column":43}},"16":{"start":{"line":20,"column":28},"end":{"line":20,"column":43}},"17":{"start":{"line":21,"column":2},"end":{"line":21,"column":51}},"18":{"start":{"line":21,"column":35},"end":{"line":21,"column":51}},"19":{"start":{"line":22,"column":2},"end":{"line":22,"column":22}},"20":{"start":{"line":18,"column":13},"end":{"line":18,"column":20}},"21":{"start":{"line":25,"column":19},"end":{"line":25,"column":70}},"22":{"start":{"line":25,"column":47},"end":{"line":25,"column":70}},"23":{"start":{"line":25,"column":13},"end":{"line":25,"column":19}},"24":{"start":{"line":26,"column":19},"end":{"line":26,"column":66}},"25":{"start":{"line":26,"column":47},"end":{"line":26,"column":66}},"26":{"start":{"line":26,"column":13},"end":{"line":26,"column":19}},"27":{"start":{"line":28,"column":19},"end":{"line":31,"column":1}},"28":{"start":{"line":29,"column":2},"end":{"line":29,"column":51}},"29":{"start":{"line":29,"column":33},"end":{"line":29,"column":51}},"30":{"start":{"line":30,"column":2},"end":{"line":30,"column":31}},"31":{"start":{"line":28,"column":13},"end":{"line":28,"column":19}},"32":{"start":{"line":35,"column":19},"end":{"line":35,"column":79}},"33":{"start":{"line":35,"column":52},"end":{"line":35,"column":78}},"34":{"start":{"line":35,"column":13},"end":{"line":35,"column":19}},"35":{"start":{"line":36,"column":27},"end":{"line":36,"column":92}},"36":{"start":{"line":36,"column":70},"end":{"line":36,"column":92}},"37":{"start":{"line":36,"column":13},"end":{"line":36,"column":27}},"38":{"start":{"line":37,"column":27},"end":{"line":37,"column":93}},"39":{"start":{"line":37,"column":70},"end":{"line":37,"column":93}},"40":{"start":{"line":37,"column":13},"end":{"line":37,"column":27}},"41":{"start":{"line":38,"column":27},"end":{"line":38,"column":93}},"42":{"start":{"line":38,"column":70},"end":{"line":38,"column":93}},"43":{"start":{"line":38,"column":13},"end":{"line":38,"column":27}},"44":{"start":{"line":39,"column":27},"end":{"line":39,"column":94}},"45":{"start":{"line":39,"column":70},"end":{"line":39,"column":94}},"46":{"start":{"line":39,"column":13},"end":{"line":39,"column":27}},"47":{"start":{"line":43,"column":21},"end":{"line":48,"column":1}},"48":{"start":{"line":44,"column":18},"end":{"line":44,"column":24}},"49":{"start":{"line":45,"column":2},"end":{"line":45,"column":57}},"50":{"start":{"line":45,"column":21},"end":{"line":45,"column":57}},"51":{"start":{"line":46,"column":14},"end":{"line":46,"column":30}},"52":{"start":{"line":47,"column":2},"end":{"line":47,"column":40}},"53":{"start":{"line":43,"column":13},"end":{"line":43,"column":21}},"54":{"start":{"line":50,"column":19},"end":{"line":55,"column":1}},"55":{"start":{"line":51,"column":18},"end":{"line":51,"column":24}},"56":{"start":{"line":52,"column":2},"end":{"line":52,"column":57}},"57":{"start":{"line":52,"column":21},"end":{"line":52,"column":57}},"58":{"start":{"line":53,"column":14},"end":{"line":53,"column":30}},"59":{"start":{"line":54,"column":2},"end":{"line":54,"column":40}},"60":{"start":{"line":50,"column":13},"end":{"line":50,"column":19}},"61":{"start":{"line":59,"column":19},"end":{"line":72,"column":1}},"62":{"start":{"line":60,"column":2},"end":{"line":71,"column":3}},"63":{"start":{"line":62,"column":6},"end":{"line":62,"column":26}},"64":{"start":{"line":64,"column":6},"end":{"line":64,"column":52}},"65":{"start":{"line":64,"column":32},"end":{"line":64,"column":52}},"66":{"start":{"line":65,"column":6},"end":{"line":65,"column":59}},"67":{"start":{"line":65,"column":39},"end":{"line":65,"column":59}},"68":{"start":{"line":66,"column":6},"end":{"line":66,"column":27}},"69":{"start":{"line":66,"column":18},"end":{"line":66,"column":27}},"70":{"start":{"line":67,"column":6},"end":{"line":67,"column":39}},"71":{"start":{"line":70,"column":6},"end":{"line":70,"column":15}},"72":{"start":{"line":59,"column":13},"end":{"line":59,"column":19}},"73":{"start":{"line":74,"column":22},"end":{"line":99,"column":1}},"74":{"start":{"line":75,"column":2},"end":{"line":98,"column":3}},"75":{"start":{"line":77,"column":16},"end":{"line":77,"column":26}},"76":{"start":{"line":78,"column":6},"end":{"line":78,"column":59}},"77":{"start":{"line":78,"column":42},"end":{"line":78,"column":59}},"78":{"start":{"line":79,"column":6},"end":{"line":79,"column":26}},"79":{"start":{"line":82,"column":6},"end":{"line":82,"column":55}},"80":{"start":{"line":82,"column":22},"end":{"line":82,"column":55}},"81":{"start":{"line":83,"column":6},"end":{"line":87,"column":7}},"82":{"start":{"line":84,"column":18},"end":{"line":84,"column":28}},"83":{"start":{"line":85,"column":8},"end":{"line":85,"column":61}},"84":{"start":{"line":85,"column":44},"end":{"line":85,"column":61}},"85":{"start":{"line":86,"column":8},"end":{"line":86,"column":28}},"86":{"start":{"line":88,"column":6},"end":{"line":94,"column":7}},"87":{"start":{"line":91,"column":10},"end":{"line":91,"column":43}},"88":{"start":{"line":93,"column":10},"end":{"line":93,"column":46}},"89":{"start":{"line":97,"column":6},"end":{"line":97,"column":39}},"90":{"start":{"line":74,"column":13},"end":{"line":74,"column":22}},"91":{"start":{"line":101,"column":21},"end":{"line":104,"column":1}},"92":{"start":{"line":102,"column":2},"end":{"line":102,"column":48}},"93":{"start":{"line":102,"column":35},"end":{"line":102,"column":48}},"94":{"start":{"line":103,"column":2},"end":{"line":103,"column":32}},"95":{"start":{"line":101,"column":13},"end":{"line":101,"column":21}},"96":{"start":{"line":108,"column":21},"end":{"line":111,"column":1}},"97":{"start":{"line":109,"column":2},"end":{"line":109,"column":46}},"98":{"start":{"line":109,"column":33},"end":{"line":109,"column":46}},"99":{"start":{"line":110,"column":2},"end":{"line":110,"column":32}},"100":{"start":{"line":108,"column":13},"end":{"line":108,"column":21}},"101":{"start":{"line":113,"column":22},"end":{"line":115,"column":1}},"102":{"start":{"line":114,"column":2},"end":{"line":114,"column":43}},"103":{"start":{"line":113,"column":13},"end":{"line":113,"column":22}},"104":{"start":{"line":117,"column":24},"end":{"line":119,"column":1}},"105":{"start":{"line":118,"column":2},"end":{"line":118,"column":45}},"106":{"start":{"line":117,"column":13},"end":{"line":117,"column":24}},"107":{"start":{"line":121,"column":20},"end":{"line":123,"column":1}},"108":{"start":{"line":122,"column":2},"end":{"line":122,"column":41}},"109":{"start":{"line":121,"column":13},"end":{"line":121,"column":20}},"110":{"start":{"line":125,"column":22},"end":{"line":126,"column":47}},"111":{"start":{"line":126,"column":2},"end":{"line":126,"column":47}},"112":{"start":{"line":125,"column":13},"end":{"line":125,"column":22}},"113":{"start":{"line":129,"column":2},"end":{"line":129,"column":116}},"114":{"start":{"line":131,"column":2},"end":{"line":131,"column":105}},"115":{"start":{"line":132,"column":16},"end":{"line":132,"column":99}},"116":{"start":{"line":134,"column":2},"end":{"line":134,"column":1012}},"117":{"start":{"line":135,"column":17},"end":{"line":135,"column":79}},"118":{"start":{"line":136,"column":29},"end":{"line":136,"column":35}},"119":{"start":{"line":138,"column":2},"end":{"line":138,"column":1152}},"120":{"start":{"line":139,"column":21},"end":{"line":139,"column":93}},"121":{"start":{"line":140,"column":17},"end":{"line":140,"column":45}},"122":{"start":{"line":141,"column":17},"end":{"line":141,"column":82}},"123":{"start":{"line":142,"column":32},"end":{"line":142,"column":39}},"124":{"start":{"line":144,"column":23},"end":{"line":144,"column":102}},"125":{"start":{"line":144,"column":52},"end":{"line":144,"column":102}},"126":{"start":{"line":144,"column":13},"end":{"line":144,"column":23}},"127":{"start":{"line":145,"column":26},"end":{"line":145,"column":108}},"128":{"start":{"line":145,"column":55},"end":{"line":145,"column":108}},"129":{"start":{"line":145,"column":13},"end":{"line":145,"column":26}},"130":{"start":{"line":146,"column":21},"end":{"line":146,"column":98}},"131":{"start":{"line":146,"column":50},"end":{"line":146,"column":98}},"132":{"start":{"line":146,"column":13},"end":{"line":146,"column":21}},"133":{"start":{"line":147,"column":21},"end":{"line":147,"column":98}},"134":{"start":{"line":147,"column":50},"end":{"line":147,"column":98}},"135":{"start":{"line":147,"column":13},"end":{"line":147,"column":21}},"136":{"start":{"line":148,"column":22},"end":{"line":148,"column":100}},"137":{"start":{"line":148,"column":51},"end":{"line":148,"column":100}},"138":{"start":{"line":148,"column":13},"end":{"line":148,"column":22}},"139":{"start":{"line":149,"column":21},"end":{"line":150,"column":86}},"140":{"start":{"line":150,"column":2},"end":{"line":150,"column":86}},"141":{"start":{"line":149,"column":13},"end":{"line":149,"column":21}},"142":{"start":{"line":151,"column":26},"end":{"line":151,"column":108}},"143":{"start":{"line":151,"column":55},"end":{"line":151,"column":108}},"144":{"start":{"line":151,"column":13},"end":{"line":151,"column":26}},"145":{"start":{"line":153,"column":13},"end":{"line":153,"column":64}},"146":{"start":{"line":154,"column":19},"end":{"line":154,"column":102}},"147":{"start":{"line":154,"column":46},"end":{"line":154,"column":102}},"148":{"start":{"line":156,"column":22},"end":{"line":164,"column":1}},"149":{"start":{"line":157,"column":2},"end":{"line":157,"column":46}},"150":{"start":{"line":157,"column":33},"end":{"line":157,"column":46}},"151":{"start":{"line":158,"column":35},"end":{"line":158,"column":55}},"152":{"start":{"line":159,"column":2},"end":{"line":159,"column":29}},"153":{"start":{"line":159,"column":16},"end":{"line":159,"column":29}},"154":{"start":{"line":160,"column":23},"end":{"line":160,"column":34}},"155":{"start":{"line":161,"column":24},"end":{"line":161,"column":35}},"156":{"start":{"line":162,"column":22},"end":{"line":162,"column":33}},"157":{"start":{"line":163,"column":2},"end":{"line":163,"column":110}},"158":{"start":{"line":156,"column":13},"end":{"line":156,"column":22}},"159":{"start":{"line":166,"column":22},"end":{"line":182,"column":1}},"160":{"start":{"line":167,"column":2},"end":{"line":167,"column":46}},"161":{"start":{"line":167,"column":33},"end":{"line":167,"column":46}},"162":{"start":{"line":168,"column":35},"end":{"line":168,"column":55}},"163":{"start":{"line":169,"column":2},"end":{"line":169,"column":29}},"164":{"start":{"line":169,"column":16},"end":{"line":169,"column":29}},"165":{"start":{"line":170,"column":21},"end":{"line":170,"column":32}},"166":{"start":{"line":171,"column":22},"end":{"line":171,"column":33}},"167":{"start":{"line":172,"column":22},"end":{"line":172,"column":33}},"168":{"start":{"line":173,"column":33},"end":{"line":173,"column":43}},"169":{"start":{"line":174,"column":25},"end":{"line":174,"column":52}},"170":{"start":{"line":175,"column":22},"end":{"line":175,"column":40}},"171":{"start":{"line":176,"column":22},"end":{"line":176,"column":40}},"172":{"start":{"line":177,"column":2},"end":{"line":177,"column":48}},"173":{"start":{"line":177,"column":35},"end":{"line":177,"column":48}},"174":{"start":{"line":178,"column":2},"end":{"line":178,"column":53}},"175":{"start":{"line":178,"column":41},"end":{"line":178,"column":53}},"176":{"start":{"line":179,"column":17},"end":{"line":179,"column":35}},"177":{"start":{"line":180,"column":16},"end":{"line":180,"column":56}},"178":{"start":{"line":181,"column":2},"end":{"line":181,"column":88}},"179":{"start":{"line":166,"column":13},"end":{"line":166,"column":22}},"180":{"start":{"line":184,"column":26},"end":{"line":188,"column":1}},"181":{"start":{"line":185,"column":2},"end":{"line":185,"column":44}},"182":{"start":{"line":185,"column":31},"end":{"line":185,"column":44}},"183":{"start":{"line":186,"column":19},"end":{"line":186,"column":73}},"184":{"start":{"line":187,"column":2},"end":{"line":187,"column":77}},"185":{"start":{"line":184,"column":13},"end":{"line":184,"column":26}},"186":{"start":{"line":192,"column":18},"end":{"line":197,"column":1}},"187":{"start":{"line":193,"column":14},"end":{"line":193,"column":24}},"188":{"start":{"line":194,"column":16},"end":{"line":194,"column":24}},"189":{"start":{"line":195,"column":2},"end":{"line":195,"column":73}},"190":{"start":{"line":195,"column":40},"end":{"line":195,"column":73}},"191":{"start":{"line":196,"column":2},"end":{"line":196,"column":20}},"192":{"start":{"line":192,"column":13},"end":{"line":192,"column":18}},"193":{"start":{"line":201,"column":21},"end":{"line":204,"column":1}},"194":{"start":{"line":202,"column":2},"end":{"line":202,"column":54}},"195":{"start":{"line":202,"column":28},"end":{"line":202,"column":54}},"196":{"start":{"line":203,"column":2},"end":{"line":203,"column":31}},"197":{"start":{"line":201,"column":13},"end":{"line":201,"column":21}},"198":{"start":{"line":206,"column":20},"end":{"line":210,"column":1}},"199":{"start":{"line":207,"column":14},"end":{"line":207,"column":29}},"200":{"start":{"line":208,"column":16},"end":{"line":208,"column":29}},"201":{"start":{"line":209,"column":2},"end":{"line":209,"column":61}},"202":{"start":{"line":206,"column":13},"end":{"line":206,"column":20}},"203":{"start":{"line":212,"column":22},"end":{"line":219,"column":1}},"204":{"start":{"line":213,"column":28},"end":{"line":213,"column":30}},"205":{"start":{"line":214,"column":2},"end":{"line":217,"column":3}},"206":{"start":{"line":215,"column":4},"end":{"line":215,"column":17}},"207":{"start":{"line":216,"column":4},"end":{"line":216,"column":61}},"208":{"start":{"line":216,"column":43},"end":{"line":216,"column":61}},"209":{"start":{"line":218,"column":2},"end":{"line":218,"column":16}},"210":{"start":{"line":212,"column":13},"end":{"line":212,"column":22}},"211":{"start":{"line":221,"column":23},"end":{"line":226,"column":1}},"212":{"start":{"line":222,"column":15},"end":{"line":222,"column":25}},"213":{"start":{"line":223,"column":17},"end":{"line":223,"column":28}},"214":{"start":{"line":224,"column":2},"end":{"line":224,"column":77}},"215":{"start":{"line":224,"column":15},"end":{"line":224,"column":16}},"216":{"start":{"line":224,"column":35},"end":{"line":224,"column":77}},"217":{"start":{"line":224,"column":65},"end":{"line":224,"column":77}},"218":{"start":{"line":225,"column":2},"end":{"line":225,"column":15}},"219":{"start":{"line":221,"column":13},"end":{"line":221,"column":23}},"220":{"start":{"line":228,"column":24},"end":{"line":233,"column":1}},"221":{"start":{"line":229,"column":15},"end":{"line":229,"column":25}},"222":{"start":{"line":230,"column":17},"end":{"line":230,"column":28}},"223":{"start":{"line":231,"column":2},"end":{"line":231,"column":67}},"224":{"start":{"line":231,"column":15},"end":{"line":231,"column":16}},"225":{"start":{"line":231,"column":35},"end":{"line":231,"column":67}},"226":{"start":{"line":231,"column":55},"end":{"line":231,"column":67}},"227":{"start":{"line":232,"column":2},"end":{"line":232,"column":15}},"228":{"start":{"line":228,"column":13},"end":{"line":228,"column":24}},"229":{"start":{"line":235,"column":27},"end":{"line":245,"column":1}},"230":{"start":{"line":236,"column":18},"end":{"line":236,"column":37}},"231":{"start":{"line":237,"column":42},"end":{"line":237,"column":44}},"232":{"start":{"line":238,"column":2},"end":{"line":243,"column":3}},"233":{"start":{"line":239,"column":18},"end":{"line":239,"column":35}},"234":{"start":{"line":240,"column":25},"end":{"line":240,"column":37}},"235":{"start":{"line":241,"column":4},"end":{"line":241,"column":56}},"236":{"start":{"line":241,"column":28},"end":{"line":241,"column":56}},"237":{"start":{"line":242,"column":4},"end":{"line":242,"column":29}},"238":{"start":{"line":244,"column":2},"end":{"line":244,"column":16}},"239":{"start":{"line":235,"column":13},"end":{"line":235,"column":27}},"240":{"start":{"line":247,"column":23},"end":{"line":252,"column":1}},"241":{"start":{"line":248,"column":14},"end":{"line":248,"column":30}},"242":{"start":{"line":249,"column":17},"end":{"line":249,"column":27}},"243":{"start":{"line":250,"column":2},"end":{"line":250,"column":73}},"244":{"start":{"line":250,"column":15},"end":{"line":250,"column":16}},"245":{"start":{"line":250,"column":35},"end":{"line":250,"column":73}},"246":{"start":{"line":250,"column":64},"end":{"line":250,"column":73}},"247":{"start":{"line":251,"column":2},"end":{"line":251,"column":12}},"248":{"start":{"line":247,"column":13},"end":{"line":247,"column":23}},"249":{"start":{"line":254,"column":24},"end":{"line":259,"column":1}},"250":{"start":{"line":255,"column":14},"end":{"line":255,"column":30}},"251":{"start":{"line":256,"column":17},"end":{"line":256,"column":27}},"252":{"start":{"line":257,"column":2},"end":{"line":257,"column":63}},"253":{"start":{"line":257,"column":15},"end":{"line":257,"column":16}},"254":{"start":{"line":257,"column":35},"end":{"line":257,"column":63}},"255":{"start":{"line":257,"column":54},"end":{"line":257,"column":63}},"256":{"start":{"line":258,"column":2},"end":{"line":258,"column":12}},"257":{"start":{"line":254,"column":13},"end":{"line":254,"column":24}},"258":{"start":{"line":261,"column":19},"end":{"line":268,"column":1}},"259":{"start":{"line":262,"column":15},"end":{"line":262,"column":31}},"260":{"start":{"line":263,"column":15},"end":{"line":263,"column":31}},"261":{"start":{"line":264,"column":17},"end":{"line":264,"column":51}},"262":{"start":{"line":265,"column":39},"end":{"line":265,"column":41}},"263":{"start":{"line":266,"column":2},"end":{"line":266,"column":67}},"264":{"start":{"line":266,"column":15},"end":{"line":266,"column":16}},"265":{"start":{"line":266,"column":35},"end":{"line":266,"column":67}},"266":{"start":{"line":267,"column":2},"end":{"line":267,"column":16}},"267":{"start":{"line":261,"column":13},"end":{"line":261,"column":19}},"268":{"start":{"line":270,"column":22},"end":{"line":277,"column":1}},"269":{"start":{"line":271,"column":17},"end":{"line":274,"column":4}},"270":{"start":{"line":272,"column":4},"end":{"line":272,"column":28}},"271":{"start":{"line":273,"column":4},"end":{"line":273,"column":17}},"272":{"start":{"line":275,"column":2},"end":{"line":275,"column":20}},"273":{"start":{"line":276,"column":2},"end":{"line":276,"column":16}},"274":{"start":{"line":270,"column":13},"end":{"line":270,"column":22}},"275":{"start":{"line":279,"column":19},"end":{"line":286,"column":1}},"276":{"start":{"line":280,"column":17},"end":{"line":283,"column":4}},"277":{"start":{"line":281,"column":4},"end":{"line":281,"column":28}},"278":{"start":{"line":282,"column":4},"end":{"line":282,"column":17}},"279":{"start":{"line":284,"column":2},"end":{"line":284,"column":20}},"280":{"start":{"line":285,"column":2},"end":{"line":285,"column":16}},"281":{"start":{"line":279,"column":13},"end":{"line":279,"column":19}},"282":{"start":{"line":288,"column":22},"end":{"line":306,"column":1}},"283":{"start":{"line":296,"column":2},"end":{"line":296,"column":34}},"284":{"start":{"line":297,"column":2},"end":{"line":301,"column":3}},"285":{"start":{"line":298,"column":4},"end":{"line":298,"column":28}},"286":{"start":{"line":299,"column":16},"end":{"line":299,"column":21}},"287":{"start":{"line":300,"column":4},"end":{"line":300,"column":27}},"288":{"start":{"line":302,"column":17},"end":{"line":302,"column":34}},"289":{"start":{"line":303,"column":2},"end":{"line":303,"column":20}},"290":{"start":{"line":304,"column":2},"end":{"line":304,"column":20}},"291":{"start":{"line":305,"column":2},"end":{"line":305,"column":16}},"292":{"start":{"line":288,"column":13},"end":{"line":288,"column":22}},"293":{"start":{"line":310,"column":21},"end":{"line":313,"column":1}},"294":{"start":{"line":311,"column":2},"end":{"line":311,"column":55}},"295":{"start":{"line":311,"column":32},"end":{"line":311,"column":55}},"296":{"start":{"line":312,"column":2},"end":{"line":312,"column":32}},"297":{"start":{"line":310,"column":13},"end":{"line":310,"column":21}},"298":{"start":{"line":315,"column":20},"end":{"line":315,"column":75}},"299":{"start":{"line":315,"column":50},"end":{"line":315,"column":75}},"300":{"start":{"line":315,"column":13},"end":{"line":315,"column":20}},"301":{"start":{"line":317,"column":22},"end":{"line":323,"column":1}},"302":{"start":{"line":318,"column":28},"end":{"line":318,"column":30}},"303":{"start":{"line":319,"column":18},"end":{"line":319,"column":29}},"304":{"start":{"line":320,"column":17},"end":{"line":320,"column":31}},"305":{"start":{"line":321,"column":2},"end":{"line":321,"column":75}},"306":{"start":{"line":321,"column":15},"end":{"line":321,"column":16}},"307":{"start":{"line":321,"column":35},"end":{"line":321,"column":75}},"308":{"start":{"line":322,"column":2},"end":{"line":322,"column":16}},"309":{"start":{"line":317,"column":13},"end":{"line":317,"column":22}},"310":{"start":{"line":325,"column":23},"end":{"line":334,"column":1}},"311":{"start":{"line":326,"column":51},"end":{"line":326,"column":53}},"312":{"start":{"line":327,"column":18},"end":{"line":327,"column":29}},"313":{"start":{"line":328,"column":17},"end":{"line":328,"column":31}},"314":{"start":{"line":329,"column":2},"end":{"line":332,"column":3}},"315":{"start":{"line":329,"column":15},"end":{"line":329,"column":16}},"316":{"start":{"line":330,"column":16},"end":{"line":330,"column":26}},"317":{"start":{"line":331,"column":4},"end":{"line":331,"column":45}},"318":{"start":{"line":333,"column":2},"end":{"line":333,"column":17}},"319":{"start":{"line":325,"column":13},"end":{"line":325,"column":23}},"320":{"start":{"line":336,"column":25},"end":{"line":341,"column":1}},"321":{"start":{"line":337,"column":15},"end":{"line":337,"column":23}},"322":{"start":{"line":338,"column":2},"end":{"line":338,"column":57}},"323":{"start":{"line":338,"column":28},"end":{"line":338,"column":57}},"324":{"start":{"line":339,"column":2},"end":{"line":339,"column":20}},"325":{"start":{"line":340,"column":2},"end":{"line":340,"column":13}},"326":{"start":{"line":336,"column":13},"end":{"line":336,"column":25}},"327":{"start":{"line":343,"column":25},"end":{"line":346,"column":1}},"328":{"start":{"line":344,"column":2},"end":{"line":344,"column":18}},"329":{"start":{"line":345,"column":2},"end":{"line":345,"column":13}},"330":{"start":{"line":343,"column":13},"end":{"line":343,"column":25}},"331":{"start":{"line":350,"column":25},"end":{"line":353,"column":1}},"332":{"start":{"line":351,"column":2},"end":{"line":352,"column":19}},"333":{"start":{"line":351,"column":28},"end":{"line":351,"column":54}},"334":{"start":{"line":352,"column":7},"end":{"line":352,"column":19}},"335":{"start":{"line":350,"column":13},"end":{"line":350,"column":25}},"336":{"start":{"line":355,"column":25},"end":{"line":360,"column":1}},"337":{"start":{"line":356,"column":2},"end":{"line":359,"column":22}},"338":{"start":{"line":357,"column":4},"end":{"line":357,"column":64}},"339":{"start":{"line":357,"column":28},"end":{"line":357,"column":64}},"340":{"start":{"line":358,"column":4},"end":{"line":358,"column":20}},"341":{"start":{"line":359,"column":9},"end":{"line":359,"column":22}},"342":{"start":{"line":355,"column":13},"end":{"line":355,"column":25}},"343":{"start":{"line":362,"column":23},"end":{"line":362,"column":99}},"344":{"start":{"line":362,"column":60},"end":{"line":362,"column":98}},"345":{"start":{"line":362,"column":13},"end":{"line":362,"column":23}},"346":{"start":{"line":364,"column":32},"end":{"line":366,"column":1}},"347":{"start":{"line":365,"column":2},"end":{"line":365,"column":102}},"348":{"start":{"line":365,"column":33},"end":{"line":365,"column":102}},"349":{"start":{"line":364,"column":13},"end":{"line":364,"column":32}},"350":{"start":{"line":368,"column":35},"end":{"line":370,"column":1}},"351":{"start":{"line":369,"column":2},"end":{"line":369,"column":96}},"352":{"start":{"line":369,"column":23},"end":{"line":369,"column":96}},"353":{"start":{"line":368,"column":13},"end":{"line":368,"column":35}},"354":{"start":{"line":372,"column":27},"end":{"line":380,"column":1}},"355":{"start":{"line":373,"column":2},"end":{"line":373,"column":21}},"356":{"start":{"line":373,"column":14},"end":{"line":373,"column":21}},"357":{"start":{"line":374,"column":2},"end":{"line":379,"column":43}},"358":{"start":{"line":375,"column":23},"end":{"line":375,"column":28}},"359":{"start":{"line":376,"column":4},"end":{"line":376,"column":107}},"360":{"start":{"line":376,"column":31},"end":{"line":376,"column":107}},"361":{"start":{"line":377,"column":4},"end":{"line":377,"column":120}},"362":{"start":{"line":377,"column":45},"end":{"line":377,"column":120}},"363":{"start":{"line":378,"column":9},"end":{"line":379,"column":43}},"364":{"start":{"line":378,"column":27},"end":{"line":378,"column":67}},"365":{"start":{"line":379,"column":7},"end":{"line":379,"column":43}},"366":{"start":{"line":372,"column":13},"end":{"line":372,"column":27}},"367":{"start":{"line":382,"column":30},"end":{"line":390,"column":1}},"368":{"start":{"line":383,"column":27},"end":{"line":383,"column":36}},"369":{"start":{"line":384,"column":2},"end":{"line":388,"column":3}},"370":{"start":{"line":385,"column":28},"end":{"line":385,"column":36}},"371":{"start":{"line":386,"column":4},"end":{"line":386,"column":28}},"372":{"start":{"line":387,"column":4},"end":{"line":387,"column":58}},"373":{"start":{"line":387,"column":33},"end":{"line":387,"column":58}},"374":{"start":{"line":389,"column":2},"end":{"line":389,"column":13}},"375":{"start":{"line":382,"column":13},"end":{"line":382,"column":30}},"376":{"start":{"line":392,"column":24},"end":{"line":397,"column":1}},"377":{"start":{"line":393,"column":2},"end":{"line":393,"column":41}},"378":{"start":{"line":393,"column":23},"end":{"line":393,"column":41}},"379":{"start":{"line":394,"column":21},"end":{"line":394,"column":38}},"380":{"start":{"line":395,"column":2},"end":{"line":395,"column":43}},"381":{"start":{"line":395,"column":25},"end":{"line":395,"column":43}},"382":{"start":{"line":396,"column":2},"end":{"line":396,"column":61}},"383":{"start":{"line":392,"column":13},"end":{"line":392,"column":24}}},"fnMap":{"0":{"name":"(anonymous_0)","decl":{"start":{"line":8,"column":19},"end":{"line":8,"column":20}},"loc":{"start":{"line":8,"column":52},"end":{"line":8,"column":76}}},"1":{"name":"(anonymous_1)","decl":{"start":{"line":10,"column":28},"end":{"line":10,"column":29}},"loc":{"start":{"line":10,"column":62},"end":{"line":14,"column":1}}},"2":{"name":"(anonymous_2)","decl":{"start":{"line":18,"column":20},"end":{"line":18,"column":21}},"loc":{"start":{"line":18,"column":47},"end":{"line":23,"column":1}}},"3":{"name":"(anonymous_3)","decl":{"start":{"line":25,"column":19},"end":{"line":25,"column":20}},"loc":{"start":{"line":25,"column":47},"end":{"line":25,"column":70}}},"4":{"name":"(anonymous_4)","decl":{"start":{"line":26,"column":19},"end":{"line":26,"column":20}},"loc":{"start":{"line":26,"column":47},"end":{"line":26,"column":66}}},"5":{"name":"(anonymous_5)","decl":{"start":{"line":28,"column":19},"end":{"line":28,"column":20}},"loc":{"start":{"line":28,"column":46},"end":{"line":31,"column":1}}},"6":{"name":"(anonymous_6)","decl":{"start":{"line":35,"column":19},"end":{"line":35,"column":20}},"loc":{"start":{"line":35,"column":52},"end":{"line":35,"column":78}}},"7":{"name":"(anonymous_7)","decl":{"start":{"line":36,"column":27},"end":{"line":36,"column":28}},"loc":{"start":{"line":36,"column":70},"end":{"line":36,"column":92}}},"8":{"name":"(anonymous_8)","decl":{"start":{"line":37,"column":27},"end":{"line":37,"column":28}},"loc":{"start":{"line":37,"column":70},"end":{"line":37,"column":93}}},"9":{"name":"(anonymous_9)","decl":{"start":{"line":38,"column":27},"end":{"line":38,"column":28}},"loc":{"start":{"line":38,"column":70},"end":{"line":38,"column":93}}},"10":{"name":"(anonymous_10)","decl":{"start":{"line":39,"column":27},"end":{"line":39,"column":28}},"loc":{"start":{"line":39,"column":70},"end":{"line":39,"column":94}}},"11":{"name":"(anonymous_11)","decl":{"start":{"line":43,"column":21},"end":{"line":43,"column":22}},"loc":{"start":{"line":43,"column":48},"end":{"line":48,"column":1}}},"12":{"name":"(anonymous_12)","decl":{"start":{"line":50,"column":19},"end":{"line":50,"column":20}},"loc":{"start":{"line":50,"column":46},"end":{"line":55,"column":1}}},"13":{"name":"(anonymous_13)","decl":{"start":{"line":59,"column":19},"end":{"line":59,"column":20}},"loc":{"start":{"line":59,"column":46},"end":{"line":72,"column":1}}},"14":{"name":"(anonymous_14)","decl":{"start":{"line":74,"column":22},"end":{"line":74,"column":23}},"loc":{"start":{"line":74,"column":70},"end":{"line":99,"column":1}}},"15":{"name":"(anonymous_15)","decl":{"start":{"line":101,"column":21},"end":{"line":101,"column":22}},"loc":{"start":{"line":101,"column":52},"end":{"line":104,"column":1}}},"16":{"name":"(anonymous_16)","decl":{"start":{"line":108,"column":21},"end":{"line":108,"column":22}},"loc":{"start":{"line":108,"column":48},"end":{"line":111,"column":1}}},"17":{"name":"(anonymous_17)","decl":{"start":{"line":113,"column":22},"end":{"line":113,"column":23}},"loc":{"start":{"line":113,"column":66},"end":{"line":115,"column":1}}},"18":{"name":"(anonymous_18)","decl":{"start":{"line":117,"column":24},"end":{"line":117,"column":25}},"loc":{"start":{"line":117,"column":68},"end":{"line":119,"column":1}}},"19":{"name":"(anonymous_19)","decl":{"start":{"line":121,"column":20},"end":{"line":121,"column":21}},"loc":{"start":{"line":121,"column":64},"end":{"line":123,"column":1}}},"20":{"name":"(anonymous_20)","decl":{"start":{"line":125,"column":22},"end":{"line":125,"column":23}},"loc":{"start":{"line":126,"column":2},"end":{"line":126,"column":47}}},"21":{"name":"(anonymous_21)","decl":{"start":{"line":144,"column":23},"end":{"line":144,"column":24}},"loc":{"start":{"line":144,"column":52},"end":{"line":144,"column":102}}},"22":{"name":"(anonymous_22)","decl":{"start":{"line":145,"column":26},"end":{"line":145,"column":27}},"loc":{"start":{"line":145,"column":55},"end":{"line":145,"column":108}}},"23":{"name":"(anonymous_23)","decl":{"start":{"line":146,"column":21},"end":{"line":146,"column":22}},"loc":{"start":{"line":146,"column":50},"end":{"line":146,"column":98}}},"24":{"name":"(anonymous_24)","decl":{"start":{"line":147,"column":21},"end":{"line":147,"column":22}},"loc":{"start":{"line":147,"column":50},"end":{"line":147,"column":98}}},"25":{"name":"(anonymous_25)","decl":{"start":{"line":148,"column":22},"end":{"line":148,"column":23}},"loc":{"start":{"line":148,"column":51},"end":{"line":148,"column":100}}},"26":{"name":"(anonymous_26)","decl":{"start":{"line":149,"column":21},"end":{"line":149,"column":22}},"loc":{"start":{"line":150,"column":2},"end":{"line":150,"column":86}}},"27":{"name":"(anonymous_27)","decl":{"start":{"line":151,"column":26},"end":{"line":151,"column":27}},"loc":{"start":{"line":151,"column":55},"end":{"line":151,"column":108}}},"28":{"name":"(anonymous_28)","decl":{"start":{"line":154,"column":19},"end":{"line":154,"column":20}},"loc":{"start":{"line":154,"column":46},"end":{"line":154,"column":102}}},"29":{"name":"(anonymous_29)","decl":{"start":{"line":156,"column":22},"end":{"line":156,"column":23}},"loc":{"start":{"line":156,"column":50},"end":{"line":164,"column":1}}},"30":{"name":"(anonymous_30)","decl":{"start":{"line":166,"column":22},"end":{"line":166,"column":23}},"loc":{"start":{"line":166,"column":50},"end":{"line":182,"column":1}}},"31":{"name":"(anonymous_31)","decl":{"start":{"line":184,"column":26},"end":{"line":184,"column":27}},"loc":{"start":{"line":184,"column":52},"end":{"line":188,"column":1}}},"32":{"name":"(anonymous_32)","decl":{"start":{"line":192,"column":18},"end":{"line":192,"column":19}},"loc":{"start":{"line":192,"column":49},"end":{"line":197,"column":1}}},"33":{"name":"(anonymous_33)","decl":{"start":{"line":201,"column":21},"end":{"line":201,"column":22}},"loc":{"start":{"line":201,"column":51},"end":{"line":204,"column":1}}},"34":{"name":"(anonymous_34)","decl":{"start":{"line":206,"column":20},"end":{"line":206,"column":21}},"loc":{"start":{"line":206,"column":70},"end":{"line":210,"column":1}}},"35":{"name":"(anonymous_35)","decl":{"start":{"line":212,"column":22},"end":{"line":212,"column":23}},"loc":{"start":{"line":212,"column":55},"end":{"line":219,"column":1}}},"36":{"name":"(anonymous_36)","decl":{"start":{"line":221,"column":23},"end":{"line":221,"column":24}},"loc":{"start":{"line":221,"column":64},"end":{"line":226,"column":1}}},"37":{"name":"(anonymous_37)","decl":{"start":{"line":228,"column":24},"end":{"line":228,"column":25}},"loc":{"start":{"line":228,"column":85},"end":{"line":233,"column":1}}},"38":{"name":"(anonymous_38)","decl":{"start":{"line":235,"column":27},"end":{"line":235,"column":28}},"loc":{"start":{"line":235,"column":78},"end":{"line":245,"column":1}}},"39":{"name":"(anonymous_39)","decl":{"start":{"line":247,"column":23},"end":{"line":247,"column":24}},"loc":{"start":{"line":247,"column":74},"end":{"line":252,"column":1}}},"40":{"name":"(anonymous_40)","decl":{"start":{"line":254,"column":24},"end":{"line":254,"column":25}},"loc":{"start":{"line":254,"column":95},"end":{"line":259,"column":1}}},"41":{"name":"(anonymous_41)","decl":{"start":{"line":261,"column":19},"end":{"line":261,"column":20}},"loc":{"start":{"line":261,"column":84},"end":{"line":268,"column":1}}},"42":{"name":"(anonymous_42)","decl":{"start":{"line":270,"column":22},"end":{"line":270,"column":23}},"loc":{"start":{"line":270,"column":99},"end":{"line":277,"column":1}}},"43":{"name":"(anonymous_43)","decl":{"start":{"line":271,"column":28},"end":{"line":271,"column":29}},"loc":{"start":{"line":271,"column":37},"end":{"line":274,"column":3}}},"44":{"name":"(anonymous_44)","decl":{"start":{"line":279,"column":19},"end":{"line":279,"column":20}},"loc":{"start":{"line":279,"column":96},"end":{"line":286,"column":1}}},"45":{"name":"(anonymous_45)","decl":{"start":{"line":280,"column":25},"end":{"line":280,"column":26}},"loc":{"start":{"line":280,"column":34},"end":{"line":283,"column":3}}},"46":{"name":"(anonymous_46)","decl":{"start":{"line":288,"column":22},"end":{"line":288,"column":null}},"loc":{"start":{"line":295,"column":13},"end":{"line":306,"column":1}}},"47":{"name":"(anonymous_47)","decl":{"start":{"line":310,"column":21},"end":{"line":310,"column":22}},"loc":{"start":{"line":310,"column":48},"end":{"line":313,"column":1}}},"48":{"name":"(anonymous_48)","decl":{"start":{"line":315,"column":20},"end":{"line":315,"column":21}},"loc":{"start":{"line":315,"column":50},"end":{"line":315,"column":75}}},"49":{"name":"(anonymous_49)","decl":{"start":{"line":317,"column":22},"end":{"line":317,"column":23}},"loc":{"start":{"line":317,"column":52},"end":{"line":323,"column":1}}},"50":{"name":"(anonymous_50)","decl":{"start":{"line":325,"column":23},"end":{"line":325,"column":24}},"loc":{"start":{"line":325,"column":75},"end":{"line":334,"column":1}}},"51":{"name":"(anonymous_51)","decl":{"start":{"line":336,"column":25},"end":{"line":336,"column":26}},"loc":{"start":{"line":336,"column":112},"end":{"line":341,"column":1}}},"52":{"name":"(anonymous_52)","decl":{"start":{"line":343,"column":25},"end":{"line":343,"column":26}},"loc":{"start":{"line":343,"column":96},"end":{"line":346,"column":1}}},"53":{"name":"(anonymous_53)","decl":{"start":{"line":350,"column":25},"end":{"line":350,"column":26}},"loc":{"start":{"line":350,"column":53},"end":{"line":353,"column":1}}},"54":{"name":"(anonymous_54)","decl":{"start":{"line":355,"column":25},"end":{"line":355,"column":29}},"loc":{"start":{"line":355,"column":53},"end":{"line":360,"column":1}}},"55":{"name":"(anonymous_55)","decl":{"start":{"line":362,"column":23},"end":{"line":362,"column":37}},"loc":{"start":{"line":362,"column":60},"end":{"line":362,"column":98}}},"56":{"name":"(anonymous_56)","decl":{"start":{"line":364,"column":32},"end":{"line":364,"column":33}},"loc":{"start":{"line":364,"column":92},"end":{"line":366,"column":1}}},"57":{"name":"(anonymous_57)","decl":{"start":{"line":368,"column":35},"end":{"line":368,"column":36}},"loc":{"start":{"line":368,"column":80},"end":{"line":370,"column":1}}},"58":{"name":"(anonymous_58)","decl":{"start":{"line":372,"column":27},"end":{"line":372,"column":28}},"loc":{"start":{"line":372,"column":116},"end":{"line":380,"column":1}}},"59":{"name":"(anonymous_59)","decl":{"start":{"line":382,"column":30},"end":{"line":382,"column":31}},"loc":{"start":{"line":382,"column":91},"end":{"line":390,"column":1}}},"60":{"name":"(anonymous_60)","decl":{"start":{"line":392,"column":24},"end":{"line":392,"column":25}},"loc":{"start":{"line":392,"column":74},"end":{"line":397,"column":1}}}},"branchMap":{"0":{"loc":{"start":{"line":11,"column":2},"end":{"line":11,"column":40}},"type":"if","locations":[{"start":{"line":11,"column":2},"end":{"line":11,"column":40}}]},"1":{"loc":{"start":{"line":12,"column":2},"end":{"line":12,"column":54}},"type":"if","locations":[{"start":{"line":12,"column":2},"end":{"line":12,"column":54}}]},"2":{"loc":{"start":{"line":19,"column":2},"end":{"line":19,"column":36}},"type":"if","locations":[{"start":{"line":19,"column":2},"end":{"line":19,"column":36}}]},"3":{"loc":{"start":{"line":20,"column":2},"end":{"line":20,"column":43}},"type":"if","locations":[{"start":{"line":20,"column":2},"end":{"line":20,"column":43}}]},"4":{"loc":{"start":{"line":21,"column":2},"end":{"line":21,"column":51}},"type":"if","locations":[{"start":{"line":21,"column":2},"end":{"line":21,"column":51}}]},"5":{"loc":{"start":{"line":25,"column":47},"end":{"line":25,"column":70}},"type":"binary-expr","locations":[{"start":{"line":25,"column":47},"end":{"line":25,"column":65}},{"start":{"line":25,"column":69},"end":{"line":25,"column":70}}]},"6":{"loc":{"start":{"line":29,"column":2},"end":{"line":29,"column":51}},"type":"if","locations":[{"start":{"line":29,"column":2},"end":{"line":29,"column":51}}]},"7":{"loc":{"start":{"line":35,"column":52},"end":{"line":35,"column":78}},"type":"cond-expr","locations":[{"start":{"line":35,"column":60},"end":{"line":35,"column":61}},{"start":{"line":35,"column":64},"end":{"line":35,"column":78}}]},"8":{"loc":{"start":{"line":35,"column":64},"end":{"line":35,"column":78}},"type":"cond-expr","locations":[{"start":{"line":35,"column":72},"end":{"line":35,"column":74}},{"start":{"line":35,"column":77},"end":{"line":35,"column":78}}]},"9":{"loc":{"start":{"line":36,"column":70},"end":{"line":36,"column":92}},"type":"binary-expr","locations":[{"start":{"line":36,"column":70},"end":{"line":36,"column":79}},{"start":{"line":36,"column":83},"end":{"line":36,"column":92}}]},"10":{"loc":{"start":{"line":37,"column":70},"end":{"line":37,"column":93}},"type":"binary-expr","locations":[{"start":{"line":37,"column":70},"end":{"line":37,"column":79}},{"start":{"line":37,"column":83},"end":{"line":37,"column":93}}]},"11":{"loc":{"start":{"line":38,"column":70},"end":{"line":38,"column":93}},"type":"binary-expr","locations":[{"start":{"line":38,"column":70},"end":{"line":38,"column":80}},{"start":{"line":38,"column":84},"end":{"line":38,"column":93}}]},"12":{"loc":{"start":{"line":39,"column":70},"end":{"line":39,"column":94}},"type":"binary-expr","locations":[{"start":{"line":39,"column":70},"end":{"line":39,"column":80}},{"start":{"line":39,"column":84},"end":{"line":39,"column":94}}]},"13":{"loc":{"start":{"line":45,"column":2},"end":{"line":45,"column":57}},"type":"if","locations":[{"start":{"line":45,"column":2},"end":{"line":45,"column":57}}]},"14":{"loc":{"start":{"line":47,"column":9},"end":{"line":47,"column":39}},"type":"cond-expr","locations":[{"start":{"line":47,"column":32},"end":{"line":47,"column":35}},{"start":{"line":47,"column":38},"end":{"line":47,"column":39}}]},"15":{"loc":{"start":{"line":52,"column":2},"end":{"line":52,"column":57}},"type":"if","locations":[{"start":{"line":52,"column":2},"end":{"line":52,"column":57}}]},"16":{"loc":{"start":{"line":54,"column":9},"end":{"line":54,"column":39}},"type":"cond-expr","locations":[{"start":{"line":54,"column":32},"end":{"line":54,"column":35}},{"start":{"line":54,"column":38},"end":{"line":54,"column":39}}]},"17":{"loc":{"start":{"line":60,"column":2},"end":{"line":71,"column":3}},"type":"switch","locations":[{"start":{"line":61,"column":4},"end":{"line":62,"column":26}},{"start":{"line":63,"column":4},"end":{"line":68,"column":5}},{"start":{"line":69,"column":4},"end":{"line":70,"column":15}}]},"18":{"loc":{"start":{"line":64,"column":6},"end":{"line":64,"column":52}},"type":"if","locations":[{"start":{"line":64,"column":6},"end":{"line":64,"column":52}}]},"19":{"loc":{"start":{"line":65,"column":6},"end":{"line":65,"column":59}},"type":"if","locations":[{"start":{"line":65,"column":6},"end":{"line":65,"column":59}}]},"20":{"loc":{"start":{"line":66,"column":6},"end":{"line":66,"column":27}},"type":"if","locations":[{"start":{"line":66,"column":6},"end":{"line":66,"column":27}}]},"21":{"loc":{"start":{"line":75,"column":2},"end":{"line":98,"column":3}},"type":"switch","locations":[{"start":{"line":76,"column":4},"end":{"line":80,"column":5}},{"start":{"line":81,"column":4},"end":{"line":95,"column":5}},{"start":{"line":96,"column":4},"end":{"line":97,"column":39}}]},"22":{"loc":{"start":{"line":78,"column":6},"end":{"line":78,"column":59}},"type":"if","locations":[{"start":{"line":78,"column":6},"end":{"line":78,"column":59}}]},"23":{"loc":{"start":{"line":78,"column":10},"end":{"line":78,"column":40}},"type":"binary-expr","locations":[{"start":{"line":78,"column":10},"end":{"line":78,"column":15}},{"start":{"line":78,"column":19},"end":{"line":78,"column":40}}]},"24":{"loc":{"start":{"line":82,"column":6},"end":{"line":82,"column":55}},"type":"if","locations":[{"start":{"line":82,"column":6},"end":{"line":82,"column":55}}]},"25":{"loc":{"start":{"line":83,"column":6},"end":{"line":87,"column":7}},"type":"if","locations":[{"start":{"line":83,"column":6},"end":{"line":87,"column":7}}]},"26":{"loc":{"start":{"line":83,"column":10},"end":{"line":83,"column":69}},"type":"binary-expr","locations":[{"start":{"line":83,"column":10},"end":{"line":83,"column":34}},{"start":{"line":83,"column":38},"end":{"line":83,"column":69}}]},"27":{"loc":{"start":{"line":85,"column":8},"end":{"line":85,"column":61}},"type":"if","locations":[{"start":{"line":85,"column":8},"end":{"line":85,"column":61}}]},"28":{"loc":{"start":{"line":85,"column":12},"end":{"line":85,"column":42}},"type":"binary-expr","locations":[{"start":{"line":85,"column":12},"end":{"line":85,"column":17}},{"start":{"line":85,"column":21},"end":{"line":85,"column":42}}]},"29":{"loc":{"start":{"line":88,"column":6},"end":{"line":94,"column":7}},"type":"switch","locations":[{"start":{"line":89,"column":8},"end":{"line":89,"column":22}},{"start":{"line":90,"column":8},"end":{"line":91,"column":43}},{"start":{"line":92,"column":8},"end":{"line":93,"column":46}}]},"30":{"loc":{"start":{"line":102,"column":2},"end":{"line":102,"column":48}},"type":"if","locations":[{"start":{"line":102,"column":2},"end":{"line":102,"column":48}}]},"31":{"loc":{"start":{"line":109,"column":2},"end":{"line":109,"column":46}},"type":"if","locations":[{"start":{"line":109,"column":2},"end":{"line":109,"column":46}}]},"32":{"loc":{"start":{"line":144,"column":52},"end":{"line":144,"column":102}},"type":"binary-expr","locations":[{"start":{"line":144,"column":52},"end":{"line":144,"column":77}},{"start":{"line":144,"column":81},"end":{"line":144,"column":102}}]},"33":{"loc":{"start":{"line":145,"column":55},"end":{"line":145,"column":108}},"type":"binary-expr","locations":[{"start":{"line":145,"column":55},"end":{"line":145,"column":80}},{"start":{"line":145,"column":84},"end":{"line":145,"column":108}}]},"34":{"loc":{"start":{"line":146,"column":50},"end":{"line":146,"column":98}},"type":"binary-expr","locations":[{"start":{"line":146,"column":50},"end":{"line":146,"column":75}},{"start":{"line":146,"column":79},"end":{"line":146,"column":98}}]},"35":{"loc":{"start":{"line":147,"column":50},"end":{"line":147,"column":98}},"type":"binary-expr","locations":[{"start":{"line":147,"column":50},"end":{"line":147,"column":75}},{"start":{"line":147,"column":79},"end":{"line":147,"column":98}}]},"36":{"loc":{"start":{"line":148,"column":51},"end":{"line":148,"column":100}},"type":"binary-expr","locations":[{"start":{"line":148,"column":51},"end":{"line":148,"column":76}},{"start":{"line":148,"column":80},"end":{"line":148,"column":100}}]},"37":{"loc":{"start":{"line":150,"column":2},"end":{"line":150,"column":86}},"type":"binary-expr","locations":[{"start":{"line":150,"column":2},"end":{"line":150,"column":27}},{"start":{"line":150,"column":31},"end":{"line":150,"column":63}},{"start":{"line":150,"column":67},"end":{"line":150,"column":86}}]},"38":{"loc":{"start":{"line":151,"column":55},"end":{"line":151,"column":108}},"type":"binary-expr","locations":[{"start":{"line":151,"column":55},"end":{"line":151,"column":80}},{"start":{"line":151,"column":84},"end":{"line":151,"column":108}}]},"39":{"loc":{"start":{"line":154,"column":46},"end":{"line":154,"column":102}},"type":"binary-expr","locations":[{"start":{"line":154,"column":46},"end":{"line":154,"column":60}},{"start":{"line":154,"column":65},"end":{"line":154,"column":81}},{"start":{"line":154,"column":85},"end":{"line":154,"column":101}}]},"40":{"loc":{"start":{"line":157,"column":2},"end":{"line":157,"column":46}},"type":"if","locations":[{"start":{"line":157,"column":2},"end":{"line":157,"column":46}}]},"41":{"loc":{"start":{"line":159,"column":2},"end":{"line":159,"column":29}},"type":"if","locations":[{"start":{"line":159,"column":2},"end":{"line":159,"column":29}}]},"42":{"loc":{"start":{"line":163,"column":9},"end":{"line":163,"column":109}},"type":"binary-expr","locations":[{"start":{"line":163,"column":9},"end":{"line":163,"column":19}},{"start":{"line":163,"column":23},"end":{"line":163,"column":34}},{"start":{"line":163,"column":38},"end":{"line":163,"column":46}},{"start":{"line":163,"column":50},"end":{"line":163,"column":109}}]},"43":{"loc":{"start":{"line":163,"column":58},"end":{"line":163,"column":108}},"type":"cond-expr","locations":[{"start":{"line":163,"column":92},"end":{"line":163,"column":94}},{"start":{"line":163,"column":97},"end":{"line":163,"column":108}}]},"44":{"loc":{"start":{"line":163,"column":58},"end":{"line":163,"column":89}},"type":"binary-expr","locations":[{"start":{"line":163,"column":58},"end":{"line":163,"column":69}},{"start":{"line":163,"column":73},"end":{"line":163,"column":89}}]},"45":{"loc":{"start":{"line":167,"column":2},"end":{"line":167,"column":46}},"type":"if","locations":[{"start":{"line":167,"column":2},"end":{"line":167,"column":46}}]},"46":{"loc":{"start":{"line":169,"column":2},"end":{"line":169,"column":29}},"type":"if","locations":[{"start":{"line":169,"column":2},"end":{"line":169,"column":29}}]},"47":{"loc":{"start":{"line":174,"column":25},"end":{"line":174,"column":52}},"type":"cond-expr","locations":[{"start":{"line":174,"column":46},"end":{"line":174,"column":48}},{"start":{"line":174,"column":51},"end":{"line":174,"column":52}}]},"48":{"loc":{"start":{"line":175,"column":24},"end":{"line":175,"column":39}},"type":"binary-expr","locations":[{"start":{"line":175,"column":24},"end":{"line":175,"column":34}},{"start":{"line":175,"column":38},"end":{"line":175,"column":39}}]},"49":{"loc":{"start":{"line":176,"column":24},"end":{"line":176,"column":39}},"type":"binary-expr","locations":[{"start":{"line":176,"column":24},"end":{"line":176,"column":34}},{"start":{"line":176,"column":38},"end":{"line":176,"column":39}}]},"50":{"loc":{"start":{"line":177,"column":2},"end":{"line":177,"column":48}},"type":"if","locations":[{"start":{"line":177,"column":2},"end":{"line":177,"column":48}}]},"51":{"loc":{"start":{"line":177,"column":6},"end":{"line":177,"column":33}},"type":"binary-expr","locations":[{"start":{"line":177,"column":6},"end":{"line":177,"column":14}},{"start":{"line":177,"column":18},"end":{"line":177,"column":26}},{"start":{"line":177,"column":30},"end":{"line":177,"column":33}}]},"52":{"loc":{"start":{"line":178,"column":2},"end":{"line":178,"column":53}},"type":"if","locations":[{"start":{"line":178,"column":2},"end":{"line":178,"column":53}}]},"53":{"loc":{"start":{"line":178,"column":6},"end":{"line":178,"column":39}},"type":"binary-expr","locations":[{"start":{"line":178,"column":6},"end":{"line":178,"column":14}},{"start":{"line":178,"column":18},"end":{"line":178,"column":27}},{"start":{"line":178,"column":31},"end":{"line":178,"column":39}}]},"54":{"loc":{"start":{"line":180,"column":37},"end":{"line":180,"column":55}},"type":"cond-expr","locations":[{"start":{"line":180,"column":50},"end":{"line":180,"column":51}},{"start":{"line":180,"column":54},"end":{"line":180,"column":55}}]},"55":{"loc":{"start":{"line":181,"column":9},"end":{"line":181,"column":87}},"type":"binary-expr","locations":[{"start":{"line":181,"column":10},"end":{"line":181,"column":22}},{"start":{"line":181,"column":26},"end":{"line":181,"column":38}},{"start":{"line":181,"column":44},"end":{"line":181,"column":57}},{"start":{"line":181,"column":61},"end":{"line":181,"column":74}},{"start":{"line":181,"column":79},"end":{"line":181,"column":87}}]},"56":{"loc":{"start":{"line":185,"column":2},"end":{"line":185,"column":44}},"type":"if","locations":[{"start":{"line":185,"column":2},"end":{"line":185,"column":44}}]},"57":{"loc":{"start":{"line":187,"column":9},"end":{"line":187,"column":76}},"type":"binary-expr","locations":[{"start":{"line":187,"column":9},"end":{"line":187,"column":30}},{"start":{"line":187,"column":34},"end":{"line":187,"column":53}},{"start":{"line":187,"column":57},"end":{"line":187,"column":76}}]},"58":{"loc":{"start":{"line":195,"column":2},"end":{"line":195,"column":73}},"type":"if","locations":[{"start":{"line":195,"column":2},"end":{"line":195,"column":73}}]},"59":{"loc":{"start":{"line":195,"column":6},"end":{"line":195,"column":38}},"type":"binary-expr","locations":[{"start":{"line":195,"column":6},"end":{"line":195,"column":15}},{"start":{"line":195,"column":19},"end":{"line":195,"column":38}}]},"60":{"loc":{"start":{"line":202,"column":2},"end":{"line":202,"column":54}},"type":"if","locations":[{"start":{"line":202,"column":2},"end":{"line":202,"column":54}}]},"61":{"loc":{"start":{"line":209,"column":9},"end":{"line":209,"column":60}},"type":"cond-expr","locations":[{"start":{"line":209,"column":22},"end":{"line":209,"column":41}},{"start":{"line":209,"column":44},"end":{"line":209,"column":60}}]},"62":{"loc":{"start":{"line":224,"column":35},"end":{"line":224,"column":77}},"type":"if","locations":[{"start":{"line":224,"column":35},"end":{"line":224,"column":77}}]},"63":{"loc":{"start":{"line":231,"column":35},"end":{"line":231,"column":67}},"type":"if","locations":[{"start":{"line":231,"column":35},"end":{"line":231,"column":67}}]},"64":{"loc":{"start":{"line":241,"column":4},"end":{"line":241,"column":56}},"type":"if","locations":[{"start":{"line":241,"column":4},"end":{"line":241,"column":56}}]},"65":{"loc":{"start":{"line":250,"column":35},"end":{"line":250,"column":73}},"type":"if","locations":[{"start":{"line":250,"column":35},"end":{"line":250,"column":73}}]},"66":{"loc":{"start":{"line":257,"column":35},"end":{"line":257,"column":63}},"type":"if","locations":[{"start":{"line":257,"column":35},"end":{"line":257,"column":63}}]},"67":{"loc":{"start":{"line":311,"column":2},"end":{"line":311,"column":55}},"type":"if","locations":[{"start":{"line":311,"column":2},"end":{"line":311,"column":55}}]},"68":{"loc":{"start":{"line":338,"column":2},"end":{"line":338,"column":57}},"type":"if","locations":[{"start":{"line":338,"column":2},"end":{"line":338,"column":57}}]},"69":{"loc":{"start":{"line":351,"column":2},"end":{"line":352,"column":19}},"type":"if","locations":[{"start":{"line":351,"column":2},"end":{"line":352,"column":19}},{"start":{"line":352,"column":7},"end":{"line":352,"column":19}}]},"70":{"loc":{"start":{"line":356,"column":2},"end":{"line":359,"column":22}},"type":"if","locations":[{"start":{"line":356,"column":2},"end":{"line":359,"column":22}},{"start":{"line":359,"column":9},"end":{"line":359,"column":22}}]},"71":{"loc":{"start":{"line":357,"column":4},"end":{"line":357,"column":64}},"type":"if","locations":[{"start":{"line":357,"column":4},"end":{"line":357,"column":64}}]},"72":{"loc":{"start":{"line":362,"column":60},"end":{"line":362,"column":98}},"type":"cond-expr","locations":[{"start":{"line":362,"column":83},"end":{"line":362,"column":90}},{"start":{"line":362,"column":93},"end":{"line":362,"column":98}}]},"73":{"loc":{"start":{"line":365,"column":2},"end":{"line":365,"column":102}},"type":"if","locations":[{"start":{"line":365,"column":2},"end":{"line":365,"column":102}}]},"74":{"loc":{"start":{"line":369,"column":2},"end":{"line":369,"column":96}},"type":"if","locations":[{"start":{"line":369,"column":2},"end":{"line":369,"column":96}}]},"75":{"loc":{"start":{"line":373,"column":2},"end":{"line":373,"column":21}},"type":"if","locations":[{"start":{"line":373,"column":2},"end":{"line":373,"column":21}}]},"76":{"loc":{"start":{"line":374,"column":2},"end":{"line":379,"column":43}},"type":"if","locations":[{"start":{"line":374,"column":2},"end":{"line":379,"column":43}},{"start":{"line":378,"column":9},"end":{"line":379,"column":43}}]},"77":{"loc":{"start":{"line":376,"column":4},"end":{"line":376,"column":107}},"type":"if","locations":[{"start":{"line":376,"column":4},"end":{"line":376,"column":107}}]},"78":{"loc":{"start":{"line":377,"column":4},"end":{"line":377,"column":120}},"type":"if","locations":[{"start":{"line":377,"column":4},"end":{"line":377,"column":120}}]},"79":{"loc":{"start":{"line":377,"column":8},"end":{"line":377,"column":43}},"type":"binary-expr","locations":[{"start":{"line":377,"column":8},"end":{"line":377,"column":18}},{"start":{"line":377,"column":22},"end":{"line":377,"column":43}}]},"80":{"loc":{"start":{"line":378,"column":9},"end":{"line":379,"column":43}},"type":"if","locations":[{"start":{"line":378,"column":9},"end":{"line":379,"column":43}},{"start":{"line":379,"column":7},"end":{"line":379,"column":43}}]},"81":{"loc":{"start":{"line":393,"column":2},"end":{"line":393,"column":41}},"type":"if","locations":[{"start":{"line":393,"column":2},"end":{"line":393,"column":41}}]},"82":{"loc":{"start":{"line":395,"column":2},"end":{"line":395,"column":43}},"type":"if","locations":[{"start":{"line":395,"column":2},"end":{"line":395,"column":43}}]}},"s":{"0":3,"1":3,"2":3,"3":0,"4":3,"5":3,"6":886,"7":870,"8":16,"9":4,"10":12,"11":3,"12":3,"13":91,"14":8,"15":83,"16":8,"17":75,"18":2,"19":73,"20":3,"21":3,"22":1196,"23":3,"24":3,"25":227,"26":3,"27":3,"28":401,"29":395,"30":6,"31":3,"32":3,"33":12,"34":3,"35":3,"36":22,"37":3,"38":3,"39":34,"40":3,"41":3,"42":30,"43":3,"44":3,"45":40,"46":3,"47":3,"48":46,"49":46,"50":4,"51":42,"52":42,"53":3,"54":3,"55":61,"56":61,"57":4,"58":57,"59":57,"60":3,"61":3,"62":32,"63":6,"64":20,"65":6,"66":14,"67":6,"68":8,"69":2,"70":6,"71":6,"72":3,"73":3,"74":51,"75":8,"76":8,"77":2,"78":6,"79":43,"80":0,"81":43,"82":30,"83":30,"84":4,"85":26,"86":13,"87":13,"88":0,"89":0,"90":3,"91":3,"92":12,"93":12,"94":0,"95":3,"96":3,"97":16,"98":16,"99":0,"100":3,"101":3,"102":46,"103":3,"104":3,"105":36,"106":3,"107":3,"108":36,"109":3,"110":3,"111":18,"112":3,"113":3,"114":3,"115":3,"116":3,"117":3,"118":3,"119":3,"120":3,"121":3,"122":3,"123":3,"124":3,"125":14,"126":3,"127":3,"128":18,"129":3,"130":3,"131":16,"132":3,"133":3,"134":16,"135":3,"136":3,"137":18,"138":3,"139":3,"140":20,"141":3,"142":3,"143":16,"144":3,"145":3,"146":3,"147":0,"148":3,"149":18,"150":8,"151":10,"152":10,"153":6,"154":4,"155":4,"156":4,"157":4,"158":3,"159":3,"160":18,"161":8,"162":10,"163":10,"164":6,"165":4,"166":4,"167":4,"168":4,"169":4,"170":4,"171":4,"172":4,"173":0,"174":4,"175":4,"176":0,"177":0,"178":0,"179":3,"180":3,"181":16,"182":8,"183":8,"184":8,"185":3,"186":3,"187":12,"188":12,"189":12,"190":4,"191":8,"192":3,"193":3,"194":231,"195":231,"196":0,"197":3,"198":3,"199":18,"200":18,"201":18,"202":3,"203":3,"204":15,"205":15,"206":38,"207":38,"208":45,"209":15,"210":3,"211":3,"212":66,"213":66,"214":66,"215":66,"216":120,"217":34,"218":32,"219":3,"220":3,"221":6,"222":6,"223":6,"224":6,"225":14,"226":4,"227":2,"228":3,"229":3,"230":8,"231":8,"232":8,"233":8,"234":8,"235":8,"236":0,"237":8,"238":8,"239":3,"240":3,"241":7,"242":7,"243":7,"244":7,"245":29,"246":7,"247":0,"248":3,"249":3,"250":1,"251":1,"252":1,"253":1,"254":5,"255":1,"256":0,"257":3,"258":3,"259":4,"260":4,"261":4,"262":4,"263":4,"264":4,"265":8,"266":4,"267":3,"268":3,"269":4,"270":26,"271":26,"272":4,"273":4,"274":3,"275":3,"276":4,"277":20,"278":20,"279":4,"280":4,"281":3,"282":3,"283":4,"284":4,"285":20,"286":20,"287":20,"288":4,"289":4,"290":4,"291":4,"292":3,"293":3,"294":27,"295":27,"296":0,"297":3,"298":3,"299":12,"300":3,"301":3,"302":4,"303":4,"304":4,"305":4,"306":4,"307":2,"308":4,"309":3,"310":3,"311":4,"312":4,"313":4,"314":4,"315":4,"316":2,"317":2,"318":4,"319":3,"320":3,"321":5,"322":5,"323":1,"324":4,"325":4,"326":3,"327":3,"328":5,"329":5,"330":3,"331":3,"332":0,"333":0,"334":0,"335":3,"336":3,"337":16,"338":0,"339":0,"340":0,"341":16,"342":3,"343":3,"344":0,"345":3,"346":3,"347":2462,"348":245,"349":3,"350":3,"351":1002,"352":58,"353":3,"354":3,"355":4516,"356":0,"357":4516,"358":1052,"359":1052,"360":0,"361":1052,"362":4,"363":3464,"364":2462,"365":1002,"366":3,"367":3,"368":3,"369":3,"370":273,"371":273,"372":273,"373":78,"374":3,"375":3,"376":3,"377":1084,"378":756,"379":328,"380":328,"381":328,"382":0,"383":3},"f":{"0":0,"1":886,"2":91,"3":1196,"4":227,"5":401,"6":12,"7":22,"8":34,"9":30,"10":40,"11":46,"12":61,"13":32,"14":51,"15":12,"16":16,"17":46,"18":36,"19":36,"20":18,"21":14,"22":18,"23":16,"24":16,"25":18,"26":20,"27":16,"28":0,"29":18,"30":18,"31":16,"32":12,"33":231,"34":18,"35":15,"36":66,"37":6,"38":8,"39":7,"40":1,"41":4,"42":4,"43":26,"44":4,"45":20,"46":4,"47":27,"48":12,"49":4,"50":4,"51":5,"52":5,"53":0,"54":16,"55":0,"56":2462,"57":1002,"58":4516,"59":3,"60":1084},"b":{"0":[870],"1":[4],"2":[8],"3":[8],"4":[2],"5":[1196,131],"6":[395],"7":[4,8],"8":[4,4],"9":[22,20],"10":[34,28],"11":[30,28],"12":[40,36],"13":[4],"14":[42,0],"15":[4],"16":[57,0],"17":[6,20,6],"18":[6],"19":[6],"20":[2],"21":[8,43,0],"22":[2],"23":[8,8],"24":[0],"25":[30],"26":[43,21],"27":[4],"28":[30,30],"29":[13,13,0],"30":[12],"31":[16],"32":[14,6],"33":[18,10],"34":[16,8],"35":[16,8],"36":[18,10],"37":[20,12,6],"38":[16,8],"39":[0,0,0],"40":[8],"41":[6],"42":[4,4,4,4],"43":[0,4],"44":[4,0],"45":[8],"46":[6],"47":[0,4],"48":[4,0],"49":[4,0],"50":[0],"51":[4,4,4],"52":[4],"53":[4,4,4],"54":[0,0],"55":[0,0,0,0,0],"56":[8],"57":[8,2,2],"58":[4],"59":[12,10],"60":[231],"61":[10,8],"62":[34],"63":[4],"64":[0],"65":[7],"66":[1],"67":[27],"68":[1],"69":[0,0],"70":[0,16],"71":[0],"72":[0,0],"73":[245],"74":[58],"75":[0],"76":[1052,3464],"77":[0],"78":[4],"79":[1052,1052],"80":[2462,1002],"81":[756],"82":[328]}}
,"/home/runner/work/json-expression/json-expression/src/__tests__/jsonExpressionCodegenTests.ts": {"path":"/home/runner/work/json-expression/json-expression/src/__tests__/jsonExpressionCodegenTests.ts","statementMap":{"0":{"start":{"line":10,"column":42},"end":{"line":816,"column":1}},"1":{"start":{"line":14,"column":2},"end":{"line":815,"column":5}},"2":{"start":{"line":15,"column":4},"end":{"line":29,"column":7}},"3":{"start":{"line":16,"column":6},"end":{"line":20,"column":9}},"4":{"start":{"line":17,"column":8},"end":{"line":17,"column":52}},"5":{"start":{"line":18,"column":8},"end":{"line":18,"column":50}},"6":{"start":{"line":19,"column":8},"end":{"line":19,"column":53}},"7":{"start":{"line":22,"column":6},"end":{"line":24,"column":9}},"8":{"start":{"line":23,"column":8},"end":{"line":23,"column":82}},"9":{"start":{"line":26,"column":6},"end":{"line":28,"column":9}},"10":{"start":{"line":27,"column":8},"end":{"line":27,"column":87}},"11":{"start":{"line":31,"column":4},"end":{"line":50,"column":7}},"12":{"start":{"line":32,"column":6},"end":{"line":37,"column":9}},"13":{"start":{"line":33,"column":8},"end":{"line":33,"column":35}},"14":{"start":{"line":34,"column":8},"end":{"line":34,"column":56}},"15":{"start":{"line":35,"column":8},"end":{"line":35,"column":57}},"16":{"start":{"line":36,"column":8},"end":{"line":36,"column":40}},"17":{"start":{"line":39,"column":6},"end":{"line":43,"column":9}},"18":{"start":{"line":40,"column":8},"end":{"line":40,"column":53}},"19":{"start":{"line":41,"column":8},"end":{"line":41,"column":50}},"20":{"start":{"line":42,"column":8},"end":{"line":42,"column":48}},"21":{"start":{"line":45,"column":6},"end":{"line":49,"column":9}},"22":{"start":{"line":46,"column":8},"end":{"line":46,"column":56}},"23":{"start":{"line":47,"column":8},"end":{"line":47,"column":68}},"24":{"start":{"line":48,"column":8},"end":{"line":48,"column":76}},"25":{"start":{"line":52,"column":4},"end":{"line":69,"column":7}},"26":{"start":{"line":53,"column":6},"end":{"line":58,"column":9}},"27":{"start":{"line":54,"column":8},"end":{"line":54,"column":34}},"28":{"start":{"line":55,"column":8},"end":{"line":55,"column":57}},"29":{"start":{"line":56,"column":8},"end":{"line":56,"column":56}},"30":{"start":{"line":57,"column":8},"end":{"line":57,"column":41}},"31":{"start":{"line":60,"column":6},"end":{"line":64,"column":9}},"32":{"start":{"line":61,"column":8},"end":{"line":61,"column":52}},"33":{"start":{"line":62,"column":8},"end":{"line":62,"c
[...]
,"/home/runner/work/json-expression/json-expression/src/operators/string.ts": {"path":"/home/runner/work/json-expression/json-expression/src/operators/string.ts","statementMap":{"0":{"start":{"line":1,"column":0},"end":{"line":1,"column":76}},"1":{"start":{"line":2,"column":0},"end":{"line":2,"column":32}},"2":{"start":{"line":5,"column":23},"end":{"line":12,"column":1}},"3":{"start":{"line":9,"column":15},"end":{"line":9,"column":37}},"4":{"start":{"line":10,"column":16},"end":{"line":10,"column":38}},"5":{"start":{"line":11,"column":2},"end":{"line":11,"column":23}},"6":{"start":{"line":14,"column":33},"end":{"line":28,"column":1}},"7":{"start":{"line":15,"column":2},"end":{"line":27,"column":35}},"8":{"start":{"line":20,"column":20},"end":{"line":20,"column":42}},"9":{"start":{"line":21,"column":6},"end":{"line":21,"column":29}},"10":{"start":{"line":24,"column":6},"end":{"line":24,"column":39}},"11":{"start":{"line":25,"column":6},"end":{"line":25,"column":62}},"12":{"start":{"line":30,"column":13},"end":{"line":153,"column":2}},"13":{"start":{"line":36,"column":6},"end":{"line":36,"column":84}},"14":{"start":{"line":36,"column":46},"end":{"line":36,"column":78}},"15":{"start":{"line":39,"column":6},"end":{"line":39,"column":32}},"16":{"start":{"line":40,"column":30},"end":{"line":40,"column":32}},"17":{"start":{"line":41,"column":6},"end":{"line":47,"column":7}},"18":{"start":{"line":42,"column":8},"end":{"line":46,"column":9}},"19":{"start":{"line":43,"column":10},"end":{"line":43,"column":60}},"20":{"start":{"line":44,"column":15},"end":{"line":46,"column":9}},"21":{"start":{"line":45,"column":10},"end":{"line":45,"column":40}},"22":{"start":{"line":48,"column":6},"end":{"line":48,"column":45}},"23":{"start":{"line":57,"column":29},"end":{"line":57,"column":54}},"24":{"start":{"line":58,"column":6},"end":{"line":58,"column":41}},"25":{"start":{"line":61,"column":6},"end":{"line":61,"column":42}},"26":{"start":{"line":62,"column":17},"end":{"line":62,"column":66}},"27":{"start":{"line":63,"column":6},"end":{"line":63,"column":32}},"28":{"start":{"line":72,"column":29},"end":{"line":72,"column":54}},"29":{"start":{"line":73,"column":6},"end":{"line":73,"column":39}},"30":{"start":{"line":76,"column":6},"end":{"line":76,"column":38}},"31":{"start":{"line":77,"column":17},"end":{"line":77,"column":64}},"32":{"start":{"line":78,"column":6},"end":{"line":78,"column":32}},"33":{"start":{"line":87,"column":29},"end":{"line":87,"column":54}},"34":{"start":{"line":88,"column":6},"end":{"line":88,"column":37}},"35":{"start":{"line":91,"column":6},"end":{"line":91,"column":34}},"36":{"start":{"line":92,"column":17},"end":{"line":92,"column":62}},"37":{"start":{"line":93,"column":6},"end":{"line":93,"column":32}},"38":{"start":{"line":102,"column":18},"end":{"line":102,"column":40}},"39":{"start":{"line":103,"column":20},"end":{"line":103,"column":42}},"40":{"start":{"line":104,"column":18},"end":{"line":104,"column":40}},"41":{"start":{"line":105,"column":6},"end":{"line":105,"column":42}},"42":{"start":{"line":108,"column":6},"end":{"line":108,"column":38}},"43":{"start":{"line":109,"column":17},"end":{"line":109,"column":83}},"44":{"start":{"line":110,"column":6},"end":{"line":110,"column":32}},"45":{"start":{"line":119,"column":20},"end":{"line":119,"column":27}},"46":{"start":{"line":120,"column":6},"end":{"line":120,"column":81}},"47":{"start":{"line":120,"column":60},"end":{"line":120,"column":81}},"48":{"start":{"line":121,"column":6},"end":{"line":122,"column":92}},"49":{"start":{"line":122,"column":8},"end":{"line":122,"column":92}},"50":{"start":{"line":123,"column":6},"end":{"line":124,"column":100}},"51":{"start":{"line":124,"column":8},"end":{"line":124,"column":100}},"52":{"start":{"line":125,"column":17},"end":{"line":125,"column":43}},"53":{"start":{"line":126,"column":20},"end":{"line":126,"column":42}},"54":{"start":{"line":127,"column":6},"end":{"line":127,"column":33}},"55":{"start":{"line":130,"column":22},"end":{"line":130,"column":37}},"56":{"start":{"line":131,"column":6},"end":{"line":132,"column":92}},"57":{"start":{"line":132,"column":8},"end":{"line":132,"column":92}},"58":{"start":{"line":133,"column":6},"end":{"line":134,"column":100}},"59":{"start":{"line":134,"column":8},"end":{"line":134,"column":100}},"60":{"start":{"line":135,"column":17},"end":{"line":135,"column":47}},"61":{"start":{"line":136,"column":16},"end":{"line":136,"column":28}},"62":{"start":{"line":137,"column":6},"end":{"line":137,"column":32}},"63":{"start":{"line":138,"column":22},"end":{"line":138,"column":37}},"64":{"start":{"line":139,"column":6},"end":{"line":139,"column":53}}},"fnMap":{"0":{"name":"(anonymous_0)","decl":{"start":{"line":5,"column":23},"end":{"line":5,"column":null}},"loc":{"start":{"line":8,"column":37},"end":{"line":12,"column":1}}},"1":{"name":"(anonymous_1)","decl":{"start":{"line":14,"column":33},"end":{"line":14,"column":56}},"loc":{"start":{"line":14,"column":111},"end":{"line":28,"column":1}}},"2":{"name":"(anonymous_2)","decl":{"start":{"line":19,"column":4},"end":{"line":19,"column":5}},"loc":{"start":{"line":19,"column":21},"end":{"line":22,"column":5}}},"3":{"name":"(anonymous_3)","decl":{"start":{"line":23,"column":4},"end":{"line":23,"column":5}},"loc":{"start":{"line":23,"column":59},"end":{"line":26,"column":5}}},"4":{"name":"(anonymous_4)","decl":{"start":{"line":35,"column":4},"end":{"line":35,"column":5}},"loc":{"start":{"line":35,"column":33},"end":{"line":37,"column":5}}},"5":{"name":"(anonymous_5)","decl":{"start":{"line":36,"column":34},"end":{"line":36,"column":35}},"loc":{"start":{"line":36,"column":46},"end":{"line":36,"column":78}}},"6":{"name":"(anonymous_6)","decl":{"start":{"line":38,"column":4},"end":{"line":38,"column":5}},"loc":{"start":{"line":38,"column":71},"end":{"line":49,"column":5}}},"7":{"name":"(anonymous_7)","decl":{"start":{"line":56,"column":4},"end":{"line":56,"column":5}},"loc":{"start":{"line":56,"column":38},"end":{"line":59,"column":5}}},"8":{"name":"(anonymous_8)","decl":{"start":{"line":60,"column":4},"end":{"line":60,"column":5}},"loc":{"start":{"line":60,"column":76},"end":{"line":64,"column":5}}},"9":{"name":"(anonymous_9)","decl":{"start":{"line":71,"column":4},"end":{"line":71,"column":5}},"loc":{"start":{"line":71,"column":36},"end":{"line":74,"column":5}}},"10":{"name":"(anonymous_10)","decl":{"start":{"line":75,"column":4},"end":{"line":75,"column":5}},"loc":{"start":{"line":75,"column":74},"end":{"line":79,"column":5}}},"11":{"name":"(anonymous_11)","decl":{"start":{"line":86,"column":4},"end":{"line":86,"column":5}},"loc":{"start":{"line":86,"column":34},"end":{"line":89,"column":5}}},"12":{"name":"(anonymous_12)","decl":{"start":{"line":90,"column":4},"end":{"line":90,"column":5}},"loc":{"start":{"line":90,"column":72},"end":{"line":94,"column":5}}},"13":{"name":"(anonymous_13)","decl":{"start":{"line":101,"column":4},"end":{"line":101,"column":5}},"loc":{"start":{"line":101,"column":36},"end":{"line":106,"column":5}}},"14":{"name":"(anonymous_14)","decl":{"start":{"line":107,"column":4},"end":{"line":107,"column":5}},"loc":{"start":{"line":107,"column":74},"end":{"line":111,"column":5}}},"15":{"name":"(anonymous_15)","decl":{"start":{"line":118,"column":4},"end":{"line":118,"column":5}},"loc":{"start":{"line":118,"column":34},"end":{"line":128,"column":5}}},"16":{"name":"(anonymous_16)","decl":{"start":{"line":129,"column":4},"end":{"line":129,"column":5}},"loc":{"start":{"line":129,"column":72},"end":{"line":140,"column":5}}}},"branchMap":{"0":{"loc":{"start":{"line":42,"column":8},"end":{"line":46,"column":9}},"type":"if","locations":[{"start":{"line":42,"column":8},"end":{"line":46,"column":9}},{"start":{"line":44,"column":15},"end":{"line":46,"column":9}}]},"1":{"loc":{"start":{"line":44,"column":15},"end":{"line":46,"column":9}},"type":"if","locations":[{"start":{"line":44,"column":15},"end":{"line":46,"column":9}}]},"2":{"loc":{"start":{"line":120,"column":6},"end":{"line":120,"column":81}},"type":"if","locations":[{"start":{"line":120,"column":6},"end":{"line":120,"column":81}}]},"3":{"loc":{"start":{"line":120,"column":10},"end":{"line":120,"column":58}},"type":"binary-expr","locations":[{"start":{"line":120,"column":10},"end":{"line":120,"column":34}},{"start":{"line":120,"column":38},"end":{"line":120,"column":58}}]},"4":{"loc":{"start":{"line":121,"column":6},"end":{"line":122,"column":92}},"type":"if","locations":[{"start":{"line":121,"column":6},"end":{"line":122,"column":92}}]},"5":{"loc":{"start":{"line":123,"column":6},"end":{"line":124,"column":100}},"type":"if","locations":[{"start":{"line":123,"column":6},"end":{"line":124,"column":100}}]},"6":{"loc":{"start":{"line":131,"column":6},"end":{"line":132,"column":92}},"type":"if","locations":[{"start":{"line":131,"column":6},"end":{"line":132,"column":92}}]},"7":{"loc":{"start":{"line":131,"column":10},"end":{"line":131,"column":74}},"type":"binary-expr","locations":[{"start":{"line":131,"column":10},"end":{"line":131,"column":39}},{"start":{"line":131,"column":43},"end":{"line":131,"column":74}}]},"8":{"loc":{"start":{"line":133,"column":6},"end":{"line":134,"column":100}},"type":"if","locations":[{"start":{"line":133,"column":6},"end":{"line":134,"column":100}}]}},"s":{"0":3,"1":3,"2":3,"3":96,"4":96,"5":96,"6":3,"7":30,"8":166,"9":166,"10":0,"11":0,"12":3,"13":21,"14":54,"15":5,"16":5,"17":5,"18":14,"19":7,"20":7,"21":7,"22":5,"23":32,"24":32,"25":4,"26":4,"27":4,"28":32,"29":32,"30":15,"31":15,"32":15,"33":32,"34":32,"35":4,"36":4,"37":4,"38":15,"39":15,"40":15,"41":15,"42":3,"43":3,"44":3,"45":11,"46":11,"47":0,"48":11,"49":3,"50":8,"51":0,"52":8,"53":8,"54":8,"55":3,"56":3,"57":1,"58":2,"59":0,"60":2,"61":2,"62":2,"63":2,"64":2},"f":{"0":96,"1":30,"2":166,"3":0,"4":21,"5":54,"6":5,"7":32,"8":4,"9":32,"10":15,"11":32,"12":4,"13":15,"14":3,"15":11,"16":3},"b":{"0":[7,7],"1":[7],"2":[0],"3":[11,1],"4":[3],"5":[0],"6":[1],"7":[3,2],"8":[0]}}
,"/home/runner/work/json-expression/json-expression/src/operators/type.ts": {"path":"/home/runner/work/json-expression/json-expression/src/operators/type.ts","statementMap":{"0":{"start":{"line":1,"column":0},"end":{"line":1,"column":67}},"1":{"start":{"line":2,"column":0},"end":{"line":2,"column":32}},"2":{"start":{"line":5,"column":13},"end":{"line":178,"column":2}},"3":{"start":{"line":11,"column":6},"end":{"line":11,"column":47}},"4":{"start":{"line":14,"column":6},"end":{"line":14,"column":34}},"5":{"start":{"line":15,"column":17},"end":{"line":15,"column":43}},"6":{"start":{"line":16,"column":6},"end":{"line":16,"column":32}},"7":{"start":{"line":25,"column":6},"end":{"line":25,"column":38}},"8":{"start":{"line":28,"column":17},"end":{"line":28,"column":39}},"9":{"start":{"line":29,"column":6},"end":{"line":29,"column":32}},"10":{"start":{"line":38,"column":6},"end":{"line":38,"column":46}},"11":{"start":{"line":41,"column":17},"end":{"line":41,"column":43}},"12":{"start":{"line":42,"column":6},"end":{"line":42,"column":32}},"13":{"start":{"line":51,"column":6},"end":{"line":51,"column":46}},"14":{"start":{"line":54,"column":6},"end":{"line":54,"column":32}},"15":{"start":{"line":55,"column":17},"end":{"line":55,"column":42}},"16":{"start":{"line":56,"column":6},"end":{"line":56,"column":32}},"17":{"start":{"line":65,"column":6},"end":{"line":65,"column":46}},"18":{"start":{"line":68,"column":6},"end":{"line":68,"column":32}},"19":{"start":{"line":69,"column":17},"end":{"line":69,"column":42}},"20":{"start":{"line":70,"column":6},"end":{"line":70,"column":32}},"21":{"start":{"line":79,"column":6},"end":{"line":79,"column":50}},"22":{"start":{"line":82,"column":17},"end":{"line":82,"column":51}},"23":{"start":{"line":83,"column":6},"end":{"line":83,"column":32}},"24":{"start":{"line":92,"column":6},"end":{"line":92,"column":45}},"25":{"start":{"line":95,"column":17},"end":{"line":95,"column":46}},"26":{"start":{"line":96,"column":6},"end":{"line":96,"column":32}},"27":{"start":{"line":105,"column":6},"end":{"line":105,"column":57}},"28":{"start":{"line":108,"column":17},"end":{"line":108,"column":57}},"29":{"start":{"line":109,"column":6},"end":{"line":109,"column":32}},"30":{"start":{"line":118,"column":6},"end":{"line":118,"column":56}},"31":{"start":{"line":121,"column":17},"end":{"line":121,"column":56}},"32":{"start":{"line":122,"column":6},"end":{"line":122,"column":32}},"33":{"start":{"line":131,"column":6},"end":{"line":131,"column":56}},"34":{"start":{"line":134,"column":17},"end":{"line":134,"column":56}},"35":{"start":{"line":135,"column":6},"end":{"line":135,"column":32}},"36":{"start":{"line":144,"column":6},"end":{"line":144,"column":58}},"37":{"start":{"line":147,"column":17},"end":{"line":147,"column":60}},"38":{"start":{"line":148,"column":6},"end":{"line":148,"column":32}},"39":{"start":{"line":157,"column":6},"end":{"line":157,"column":53}},"40":{"start":{"line":160,"column":17},"end":{"line":160,"column":55}},"41":{"start":{"line":161,"column":6},"end":{"line":161,"column":32}},"42":{"start":{"line":170,"column":6},"end":{"line":170,"column":60}},"43":{"start":{"line":173,"column":6},"end":{"line":173,"column":34}},"44":{"start":{"line":174,"column":17},"end":{"line":174,"column":54}},"45":{"start":{"line":175,"column":6},"end":{"line":175,"column":32}}},"fnMap":{"0":{"name":"(anonymous_0)","decl":{"start":{"line":10,"column":4},"end":{"line":10,"column":5}},"loc":{"start":{"line":10,"column":33},"end":{"line":12,"column":5}}},"1":{"name":"(anonymous_1)","decl":{"start":{"line":13,"column":4},"end":{"line":13,"column":5}},"loc":{"start":{"line":13,"column":71},"end":{"line":17,"column":5}}},"2":{"name":"(anonymous_2)","decl":{"start":{"line":24,"column":4},"end":{"line":24,"column":5}},"loc":{"start":{"line":24,"column":34},"end":{"line":26,"column":5}}},"3":{"name":"(anonymous_3)","decl":{"start":{"line":27,"column":4},"end":{"line":27,"column":5}},"loc":{"start":{"line":27,"column":72},"end":{"line":30,"column":5}}},"4":{"name":"(anonymous_4)","decl":{"start":{"line":37,"column":4},"end":{"line":37,"column":5}},"loc":{"start":{"line":37,"column":33},"end":{"line":39,"column":5}}},"5":{"name":"(anonymous_5)","decl":{"start":{"line":40,"column":4},"end":{"line":40,"column":5}},"loc":{"start":{"line":40,"column":71},"end":{"line":43,"column":5}}},"6":{"name":"(anonymous_6)","decl":{"start":{"line":50,"column":4},"end":{"line":50,"column":5}},"loc":{"start":{"line":50,"column":33},"end":{"line":52,"column":5}}},"7":{"name":"(anonymous_7)","decl":{"start":{"line":53,"column":4},"end":{"line":53,"column":5}},"loc":{"start":{"line":53,"column":71},"end":{"line":57,"column":5}}},"8":{"name":"(anonymous_8)","decl":{"start":{"line":64,"column":4},"end":{"line":64,"column":5}},"loc":{"start":{"line":64,"column":33},"end":{"line":66,"column":5}}},"9":{"name":"(anonymous_9)","decl":{"start":{"line":67,"column":4},"end":{"line":67,"column":5}},"loc":{"start":{"line":67,"column":71},"end":{"line":71,"column":5}}},"10":{"name":"(anonymous_10)","decl":{"start":{"line":78,"column":4},"end":{"line":78,"column":5}},"loc":{"start":{"line":78,"column":41},"end":{"line":80,"column":5}}},"11":{"name":"(anonymous_11)","decl":{"start":{"line":81,"column":4},"end":{"line":81,"column":5}},"loc":{"start":{"line":81,"column":79},"end":{"line":84,"column":5}}},"12":{"name":"(anonymous_12)","decl":{"start":{"line":91,"column":4},"end":{"line":91,"column":5}},"loc":{"start":{"line":91,"column":36},"end":{"line":93,"column":5}}},"13":{"name":"(anonymous_13)","decl":{"start":{"line":94,"column":4},"end":{"line":94,"column":5}},"loc":{"start":{"line":94,"column":74},"end":{"line":97,"column":5}}},"14":{"name":"(anonymous_14)","decl":{"start":{"line":104,"column":4},"end":{"line":104,"column":5}},"loc":{"start":{"line":104,"column":36},"end":{"line":106,"column":5}}},"15":{"name":"(anonymous_15)","decl":{"start":{"line":107,"column":4},"end":{"line":107,"column":5}},"loc":{"start":{"line":107,"column":74},"end":{"line":110,"column":5}}},"16":{"name":"(anonymous_16)","decl":{"start":{"line":117,"column":4},"end":{"line":117,"column":5}},"loc":{"start":{"line":117,"column":38},"end":{"line":119,"column":5}}},"17":{"name":"(anonymous_17)","decl":{"start":{"line":120,"column":4},"end":{"line":120,"column":5}},"loc":{"start":{"line":120,"column":76},"end":{"line":123,"column":5}}},"18":{"name":"(anonymous_18)","decl":{"start":{"line":130,"column":4},"end":{"line":130,"column":5}},"loc":{"start":{"line":130,"column":38},"end":{"line":132,"column":5}}},"19":{"name":"(anonymous_19)","decl":{"start":{"line":133,"column":4},"end":{"line":133,"column":5}},"loc":{"start":{"line":133,"column":76},"end":{"line":136,"column":5}}},"20":{"name":"(anonymous_20)","decl":{"start":{"line":143,"column":4},"end":{"line":143,"column":5}},"loc":{"start":{"line":143,"column":38},"end":{"line":145,"column":5}}},"21":{"name":"(anonymous_21)","decl":{"start":{"line":146,"column":4},"end":{"line":146,"column":5}},"loc":{"start":{"line":146,"column":76},"end":{"line":149,"column":5}}},"22":{"name":"(anonymous_22)","decl":{"start":{"line":156,"column":4},"end":{"line":156,"column":5}},"loc":{"start":{"line":156,"column":37},"end":{"line":158,"column":5}}},"23":{"name":"(anonymous_23)","decl":{"start":{"line":159,"column":4},"end":{"line":159,"column":5}},"loc":{"start":{"line":159,"column":75},"end":{"line":162,"column":5}}},"24":{"name":"(anonymous_24)","decl":{"start":{"line":169,"column":4},"end":{"line":169,"column":5}},"loc":{"start":{"line":169,"column":38},"end":{"line":171,"column":5}}},"25":{"name":"(anonymous_25)","decl":{"start":{"line":172,"column":4},"end":{"line":172,"column":5}},"loc":{"start":{"line":172,"column":76},"end":{"line":176,"column":5}}}},"branchMap":{},"s":{"0":3,"1":3,"2":3,"3":43,"4":13,"5":13,"6":13,"7":38,"8":12,"9":12,"10":47,"11":15,"12":15,"13":17,"14":13,"15":13,"16":13,"17":0,"18":0,"19":0,"20":0,"21":5,"22":1,"23":1,"24":6,"25":2,"26":2,"27":6,"28":2,"29":2,"30":6,"31":2,"32":2,"33":14,"34":4,"35":4,"36":6,"37":2,"38":2,"39":6,"40":2,"41":2,"42":6,"43":2,"44":2,"45":2},"f":{"0":43,"1":13,"2":38,"3":12,"4":47,"5":15,"6":17,"7":13,"8":0,"9":0,"10":5,"11":1,"12":6,"13":2,"14":6,"15":2,"16":6,"17":2,"18":14,"19":4,"20":6,"21":2,"22":6,"23":2,"24":6,"25":2},"b":{}}
}
