TN:
SF:src/Vars.ts
FN:8,(anonymous_0)
FN:12,(anonymous_1)
FN:17,(anonymous_2)
FN:22,(anonymous_3)
FN:27,(anonymous_4)
FN:32,(anonymous_5)
FNF:6
FNH:4
FNDA:2990,(anonymous_0)
FNDA:969,(anonymous_1)
FNDA:90,(anonymous_2)
FNDA:0,(anonymous_3)
FNDA:16,(anonymous_4)
FNDA:0,(anonymous_5)
DA:1,3
DA:2,3
DA:3,3
DA:5,3
DA:6,2990
DA:8,2990
DA:9,2990
DA:13,969
DA:14,90
DA:18,90
DA:19,90
DA:23,0
DA:24,0
DA:28,16
DA:29,16
DA:33,0
DA:34,0
DA:35,0
DA:36,0
LF:19
LH:13
BRDA:13,0,0,879
BRDA:18,1,0,0
BRDA:23,2,0,0
BRDA:28,3,0,0
BRF:4
BRH:1
end_of_record
TN:
SF:src/codegen-steps.ts
FN:7,(anonymous_0)
FN:9,(anonymous_1)
FN:20,(anonymous_2)
FN:22,(anonymous_3)
FNF:4
FNH:4
FNDA:2857,(anonymous_0)
FNDA:845,(anonymous_1)
FNDA:921,(anonymous_2)
FNDA:912,(anonymous_3)
DA:6,3
DA:7,2857
DA:10,845
DA:19,3
DA:20,921
DA:23,912
LF:6
LH:6
BRF:0
BRH:0
end_of_record
TN:
SF:src/codegen.ts
FN:20,(anonymous_0)
FN:29,(anonymous_1)
FN:40,(anonymous_2)
FN:44,(anonymous_3)
FN:50,(anonymous_4)
FN:59,(anonymous_5)
FN:61,(anonymous_6)
FN:71,(anonymous_7)
FN:75,(anonymous_8)
FN:82,(anonymous_9)
FN:88,(anonymous_10)
FN:92,(anonymous_11)
FN:96,(anonymous_12)
FN:98,(anonymous_13)
FNF:14
FNH:12
FNDA:1221,(anonymous_0)
FNDA:729,(anonymous_1)
FNDA:404,(anonymous_2)
FNDA:6,(anonymous_3)
FNDA:3934,(anonymous_4)
FNDA:2713,(anonymous_5)
FNDA:1871,(anonymous_6)
FNDA:0,(anonymous_7)
FNDA:5,(anonymous_8)
FNDA:1221,(anonymous_9)
FNDA:0,(anonymous_10)
FNDA:1044,(anonymous_11)
FNDA:1044,(anonymous_12)
FNDA:1073,(anonymous_13)
DA:1,2
DA:2,2
DA:3,2
DA:4,2
DA:6,2
DA:16,2
DA:20,1221
DA:21,1221
DA:25,1221
DA:28,1221
DA:29,1221
DA:30,729
DA:31,719
DA:32,544
DA:34,10
DA:36,554
DA:37,554
DA:40,1221
DA:41,404
DA:44,1221
DA:45,6
DA:46,6
DA:47,6
DA:51,3934
DA:52,1938
DA:53,1996
DA:55,1841
DA:56,1841
DA:57,1841
DA:58,1841
DA:59,2713
DA:60,1674
DA:61,1871
DA:62,1137
DA:63,761
DA:64,753
DA:67,913
DA:71,0
DA:75,5
DA:77,913
DA:79,0
DA:83,1221
DA:84,1044
DA:85,1044
DA:89,0
DA:93,1044
DA:97,1044
DA:98,1044
DA:99,1073
DA:100,1073
DA:102,4
DA:103,1
DA:104,1
DA:105,1
LF:54
LH:51
BRDA:30,0,0,719
BRDA:30,0,1,10
BRDA:31,1,0,175
BRDA:51,2,0,1938
BRDA:51,2,1,1996
BRDA:52,3,0,97
BRDA:56,4,0,1841
BRDA:60,5,0,1137
BRDA:62,6,0,761
BRDA:102,7,0,3
BRF:10
BRH:10
end_of_record
TN:
SF:src/createEvaluate.ts
FN:4,(anonymous_0)
FN:5,(anonymous_1)
FNF:2
FNH:2
FNDA:1223,(anonymous_0)
FNDA:6634,(anonymous_1)
DA:2,3
DA:4,3
DA:5,1223
DA:9,6634
DA:10,2849
DA:12,2675
DA:13,2675
DA:15,2675
DA:16,2675
DA:17,2675
DA:18,2675
DA:19,2535
DA:21,0
DA:23,162
DA:24,3
DA:25,3
DA:26,3
DA:30,1223
LF:18
LH:17
BRDA:9,0,0,3785
BRDA:10,1,0,174
BRDA:16,2,0,2675
BRDA:23,3,0,159
BRF:4
BRH:4
end_of_record
TN:
SF:src/evaluate.ts
FNF:0
FNH:0
DA:1,2
DA:2,2
DA:4,2
LF:3
LH:3
BRF:0
BRH:0
end_of_record
TN:
SF:src/util.ts
FN:8,(anonymous_0)
FN:10,(anonymous_1)
FN:18,(anonymous_2)
FN:25,(anonymous_3)
FN:26,(anonymous_4)
FN:28,(anonymous_5)
FN:35,(anonymous_6)
FN:36,(anonymous_7)
FN:37,(anonymous_8)
FN:38,(anonymous_9)
FN:39,(anonymous_10)
FN:43,(anonymous_11)
FN:50,(anonymous_12)
FN:59,(anonymous_13)
FN:74,(anonymous_14)
FN:101,(anonymous_15)
FN:108,(anonymous_16)
FN:113,(anonymous_17)
FN:117,(anonymous_18)
FN:121,(anonymous_19)
FN:125,(anonymous_20)
FN:144,(anonymous_21)
FN:145,(anonymous_22)
FN:146,(anonymous_23)
FN:147,(anonymous_24)
FN:148,(anonymous_25)
FN:149,(anonymous_26)
FN:151,(anonymous_27)
FN:154,(anonymous_28)
FN:156,(anonymous_29)
FN:166,(anonymous_30)
FN:184,(anonymous_31)
FN:192,(anonymous_32)
FN:201,(anonymous_33)
FN:206,(anonymous_34)
FN:212,(anonymous_35)
FN:221,(anonymous_36)
FN:228,(anonymous_37)
FN:235,(anonymous_38)
FN:247,(anonymous_39)
FN:254,(anonymous_40)
FN:261,(anonymous_41)
FN:270,(anonymous_42)
FN:271,(anonymous_43)
FN:279,(anonymous_44)
FN:280,(anonymous_45)
FN:288,(anonymous_46)
FN:310,(anonymous_47)
FN:315,(anonymous_48)
FN:317,(anonymous_49)
FN:325,(anonymous_50)
FN:336,(anonymous_51)
FN:343,(anonymous_52)
FN:350,(anonymous_53)
FN:355,(anonymous_54)
FN:362,(anonymous_55)
FN:364,(anonymous_56)
FN:368,(anonymous_57)
FN:372,(anonymous_58)
FN:382,(anonymous_59)
FN:392,(anonymous_60)
FNF:61
FNH:57
FNDA:0,(anonymous_0)
FNDA:886,(anonymous_1)
FNDA:91,(anonymous_2)
FNDA:1196,(anonymous_3)
FNDA:227,(anonymous_4)
FNDA:401,(anonymous_5)
FNDA:12,(anonymous_6)
FNDA:22,(anonymous_7)
FNDA:34,(anonymous_8)
FNDA:30,(anonymous_9)
FNDA:40,(anonymous_10)
FNDA:46,(anonymous_11)
FNDA:61,(anonymous_12)
FNDA:32,(anonymous_13)
FNDA:51,(anonymous_14)
FNDA:12,(anonymous_15)
FNDA:16,(anonymous_16)
FNDA:46,(anonymous_17)
FNDA:36,(anonymous_18)
FNDA:36,(anonymous_19)
FNDA:18,(anonymous_20)
FNDA:14,(anonymous_21)
FNDA:18,(anonymous_22)
FNDA:16,(anonymous_23)
FNDA:16,(anonymous_24)
FNDA:18,(anonymous_25)
FNDA:20,(anonymous_26)
FNDA:16,(anonymous_27)
FNDA:0,(anonymous_28)
FNDA:18,(anonymous_29)
FNDA:18,(anonymous_30)
FNDA:16,(anonymous_31)
FNDA:12,(anonymous_32)
FNDA:231,(anonymous_33)
FNDA:18,(anonymous_34)
FNDA:15,(anonymous_35)
FNDA:66,(anonymous_36)
FNDA:6,(anonymous_37)
FNDA:8,(anonymous_38)
FNDA:7,(anonymous_39)
FNDA:1,(anonymous_40)
FNDA:4,(anonymous_41)
FNDA:4,(anonymous_42)
FNDA:26,(anonymous_43)
FNDA:4,(anonymous_44)
FNDA:20,(anonymous_45)
FNDA:4,(anonymous_46)
FNDA:27,(anonymous_47)
FNDA:12,(anonymous_48)
FNDA:4,(anonymous_49)
FNDA:4,(anonymous_50)
FNDA:5,(anonymous_51)
FNDA:5,(anonymous_52)
FNDA:0,(anonymous_53)
FNDA:16,(anonymous_54)
FNDA:0,(anonymous_55)
FNDA:2462,(anonymous_56)
FNDA:1002,(anonymous_57)
FNDA:4516,(anonymous_58)
FNDA:3,(anonymous_59)
FNDA:1084,(anonymous_60)
DA:1,3
DA:2,3
DA:8,3
DA:10,3
DA:11,886
DA:12,16
DA:13,12
DA:18,3
DA:19,91
DA:20,83
DA:21,75
DA:22,73
DA:25,1196
DA:26,227
DA:28,3
DA:29,401
DA:30,6
DA:35,12
DA:36,22
DA:37,34
DA:38,30
DA:39,40
DA:43,3
DA:44,46
DA:45,46
DA:46,42
DA:47,42
DA:50,3
DA:51,61
DA:52,61
DA:53,57
DA:54,57
DA:59,3
DA:60,32
DA:62,6
DA:64,20
DA:65,14
DA:66,8
DA:67,6
DA:70,6
DA:74,3
DA:75,51
DA:77,8
DA:78,8
DA:79,6
DA:82,43
DA:83,43
DA:84,30
DA:85,30
DA:86,26
DA:88,13
DA:91,13
DA:93,0
DA:97,0
DA:101,3
DA:102,12
DA:103,0
DA:108,3
DA:109,16
DA:110,0
DA:113,3
DA:114,46
DA:117,3
DA:118,36
DA:121,3
DA:122,36
DA:125,3
DA:126,18
DA:129,3
DA:131,3
DA:132,3
DA:134,3
DA:135,3
DA:136,3
DA:138,3
DA:139,3
DA:140,3
DA:141,3
DA:142,3
DA:144,14
DA:145,18
DA:146,16
DA:147,16
DA:148,18
DA:149,3
DA:150,20
DA:151,16
DA:153,3
DA:154,3
DA:156,3
DA:157,18
DA:158,10
DA:159,10
DA:160,4
DA:161,4
DA:162,4
DA:163,4
DA:166,3
DA:167,18
DA:168,10
DA:169,10
DA:170,4
DA:171,4
DA:172,4
DA:173,4
DA:174,4
DA:175,4
DA:176,4
DA:177,4
DA:178,4
DA:179,0
DA:180,0
DA:181,0
DA:184,3
DA:185,16
DA:186,8
DA:187,8
DA:192,3
DA:193,12
DA:194,12
DA:195,12
DA:196,8
DA:201,3
DA:202,231
DA:203,0
DA:206,3
DA:207,18
DA:208,18
DA:209,18
DA:212,3
DA:213,15
DA:214,15
DA:215,38
DA:216,45
DA:218,15
DA:221,3
DA:222,66
DA:223,66
DA:224,120
DA:225,32
DA:228,3
DA:229,6
DA:230,6
DA:231,14
DA:232,2
DA:235,3
DA:236,8
DA:237,8
DA:238,8
DA:239,8
DA:240,8
DA:241,8
DA:242,8
DA:244,8
DA:247,3
DA:248,7
DA:249,7
DA:250,29
DA:251,0
DA:254,3
DA:255,1
DA:256,1
DA:257,5
DA:258,0
DA:261,3
DA:262,4
DA:263,4
DA:264,4
DA:265,4
DA:266,8
DA:267,4
DA:270,3
DA:271,4
DA:272,26
DA:273,26
DA:275,4
DA:276,4
DA:279,3
DA:280,4
DA:281,20
DA:282,20
DA:284,4
DA:285,4
DA:288,3
DA:296,4
DA:297,4
DA:298,20
DA:299,20
DA:300,20
DA:302,4
DA:303,4
DA:304,4
DA:305,4
DA:310,3
DA:311,27
DA:312,0
DA:315,12
DA:317,3
DA:318,4
DA:319,4
DA:320,4
DA:321,4
DA:322,4
DA:325,3
DA:326,4
DA:327,4
DA:328,4
DA:329,4
DA:330,2
DA:331,2
DA:333,4
DA:336,3
DA:337,5
DA:338,5
DA:339,4
DA:340,4
DA:343,3
DA:344,5
DA:345,5
DA:350,3
DA:351,0
DA:352,0
DA:355,3
DA:356,16
DA:357,0
DA:358,0
DA:359,16
DA:362,3
DA:364,3
DA:365,2462
DA:368,3
DA:369,1002
DA:372,3
DA:373,4516
DA:374,4516
DA:375,1052
DA:376,1052
DA:377,1052
DA:378,3464
DA:379,1002
DA:382,3
DA:383,3
DA:384,3
DA:385,273
DA:386,273
DA:387,273
DA:389,3
DA:392,3
DA:393,1084
DA:394,328
DA:395,328
DA:396,0
LF:252
LH:236
BRDA:11,0,0,870
BRDA:12,1,0,4
BRDA:19,2,0,8
BRDA:20,3,0,8
BRDA:21,4,0,2
BRDA:25,5,0,1196
BRDA:25,5,1,131
BRDA:29,6,0,395
BRDA:35,7,0,4
BRDA:35,7,1,8
BRDA:35,8,0,4
BRDA:35,8,1,4
BRDA:36,9,0,22
BRDA:36,9,1,20
BRDA:37,10,0,34
BRDA:37,10,1,28
BRDA:38,11,0,30
BRDA:38,11,1,28
BRDA:39,12,0,40
BRDA:39,12,1,36
BRDA:45,13,0,4
BRDA:47,14,0,42
BRDA:47,14,1,0
BRDA:52,15,0,4
BRDA:54,16,0,57
BRDA:54,16,1,0
BRDA:60,17,0,6
BRDA:60,17,1,20
BRDA:60,17,2,6
BRDA:64,18,0,6
BRDA:65,19,0,6
BRDA:66,20,0,2
BRDA:75,21,0,8
BRDA:75,21,1,43
BRDA:75,21,2,0
BRDA:78,22,0,2
BRDA:78,23,0,8
BRDA:78,23,1,8
BRDA:82,24,0,0
BRDA:83,25,0,30
BRDA:83,26,0,43
BRDA:83,26,1,21
BRDA:85,27,0,4
BRDA:85,28,0,30
BRDA:85,28,1,30
BRDA:88,29,0,13
BRDA:88,29,1,13
BRDA:88,29,2,0
BRDA:102,30,0,12
BRDA:109,31,0,16
BRDA:144,32,0,14
BRDA:144,32,1,6
BRDA:145,33,0,18
BRDA:145,33,1,10
BRDA:146,34,0,16
BRDA:146,34,1,8
BRDA:147,35,0,16
BRDA:147,35,1,8
BRDA:148,36,0,18
BRDA:148,36,1,10
BRDA:150,37,0,20
BRDA:150,37,1,12
BRDA:150,37,2,6
BRDA:151,38,0,16
BRDA:151,38,1,8
BRDA:154,39,0,0
BRDA:154,39,1,0
BRDA:154,39,2,0
BRDA:157,40,0,8
BRDA:159,41,0,6
BRDA:163,42,0,4
BRDA:163,42,1,4
BRDA:163,42,2,4
BRDA:163,42,3,4
BRDA:163,43,0,0
BRDA:163,43,1,4
BRDA:163,44,0,4
BRDA:163,44,1,0
BRDA:167,45,0,8
BRDA:169,46,0,6
BRDA:174,47,0,0
BRDA:174,47,1,4
BRDA:175,48,0,4
BRDA:175,48,1,0
BRDA:176,49,0,4
BRDA:176,49,1,0
BRDA:177,50,0,0
BRDA:177,51,0,4
BRDA:177,51,1,4
BRDA:177,51,2,4
BRDA:178,52,0,4
BRDA:178,53,0,4
BRDA:178,53,1,4
BRDA:178,53,2,4
BRDA:180,54,0,0
BRDA:180,54,1,0
BRDA:181,55,0,0
BRDA:181,55,1,0
BRDA:181,55,2,0
BRDA:181,55,3,0
BRDA:181,55,4,0
BRDA:185,56,0,8
BRDA:187,57,0,8
BRDA:187,57,1,2
BRDA:187,57,2,2
BRDA:195,58,0,4
BRDA:195,59,0,12
BRDA:195,59,1,10
BRDA:202,60,0,231
BRDA:209,61,0,10
BRDA:209,61,1,8
BRDA:224,62,0,34
BRDA:231,63,0,4
BRDA:241,64,0,0
BRDA:250,65,0,7
BRDA:257,66,0,1
BRDA:311,67,0,27
BRDA:338,68,0,1
BRDA:351,69,0,0
BRDA:351,69,1,0
BRDA:356,70,0,0
BRDA:356,70,1,16
BRDA:357,71,0,0
BRDA:362,72,0,0
BRDA:362,72,1,0
BRDA:365,73,0,245
BRDA:369,74,0,58
BRDA:373,75,0,0
BRDA:374,76,0,1052
BRDA:374,76,1,3464
BRDA:376,77,0,0
BRDA:377,78,0,4
BRDA:377,79,0,1052
BRDA:377,79,1,1052
BRDA:378,80,0,2462
BRDA:378,80,1,1002
BRDA:393,81,0,756
BRDA:395,82,0,328
BRF:138
BRH:108
end_of_record
TN:
SF:src/__tests__/jsonExpressionCodegenTests.ts
FN:10,(anonymous_0)
FN:14,(anonymous_1)
FN:15,(anonymous_2)
FN:16,(anonymous_3)
FN:22,(anonymous_4)
FN:26,(anonymous_5)
FN:31,(anonymous_6)
FN:32,(anonymous_7)
FN:39,(anonymous_8)
FN:45,(anonymous_9)
FN:52,(anonymous_10)
FN:53,(anonymous_11)
FN:60,(anonymous_12)
FN:66,(anonymous_13)
FN:71,(anonymous_14)
FN:72,(anonymous_15)
FN:79,(anonymous_16)
FN:85,(anonymous_17)
FN:90,(anonymous_18)
FN:91,(anonymous_19)
FN:98,(anonymous_20)
FN:109,(anonymous_21)
FN:110,(anonymous_22)
FN:121,(anonymous_23)
FN:128,(anonymous_24)
FN:133,(anonymous_25)
FN:141,(anonymous_26)
FN:142,(anonymous_27)
FN:153,(anonymous_28)
FN:160,(anonymous_29)
FN:166,(anonymous_30)
FN:175,(anonymous_31)
FN:176,(anonymous_32)
FN:185,(anonymous_33)
FN:195,(anonymous_34)
FN:196,(anonymous_35)
FN:209,(anonymous_36)
FN:215,(anonymous_37)
FN:216,(anonymous_38)
FN:232,(anonymous_39)
FN:238,(anonymous_40)
FN:239,(anonymous_41)
FN:244,(anonymous_42)
FN:248,(anonymous_43)
FN:255,(anonymous_44)
FN:256,(anonymous_45)
FN:265,(anonymous_46)
FN:273,(anonymous_47)
FN:274,(anonymous_48)
FN:280,(anonymous_49)
FN:282,(anonymous_50)
FN:285,(anonymous_51)
FN:291,(anonymous_52)
FN:293,(anonymous_53)
FN:294,(anonymous_54)
FN:297,(anonymous_55)
FN:303,(anonymous_56)
FN:304,(anonymous_57)
FN:309,(anonymous_58)
FN:315,(anonymous_59)
FN:317,(anonymous_60)
FN:323,(anonymous_61)
FN:331,(anonymous_62)
FN:333,(anonymous_63)
FN:344,(anonymous_64)
FN:346,(anonymous_65)
FN:353,(anonymous_66)
FN:355,(anonymous_67)
FN:356,(anonymous_68)
FN:361,(anonymous_69)
FN:362,(anonymous_70)
FN:366,(anonymous_71)
FN:375,(anonymous_72)
FN:376,(anonymous_73)
FN:384,(anonymous_74)
FN:397,(anonymous_75)
FN:399,(anonymous_76)
FN:400,(anonymous_77)
FN:404,(anonymous_78)
FN:408,(anonymous_79)
FN:413,(anonymous_80)
FN:415,(anonymous_81)
FN:416,(anonymous_82)
FN:419,(anonymous_83)
FN:425,(anonymous_84)
FN:432,(anonymous_85)
FN:439,(anonymous_86)
FN:441,(anonymous_87)
FN:442,(anonymous_88)
FN:443,(anonymous_89)
FN:447,(anonymous_90)
FN:454,(anonymous_91)
FN:463,(anonymous_92)
FN:465,(anonymous_93)
FN:466,(anonymous_94)
FN:467,(anonymous_95)
FN:471,(anonymous_96)
FN:479,(anonymous_97)
FN:488,(anonymous_98)
FN:490,(anonymous_99)
FN:491,(anonymous_100)
FN:492,(anonymous_101)
FN:496,(anonymous_102)
FN:504,(anonymous_103)
FN:513,(anonymous_104)
FN:515,(anonymous_105)
FN:516,(anonymous_106)
FN:517,(anonymous_107)
FN:521,(anonymous_108)
FN:529,(anonymous_109)
FN:538,(anonymous_110)
FN:540,(anonymous_111)
FN:541,(anonymous_112)
FN:542,(anonymous_113)
FN:543,(anonymous_114)
FN:549,(anonymous_115)
FN:558,(anonymous_116)
FN:569,(anonymous_117)
FN:582,(anonymous_118)
FN:598,(anonymous_119)
FN:600,(anonymous_120)
FN:601,(anonymous_121)
FN:607,(anonymous_122)
FN:614,(anonymous_123)
FN:619,(anonymous_124)
FN:621,(anonymous_125)
FN:622,(anonymous_126)
FN:628,(anonymous_127)
FN:634,(anonymous_128)
FN:639,(anonymous_129)
FN:641,(anonymous_130)
FN:642,(anonymous_131)
FN:648,(anonymous_132)
FN:652,(anonymous_133)
FN:657,(anonymous_134)
FN:662,(anonymous_135)
FN:664,(anonymous_136)
FN:665,(anonymous_137)
FN:671,(anonymous_138)
FN:675,(anonymous_139)
FN:680,(anonymous_140)
FN:682,(anonymous_141)
FN:683,(anonymous_142)
FN:689,(anonymous_143)
FN:693,(anonymous_144)
FN:698,(anonymous_145)
FN:700,(anonymous_146)
FN:701,(anonymous_147)
FN:707,(anonymous_148)
FN:712,(anonymous_149)
FN:718,(anonymous_150)
FN:720,(anonymous_151)
FN:721,(anonymous_152)
FN:727,(anonymous_153)
FN:732,(anonymous_154)
FN:739,(anonymous_155)
FN:741,(anonymous_156)
FN:742,(anonymous_157)
FN:748,(anonymous_158)
FN:756,(anonymous_159)
FN:764,(anonymous_160)
FN:766,(anonymous_161)
FN:767,(anonymous_162)
FN:771,(anonymous_163)
FN:779,(anonymous_164)
FN:789,(anonymous_165)
FN:791,(anonymous_166)
FN:792,(anonymous_167)
FN:798,(anonymous_168)
FN:806,(anonymous_169)
FNF:170
FNH:170
FNDA:2,(anonymous_0)
FNDA:2,(anonymous_1)
FNDA:2,(anonymous_2)
FNDA:2,(anonymous_3)
FNDA:2,(anonymous_4)
FNDA:2,(anonymous_5)
FNDA:2,(anonymous_6)
FNDA:2,(anonymous_7)
FNDA:2,(anonymous_8)
FNDA:2,(anonymous_9)
FNDA:2,(anonymous_10)
FNDA:2,(anonymous_11)
FNDA:2,(anonymous_12)
FNDA:2,(anonymous_13)
FNDA:2,(anonymous_14)
FNDA:2,(anonymous_15)
FNDA:2,(anonymous_16)
FNDA:2,(anonymous_17)
FNDA:2,(anonymous_18)
FNDA:2,(anonymous_19)
FNDA:2,(anonymous_20)
FNDA:2,(anonymous_21)
FNDA:2,(anonymous_22)
FNDA:2,(anonymous_23)
FNDA:2,(anonymous_24)
FNDA:2,(anonymous_25)
FNDA:2,(anonymous_26)
FNDA:2,(anonymous_27)
FNDA:2,(anonymous_28)
FNDA:2,(anonymous_29)
FNDA:2,(anonymous_30)
FNDA:2,(anonymous_31)
FNDA:2,(anonymous_32)
FNDA:2,(anonymous_33)
FNDA:2,(anonymous_34)
FNDA:2,(anonymous_35)
FNDA:2,(anonymous_36)
FNDA:2,(anonymous_37)
FNDA:2,(anonymous_38)
FNDA:2,(anonymous_39)
FNDA:2,(anonymous_40)
FNDA:2,(anonymous_41)
FNDA:2,(anonymous_42)
FNDA:2,(anonymous_43)
FNDA:2,(anonymous_44)
FNDA:2,(anonymous_45)
FNDA:2,(anonymous_46)
FNDA:2,(anonymous_47)
FNDA:2,(anonymous_48)
FNDA:2,(anonymous_49)
FNDA:2,(anonymous_50)
FNDA:2,(anonymous_51)
FNDA:2,(anonymous_52)
FNDA:1,(anonymous_53)
FNDA:1,(anonymous_54)
FNDA:1,(anonymous_55)
FNDA:2,(anonymous_56)
FNDA:2,(anonymous_57)
FNDA:2,(anonymous_58)
FNDA:2,(anonymous_59)
FNDA:2,(anonymous_60)
FNDA:2,(anonymous_61)
FNDA:2,(anonymous_62)
FNDA:2,(anonymous_63)
FNDA:2,(anonymous_64)
FNDA:2,(anonymous_65)
FNDA:2,(anonymous_66)
FNDA:1,(anonymous_67)
FNDA:1,(anonymous_68)
FNDA:2,(anonymous_69)
FNDA:2,(anonymous_70)
FNDA:2,(anonymous_71)
FNDA:2,(anonymous_72)
FNDA:2,(anonymous_73)
FNDA:2,(anonymous_74)
FNDA:2,(anonymous_75)
FNDA:1,(anonymous_76)
FNDA:1,(anonymous_77)
FNDA:2,(anonymous_78)
FNDA:2,(anonymous_79)
FNDA:2,(anonymous_80)
FNDA:1,(anonymous_81)
FNDA:1,(anonymous_82)
FNDA:1,(anonymous_83)
FNDA:2,(anonymous_84)
FNDA:2,(anonymous_85)
FNDA:2,(anonymous_86)
FNDA:1,(anonymous_87)
FNDA:1,(anonymous_88)
FNDA:1,(anonymous_89)
FNDA:2,(anonymous_90)
FNDA:2,(anonymous_91)
FNDA:2,(anonymous_92)
FNDA:1,(anonymous_93)
FNDA:1,(anonymous_94)
FNDA:1,(anonymous_95)
FNDA:2,(anonymous_96)
FNDA:2,(anonymous_97)
FNDA:2,(anonymous_98)
FNDA:1,(anonymous_99)
FNDA:1,(anonymous_100)
FNDA:1,(anonymous_101)
FNDA:2,(anonymous_102)
FNDA:2,(anonymous_103)
FNDA:2,(anonymous_104)
FNDA:1,(anonymous_105)
FNDA:1,(anonymous_106)
FNDA:1,(anonymous_107)
FNDA:2,(anonymous_108)
FNDA:2,(anonymous_109)
FNDA:2,(anonymous_110)
FNDA:1,(anonymous_111)
FNDA:1,(anonymous_112)
FNDA:1,(anonymous_113)
FNDA:1,(anonymous_114)
FNDA:2,(anonymous_115)
FNDA:2,(anonymous_116)
FNDA:2,(anonymous_117)
FNDA:2,(anonymous_118)
FNDA:2,(anonymous_119)
FNDA:1,(anonymous_120)
FNDA:1,(anonymous_121)
FNDA:2,(anonymous_122)
FNDA:2,(anonymous_123)
FNDA:2,(anonymous_124)
FNDA:1,(anonymous_125)
FNDA:1,(anonymous_126)
FNDA:2,(anonymous_127)
FNDA:2,(anonymous_128)
FNDA:2,(anonymous_129)
FNDA:1,(anonymous_130)
FNDA:1,(anonymous_131)
FNDA:2,(anonymous_132)
FNDA:2,(anonymous_133)
FNDA:2,(anonymous_134)
FNDA:2,(anonymous_135)
FNDA:1,(anonymous_136)
FNDA:1,(anonymous_137)
FNDA:2,(anonymous_138)
FNDA:2,(anonymous_139)
FNDA:2,(anonymous_140)
FNDA:1,(anonymous_141)
FNDA:1,(anonymous_142)
FNDA:2,(anonymous_143)
FNDA:2,(anonymous_144)
FNDA:2,(anonymous_145)
FNDA:1,(anonymous_146)
FNDA:1,(anonymous_147)
FNDA:2,(anonymous_148)
FNDA:2,(anonymous_149)
FNDA:2,(anonymous_150)
FNDA:1,(anonymous_151)
FNDA:1,(anonymous_152)
FNDA:2,(anonymous_153)
FNDA:2,(anonymous_154)
FNDA:2,(anonymous_155)
FNDA:1,(anonymous_156)
FNDA:1,(anonymous_157)
FNDA:2,(anonymous_158)
FNDA:2,(anonymous_159)
FNDA:2,(anonymous_160)
FNDA:1,(anonymous_161)
FNDA:1,(anonymous_162)
FNDA:2,(anonymous_163)
FNDA:2,(anonymous_164)
FNDA:2,(anonymous_165)
FNDA:1,(anonymous_166)
FNDA:1,(anonymous_167)
FNDA:2,(anonymous_168)
FNDA:2,(anonymous_169)
DA:10,2
DA:14,2
DA:15,2
DA:16,2
DA:17,2
DA:18,2
DA:19,2
DA:22,2
DA:23,2
DA:26,2
DA:27,2
DA:31,2
DA:32,2
DA:33,2
DA:34,2
DA:35,2
DA:36,2
DA:39,2
DA:40,2
DA:41,2
DA:42,2
DA:45,2
DA:46,2
DA:47,2
DA:48,2
DA:52,2
DA:53,2
DA:54,2
DA:55,2
DA:56,2
DA:57,2
DA:60,2
DA:61,2
DA:62,2
DA:63,2
DA:66,2
DA:67,2
DA:71,2
DA:72,2
DA:73,2
DA:74,2
DA:75,2
DA:76,2
DA:79,2
DA:80,2
DA:81,2
DA:82,2
DA:85,2
DA:86,2
DA:90,2
DA:91,2
DA:92,2
DA:93,2
DA:94,2
DA:95,2
DA:98,2
DA:99,2
DA:104,2
DA:105,2
DA:109,2
DA:110,2
DA:111,2
DA:112,2
DA:113,2
DA:114,2
DA:115,2
DA:116,2
DA:117,2
DA:118,2
DA:121,2
DA:122,2
DA:123,2
DA:124,2
DA:125,2
DA:128,2
DA:129,2
DA:130,2
DA:133,2
DA:134,2
DA:135,2
DA:136,2
DA:137,2
DA:141,2
DA:142,2
DA:143,2
DA:144,2
DA:145,2
DA:146,2
DA:147,2
DA:148,2
DA:149,2
DA:150,2
DA:153,2
DA:154,2
DA:155,2
DA:156,2
DA:157,2
DA:160,2
DA:161,2
DA:162,2
DA:163,2
DA:166,2
DA:167,2
DA:168,2
DA:169,2
DA:170,2
DA:171,2
DA:175,2
DA:176,2
DA:177,2
DA:178,2
DA:179,2
DA:180,2
DA:181,2
DA:182,2
DA:185,2
DA:186,2
DA:187,2
DA:188,2
DA:189,2
DA:190,2
DA:191,2
DA:195,2
DA:196,2
DA:197,2
DA:198,2
DA:199,2
DA:200,2
DA:201,2
DA:202,2
DA:203,2
DA:204,2
DA:205,2
DA:206,2
DA:209,2
DA:210,2
DA:211,2
DA:215,2
DA:216,2
DA:217,2
DA:218,2
DA:219,2
DA:220,2
DA:221,2
DA:222,2
DA:223,2
DA:224,2
DA:225,2
DA:226,2
DA:227,2
DA:228,2
DA:229,2
DA:232,2
DA:233,2
DA:234,2
DA:238,2
DA:239,2
DA:240,2
DA:241,2
DA:244,2
DA:245,2
DA:248,2
DA:249,2
DA:250,2
DA:251,2
DA:255,2
DA:256,2
DA:257,2
DA:258,2
DA:259,2
DA:260,2
DA:261,2
DA:262,2
DA:265,2
DA:266,2
DA:267,2
DA:268,2
DA:269,2
DA:273,2
DA:274,2
DA:275,2
DA:276,2
DA:277,2
DA:280,2
DA:281,2
DA:282,2
DA:285,2
DA:286,2
DA:287,2
DA:291,2
DA:292,2
DA:293,1
DA:294,1
DA:297,1
DA:303,2
DA:304,2
DA:309,2
DA:310,2
DA:316,2
DA:317,2
DA:323,2
DA:324,2
DA:332,2
DA:333,2
DA:337,2
DA:345,2
DA:346,2
DA:353,2
DA:354,2
DA:355,1
DA:356,1
DA:357,1
DA:361,2
DA:362,2
DA:363,2
DA:366,2
DA:367,2
DA:368,2
DA:369,2
DA:370,2
DA:371,2
DA:375,2
DA:376,2
DA:377,2
DA:378,2
DA:379,2
DA:380,2
DA:381,2
DA:384,2
DA:385,2
DA:386,2
DA:387,2
DA:388,2
DA:389,2
DA:390,2
DA:391,2
DA:392,2
DA:393,2
DA:397,2
DA:398,2
DA:399,1
DA:400,1
DA:404,2
DA:405,2
DA:408,2
DA:409,2
DA:413,2
DA:414,2
DA:415,1
DA:416,1
DA:419,1
DA:425,2
DA:426,2
DA:427,2
DA:428,2
DA:429,2
DA:432,2
DA:433,2
DA:434,2
DA:435,2
DA:439,2
DA:440,2
DA:441,1
DA:442,1
DA:443,1
DA:447,2
DA:448,2
DA:449,2
DA:450,2
DA:451,2
DA:454,2
DA:455,2
DA:456,2
DA:457,2
DA:458,2
DA:459,2
DA:463,2
DA:464,2
DA:465,1
DA:466,1
DA:467,1
DA:471,2
DA:472,2
DA:473,2
DA:474,2
DA:475,2
DA:476,2
DA:479,2
DA:480,2
DA:481,2
DA:482,2
DA:483,2
DA:484,2
DA:488,2
DA:489,2
DA:490,1
DA:491,1
DA:492,1
DA:496,2
DA:497,2
DA:498,2
DA:499,2
DA:500,2
DA:501,2
DA:504,2
DA:505,2
DA:506,2
DA:507,2
DA:508,2
DA:509,2
DA:513,2
DA:514,2
DA:515,1
DA:516,1
DA:517,1
DA:521,2
DA:522,2
DA:523,2
DA:524,2
DA:525,2
DA:526,2
DA:529,2
DA:530,2
DA:531,2
DA:532,2
DA:533,2
DA:534,2
DA:538,2
DA:539,2
DA:540,1
DA:541,1
DA:542,1
DA:543,1
DA:549,2
DA:550,2
DA:551,2
DA:552,2
DA:553,2
DA:554,2
DA:555,2
DA:558,2
DA:559,2
DA:560,2
DA:561,2
DA:562,2
DA:563,2
DA:564,2
DA:565,2
DA:566,2
DA:569,2
DA:570,2
DA:571,2
DA:572,2
DA:573,2
DA:574,2
DA:575,2
DA:576,2
DA:577,2
DA:578,2
DA:579,2
DA:582,2
DA:583,2
DA:584,2
DA:585,2
DA:586,2
DA:587,2
DA:588,2
DA:589,2
DA:590,2
DA:591,2
DA:592,2
DA:593,2
DA:594,2
DA:598,2
DA:599,2
DA:600,1
DA:601,1
DA:607,2
DA:608,2
DA:609,2
DA:610,2
DA:611,2
DA:614,2
DA:615,2
DA:619,2
DA:620,2
DA:621,1
DA:622,1
DA:628,2
DA:629,2
DA:630,2
DA:631,2
DA:634,2
DA:635,2
DA:639,2
DA:640,2
DA:641,1
DA:642,1
DA:648,2
DA:649,2
DA:652,2
DA:653,2
DA:654,2
DA:657,2
DA:658,2
DA:662,2
DA:663,2
DA:664,1
DA:665,1
DA:671,2
DA:672,2
DA:675,2
DA:676,2
DA:680,2
DA:681,2
DA:682,1
DA:683,1
DA:689,2
DA:690,2
DA:693,2
DA:694,2
DA:698,2
DA:699,2
DA:700,1
DA:701,1
DA:707,2
DA:708,2
DA:709,2
DA:712,2
DA:713,2
DA:714,2
DA:718,2
DA:719,2
DA:720,1
DA:721,1
DA:727,2
DA:728,2
DA:729,2
DA:732,2
DA:733,2
DA:734,2
DA:735,2
DA:739,2
DA:740,2
DA:741,1
DA:742,1
DA:748,2
DA:749,2
DA:750,2
DA:751,2
DA:752,2
DA:753,2
DA:756,2
DA:757,2
DA:758,2
DA:759,2
DA:760,2
DA:764,2
DA:765,2
DA:766,1
DA:767,1
DA:771,2
DA:772,2
DA:773,2
DA:774,2
DA:775,2
DA:776,2
DA:779,2
DA:780,2
DA:781,2
DA:782,2
DA:783,2
DA:784,2
DA:785,2
DA:789,2
DA:790,2
DA:791,1
DA:792,1
DA:798,2
DA:799,2
DA:800,2
DA:801,2
DA:802,2
DA:803,2
DA:806,2
DA:807,2
DA:808,2
DA:809,2
DA:810,2
DA:811,2
DA:812,2
LF:491
LH:491
BRDA:12,0,0,1
BRDA:292,1,0,1
BRDA:354,2,0,1
BRDA:398,3,0,1
BRDA:414,4,0,1
BRDA:440,5,0,1
BRDA:464,6,0,1
BRDA:489,7,0,1
BRDA:514,8,0,1
BRDA:539,9,0,1
BRDA:599,10,0,1
BRDA:620,11,0,1
BRDA:640,12,0,1
BRDA:663,13,0,1
BRDA:681,14,0,1
BRDA:699,15,0,1
BRDA:719,16,0,1
BRDA:740,17,0,1
BRDA:765,18,0,1
BRDA:790,19,0,1
BRF:20
BRH:20
end_of_record
TN:
SF:src/__tests__/jsonExpressionEvaluateTests.ts
FN:6,(anonymous_0)
FN:7,(anonymous_1)
FN:8,(anonymous_2)
FN:9,(anonymous_3)
FN:22,(anonymous_4)
FN:36,(anonymous_5)
FN:37,(anonymous_6)
FN:48,(anonymous_7)
FN:55,(anonymous_8)
FN:66,(anonymous_9)
FN:77,(anonymous_10)
FN:78,(anonymous_11)
FN:93,(anonymous_12)
FN:94,(anonymous_13)
FN:109,(anonymous_14)
FN:110,(anonymous_15)
FN:125,(anonymous_16)
FN:126,(anonymous_17)
FN:141,(anonymous_18)
FN:142,(anonymous_19)
FN:154,(anonymous_20)
FN:155,(anonymous_21)
FN:163,(anonymous_22)
FN:164,(anonymous_23)
FN:174,(anonymous_24)
FN:175,(anonymous_25)
FN:182,(anonymous_26)
FN:183,(anonymous_27)
FN:189,(anonymous_28)
FN:190,(anonymous_29)
FN:196,(anonymous_30)
FN:197,(anonymous_31)
FN:202,(anonymous_32)
FN:203,(anonymous_33)
FN:213,(anonymous_34)
FN:214,(anonymous_35)
FN:223,(anonymous_36)
FN:224,(anonymous_37)
FN:232,(anonymous_38)
FN:233,(anonymous_39)
FN:240,(anonymous_40)
FN:241,(anonymous_41)
FN:246,(anonymous_42)
FN:247,(anonymous_43)
FN:254,(anonymous_44)
FN:255,(anonymous_45)
FN:262,(anonymous_46)
FN:263,(anonymous_47)
FN:269,(anonymous_48)
FN:270,(anonymous_49)
FN:277,(anonymous_50)
FN:278,(anonymous_51)
FN:284,(anonymous_52)
FN:285,(anonymous_53)
FN:291,(anonymous_54)
FN:292,(anonymous_55)
FN:298,(anonymous_56)
FN:299,(anonymous_57)
FN:306,(anonymous_58)
FN:307,(anonymous_59)
FN:313,(anonymous_60)
FN:314,(anonymous_61)
FN:319,(anonymous_62)
FN:320,(anonymous_63)
FN:326,(anonymous_64)
FN:327,(anonymous_65)
FN:356,(anonymous_66)
FN:367,(anonymous_67)
FN:395,(anonymous_68)
FN:404,(anonymous_69)
FN:413,(anonymous_70)
FN:423,(anonymous_71)
FN:432,(anonymous_72)
FN:441,(anonymous_73)
FN:467,(anonymous_74)
FNF:75
FNH:75
FNDA:2,(anonymous_0)
FNDA:2,(anonymous_1)
FNDA:2,(anonymous_2)
FNDA:2,(anonymous_3)
FNDA:2,(anonymous_4)
FNDA:2,(anonymous_5)
FNDA:2,(anonymous_6)
FNDA:2,(anonymous_7)
FNDA:2,(anonymous_8)
FNDA:2,(anonymous_9)
FNDA:2,(anonymous_10)
FNDA:2,(anonymous_11)
FNDA:2,(anonymous_12)
FNDA:2,(anonymous_13)
FNDA:2,(anonymous_14)
FNDA:2,(anonymous_15)
FNDA:2,(anonymous_16)
FNDA:2,(anonymous_17)
FNDA:2,(anonymous_18)
FNDA:2,(anonymous_19)
FNDA:2,(anonymous_20)
FNDA:2,(anonymous_21)
FNDA:2,(anonymous_22)
FNDA:2,(anonymous_23)
FNDA:2,(anonymous_24)
FNDA:2,(anonymous_25)
FNDA:2,(anonymous_26)
FNDA:2,(anonymous_27)
FNDA:2,(anonymous_28)
FNDA:2,(anonymous_29)
FNDA:2,(anonymous_30)
FNDA:2,(anonymous_31)
FNDA:2,(anonymous_32)
FNDA:2,(anonymous_33)
FNDA:2,(anonymous_34)
FNDA:2,(anonymous_35)
FNDA:2,(anonymous_36)
FNDA:2,(anonymous_37)
FNDA:2,(anonymous_38)
FNDA:2,(anonymous_39)
FNDA:2,(anonymous_40)
FNDA:2,(anonymous_41)
FNDA:2,(anonymous_42)
FNDA:2,(anonymous_43)
FNDA:2,(anonymous_44)
FNDA:2,(anonymous_45)
FNDA:2,(anonymous_46)
FNDA:2,(anonymous_47)
FNDA:2,(anonymous_48)
FNDA:2,(anonymous_49)
FNDA:2,(anonymous_50)
FNDA:2,(anonymous_51)
FNDA:2,(anonymous_52)
FNDA:2,(anonymous_53)
FNDA:2,(anonymous_54)
FNDA:2,(anonymous_55)
FNDA:2,(anonymous_56)
FNDA:2,(anonymous_57)
FNDA:2,(anonymous_58)
FNDA:2,(anonymous_59)
FNDA:2,(anonymous_60)
FNDA:2,(anonymous_61)
FNDA:2,(anonymous_62)
FNDA:2,(anonymous_63)
FNDA:2,(anonymous_64)
FNDA:2,(anonymous_65)
FNDA:2,(anonymous_66)
FNDA:2,(anonymous_67)
FNDA:2,(anonymous_68)
FNDA:2,(anonymous_69)
FNDA:2,(anonymous_70)
FNDA:2,(anonymous_71)
FNDA:2,(anonymous_72)
FNDA:2,(anonymous_73)
FNDA:2,(anonymous_74)
DA:1,2
DA:2,2
DA:6,2
DA:7,2
DA:8,2
DA:9,2
DA:10,2
DA:17,2
DA:18,2
DA:19,2
DA:22,2
DA:23,2
DA:30,2
DA:31,2
DA:32,2
DA:36,2
DA:37,2
DA:38,2
DA:39,2
DA:40,2
DA:41,2
DA:42,2
DA:43,2
DA:44,2
DA:45,2
DA:48,2
DA:49,2
DA:50,2
DA:51,2
DA:52,2
DA:55,2
DA:56,2
DA:62,2
DA:63,2
DA:66,2
DA:67,2
DA:73,2
DA:77,2
DA:78,2
DA:79,2
DA:85,2
DA:86,2
DA:87,2
DA:88,2
DA:89,2
DA:93,2
DA:94,2
DA:95,2
DA:101,2
DA:102,2
DA:103,2
DA:104,2
DA:105,2
DA:109,2
DA:110,2
DA:111,2
DA:117,2
DA:118,2
DA:119,2
DA:120,2
DA:121,2
DA:125,2
DA:126,2
DA:127,2
DA:133,2
DA:134,2
DA:135,2
DA:136,2
DA:137,2
DA:141,2
DA:142,2
DA:143,2
DA:144,2
DA:145,2
DA:146,2
DA:147,2
DA:148,2
DA:149,2
DA:150,2
DA:154,2
DA:155,2
DA:156,2
DA:157,2
DA:158,2
DA:159,2
DA:163,2
DA:164,2
DA:165,2
DA:166,2
DA:167,2
DA:168,2
DA:169,2
DA:170,2
DA:174,2
DA:175,2
DA:176,2
DA:177,2
DA:178,2
DA:182,2
DA:183,2
DA:184,2
DA:185,2
DA:189,2
DA:190,2
DA:191,2
DA:192,2
DA:196,2
DA:197,2
DA:198,2
DA:202,2
DA:203,2
DA:204,2
DA:205,2
DA:206,2
DA:207,2
DA:208,2
DA:209,2
DA:213,2
DA:214,2
DA:215,2
DA:216,2
DA:217,2
DA:218,2
DA:219,2
DA:223,2
DA:224,2
DA:225,2
DA:226,2
DA:227,2
DA:228,2
DA:232,2
DA:233,2
DA:234,2
DA:235,2
DA:236,2
DA:240,2
DA:241,2
DA:242,2
DA:246,2
DA:247,2
DA:248,2
DA:249,2
DA:250,2
DA:254,2
DA:255,2
DA:256,2
DA:257,2
DA:258,2
DA:262,2
DA:263,2
DA:264,2
DA:265,2
DA:269,2
DA:270,2
DA:271,2
DA:272,2
DA:273,2
DA:277,2
DA:278,2
DA:279,2
DA:280,2
DA:284,2
DA:285,2
DA:286,2
DA:287,2
DA:291,2
DA:292,2
DA:293,2
DA:294,2
DA:298,2
DA:299,2
DA:300,2
DA:301,2
DA:302,2
DA:306,2
DA:307,2
DA:308,2
DA:309,2
DA:313,2
DA:314,2
DA:315,2
DA:319,2
DA:320,2
DA:321,2
DA:322,2
DA:326,2
DA:327,2
DA:328,2
DA:337,2
DA:344,2
DA:346,2
DA:353,2
DA:356,2
DA:367,2
DA:368,2
DA:375,2
DA:382,2
DA:384,2
DA:391,2
DA:395,2
DA:396,2
DA:399,2
DA:400,2
DA:404,2
DA:405,2
DA:408,2
DA:409,2
DA:413,2
DA:414,2
DA:417,2
DA:418,2
DA:419,2
DA:423,2
DA:424,2
DA:427,2
DA:428,2
DA:432,2
DA:433,2
DA:436,2
DA:437,2
DA:441,2
DA:442,2
DA:445,2
DA:446,2
DA:467,2
DA:468,2
DA:471,2
DA:472,2
DA:473,2
DA:474,2
LF:230
LH:230
BRF:0
BRH:0
end_of_record
TN:
SF:src/__tests__/jsonExpressionUnitTests.ts
FN:10,(anonymous_0)
FN:14,(anonymous_1)
FN:15,(anonymous_2)
FN:16,(anonymous_3)
FN:21,(anonymous_4)
FN:26,(anonymous_5)
FN:31,(anonymous_6)
FN:36,(anonymous_7)
FN:37,(anonymous_8)
FN:38,(anonymous_9)
FN:42,(anonymous_10)
FN:43,(anonymous_11)
FN:48,(anonymous_12)
FN:53,(anonymous_13)
FN:58,(anonymous_14)
FN:63,(anonymous_15)
FN:64,(anonymous_16)
FN:65,(anonymous_17)
FN:69,(anonymous_18)
FN:70,(anonymous_19)
FN:75,(anonymous_20)
FN:80,(anonymous_21)
FN:85,(anonymous_22)
FN:90,(anonymous_23)
FN:91,(anonymous_24)
FN:94,(anonymous_25)
FN:100,(anonymous_26)
FN:101,(anonymous_27)
FN:106,(anonymous_28)
FN:111,(anonymous_29)
FN:116,(anonymous_30)
FN:121,(anonymous_31)
FN:122,(anonymous_32)
FN:125,(anonymous_33)
FN:130,(anonymous_34)
FN:131,(anonymous_35)
FN:132,(anonymous_36)
FN:136,(anonymous_37)
FN:137,(anonymous_38)
FN:142,(anonymous_39)
FN:147,(anonymous_40)
FN:152,(anonymous_41)
FN:157,(anonymous_42)
FN:158,(anonymous_43)
FN:159,(anonymous_44)
FN:162,(anonymous_45)
FN:163,(anonymous_46)
FN:164,(anonymous_47)
FN:168,(anonymous_48)
FN:169,(anonymous_49)
FN:173,(anonymous_50)
FN:177,(anonymous_51)
FN:181,(anonymous_52)
FN:186,(anonymous_53)
FN:187,(anonymous_54)
FN:191,(anonymous_55)
FN:195,(anonymous_56)
FN:199,(anonymous_57)
FN:204,(anonymous_58)
FN:205,(anonymous_59)
FN:210,(anonymous_60)
FN:214,(anonymous_61)
FN:215,(anonymous_62)
FN:221,(anonymous_63)
FN:222,(anonymous_64)
FN:228,(anonymous_65)
FN:232,(anonymous_66)
FN:233,(anonymous_67)
FN:239,(anonymous_68)
FN:240,(anonymous_69)
FN:246,(anonymous_70)
FN:250,(anonymous_71)
FN:251,(anonymous_72)
FN:257,(anonymous_73)
FN:258,(anonymous_74)
FN:264,(anonymous_75)
FN:268,(anonymous_76)
FN:269,(anonymous_77)
FN:275,(anonymous_78)
FN:276,(anonymous_79)
FN:283,(anonymous_80)
FN:287,(anonymous_81)
FN:288,(anonymous_82)
FN:294,(anonymous_83)
FN:295,(anonymous_84)
FN:301,(anonymous_85)
FN:305,(anonymous_86)
FN:306,(anonymous_87)
FN:312,(anonymous_88)
FN:313,(anonymous_89)
FN:319,(anonymous_90)
FN:323,(anonymous_91)
FN:324,(anonymous_92)
FN:330,(anonymous_93)
FN:331,(anonymous_94)
FN:337,(anonymous_95)
FN:341,(anonymous_96)
FN:342,(anonymous_97)
FN:348,(anonymous_98)
FN:349,(anonymous_99)
FN:355,(anonymous_100)
FN:359,(anonymous_101)
FN:360,(anonymous_102)
FN:366,(anonymous_103)
FN:367,(anonymous_104)
FN:369,(anonymous_105)
FN:375,(anonymous_106)
FN:379,(anonymous_107)
FN:380,(anonymous_108)
FN:386,(anonymous_109)
FN:387,(anonymous_110)
FN:389,(anonymous_111)
FN:395,(anonymous_112)
FN:399,(anonymous_113)
FN:400,(anonymous_114)
FN:407,(anonymous_115)
FN:408,(anonymous_116)
FN:409,(anonymous_117)
FN:416,(anonymous_118)
FN:422,(anonymous_119)
FN:428,(anonymous_120)
FN:435,(anonymous_121)
FN:439,(anonymous_122)
FN:444,(anonymous_123)
FN:445,(anonymous_124)
FN:448,(anonymous_125)
FN:454,(anonymous_126)
FN:455,(anonymous_127)
FN:462,(anonymous_128)
FN:468,(anonymous_129)
FN:474,(anonymous_130)
FN:481,(anonymous_131)
FN:486,(anonymous_132)
FN:491,(anonymous_133)
FN:492,(anonymous_134)
FN:495,(anonymous_135)
FN:501,(anonymous_136)
FN:502,(anonymous_137)
FN:509,(anonymous_138)
FN:515,(anonymous_139)
FN:516,(anonymous_140)
FN:519,(anonymous_141)
FN:525,(anonymous_142)
FN:526,(anonymous_143)
FN:533,(anonymous_144)
FN:543,(anonymous_145)
FN:544,(anonymous_146)
FN:547,(anonymous_147)
FN:553,(anonymous_148)
FN:554,(anonymous_149)
FN:561,(anonymous_150)
FN:568,(anonymous_151)
FN:576,(anonymous_152)
FN:577,(anonymous_153)
FN:580,(anonymous_154)
FN:586,(anonymous_155)
FN:587,(anonymous_156)
FN:594,(anonymous_157)
FN:604,(anonymous_158)
FN:605,(anonymous_159)
FN:608,(anonymous_160)
FN:614,(anonymous_161)
FN:615,(anonymous_162)
FN:621,(anonymous_163)
FN:627,(anonymous_164)
FN:628,(anonymous_165)
FN:631,(anonymous_166)
FN:637,(anonymous_167)
FN:638,(anonymous_168)
FN:646,(anonymous_169)
FN:652,(anonymous_170)
FN:653,(anonymous_171)
FN:656,(anonymous_172)
FN:659,(anonymous_173)
FN:665,(anonymous_174)
FN:666,(anonymous_175)
FN:671,(anonymous_176)
FN:677,(anonymous_177)
FN:678,(anonymous_178)
FN:681,(anonymous_179)
FN:684,(anonymous_180)
FN:690,(anonymous_181)
FN:691,(anonymous_182)
FN:697,(anonymous_183)
FN:704,(anonymous_184)
FN:705,(anonymous_185)
FN:708,(anonymous_186)
FN:711,(anonymous_187)
FN:717,(anonymous_188)
FN:718,(anonymous_189)
FN:724,(anonymous_190)
FN:731,(anonymous_191)
FN:732,(anonymous_192)
FN:735,(anonymous_193)
FN:738,(anonymous_194)
FN:745,(anonymous_195)
FN:746,(anonymous_196)
FN:747,(anonymous_197)
FN:755,(anonymous_198)
FN:763,(anonymous_199)
FN:772,(anonymous_200)
FN:780,(anonymous_201)
FN:785,(anonymous_202)
FN:786,(anonymous_203)
FN:789,(anonymous_204)
FN:795,(anonymous_205)
FN:796,(anonymous_206)
FN:804,(anonymous_207)
FN:813,(anonymous_208)
FN:823,(anonymous_209)
FN:829,(anonymous_210)
FN:830,(anonymous_211)
FN:833,(anonymous_212)
FN:839,(anonymous_213)
FN:840,(anonymous_214)
FN:845,(anonymous_215)
FN:854,(anonymous_216)
FN:860,(anonymous_217)
FN:861,(anonymous_218)
FN:864,(anonymous_219)
FN:871,(anonymous_220)
FN:872,(anonymous_221)
FN:873,(anonymous_222)
FN:879,(anonymous_223)
FN:885,(anonymous_224)
FN:891,(anonymous_225)
FN:897,(anonymous_226)
FN:904,(anonymous_227)
FN:905,(anonymous_228)
FN:911,(anonymous_229)
FN:912,(anonymous_230)
FN:919,(anonymous_231)
FN:926,(anonymous_232)
FN:931,(anonymous_233)
FN:938,(anonymous_234)
FN:945,(anonymous_235)
FN:946,(anonymous_236)
FN:949,(anonymous_237)
FN:956,(anonymous_238)
FN:957,(anonymous_239)
FN:958,(anonymous_240)
FN:971,(anonymous_241)
FN:972,(anonymous_242)
FN:978,(anonymous_243)
FN:979,(anonymous_244)
FN:993,(anonymous_245)
FN:994,(anonymous_246)
FN:1000,(anonymous_247)
FN:1001,(anonymous_248)
FN:1018,(anonymous_249)
FN:1019,(anonymous_250)
FN:1025,(anonymous_251)
FN:1026,(anonymous_252)
FN:1043,(anonymous_253)
FN:1044,(anonymous_254)
FN:1050,(anonymous_255)
FN:1051,(anonymous_256)
FN:1057,(anonymous_257)
FN:1062,(anonymous_258)
FN:1063,(anonymous_259)
FN:1069,(anonymous_260)
FN:1070,(anonymous_261)
FN:1075,(anonymous_262)
FN:1080,(anonymous_263)
FN:1081,(anonymous_264)
FN:1087,(anonymous_265)
FN:1088,(anonymous_266)
FN:1093,(anonymous_267)
FN:1098,(anonymous_268)
FN:1099,(anonymous_269)
FN:1105,(anonymous_270)
FN:1106,(anonymous_271)
FN:1111,(anonymous_272)
FN:1116,(anonymous_273)
FN:1117,(anonymous_274)
FN:1123,(anonymous_275)
FN:1124,(anonymous_276)
FN:1129,(anonymous_277)
FN:1134,(anonymous_278)
FN:1135,(anonymous_279)
FN:1141,(anonymous_280)
FN:1142,(anonymous_281)
FN:1147,(anonymous_282)
FN:1152,(anonymous_283)
FN:1153,(anonymous_284)
FN:1159,(anonymous_285)
FN:1160,(anonymous_286)
FN:1165,(anonymous_287)
FN:1170,(anonymous_288)
FN:1171,(anonymous_289)
FN:1177,(anonymous_290)
FN:1178,(anonymous_291)
FN:1183,(anonymous_292)
FN:1188,(anonymous_293)
FN:1189,(anonymous_294)
FN:1196,(anonymous_295)
FN:1197,(anonymous_296)
FN:1198,(anonymous_297)
FN:1203,(anonymous_298)
FN:1208,(anonymous_299)
FN:1213,(anonymous_300)
FN:1217,(anonymous_301)
FN:1218,(anonymous_302)
FN:1224,(anonymous_303)
FN:1225,(anonymous_304)
FN:1231,(anonymous_305)
FN:1235,(anonymous_306)
FN:1236,(anonymous_307)
FN:1239,(anonymous_308)
FN:1245,(anonymous_309)
FN:1246,(anonymous_310)
FN:1254,(anonymous_311)
FN:1259,(anonymous_312)
FN:1260,(anonymous_313)
FN:1263,(anonymous_314)
FN:1269,(anonymous_315)
FN:1270,(anonymous_316)
FN:1279,(anonymous_317)
FN:1284,(anonymous_318)
FN:1285,(anonymous_319)
FN:1288,(anonymous_320)
FN:1294,(anonymous_321)
FN:1295,(anonymous_322)
FN:1299,(anonymous_323)
FN:1300,(anonymous_324)
FN:1303,(anonymous_325)
FN:1306,(anonymous_326)
FN:1312,(anonymous_327)
FN:1313,(anonymous_328)
FN:1315,(anonymous_329)
FN:1318,(anonymous_330)
FN:1327,(anonymous_331)
FN:1328,(anonymous_332)
FN:1335,(anonymous_333)
FN:1336,(anonymous_334)
FN:1339,(anonymous_335)
FN:1345,(anonymous_336)
FN:1346,(anonymous_337)
FN:1351,(anonymous_338)
FN:1359,(anonymous_339)
FN:1360,(anonymous_340)
FN:1366,(anonymous_341)
FN:1367,(anonymous_342)
FN:1374,(anonymous_343)
FN:1382,(anonymous_344)
FN:1383,(anonymous_345)
FN:1389,(anonymous_346)
FN:1390,(anonymous_347)
FN:1395,(anonymous_348)
FN:1404,(anonymous_349)
FN:1405,(anonymous_350)
FN:1411,(anonymous_351)
FN:1412,(anonymous_352)
FN:1417,(anonymous_353)
FN:1426,(anonymous_354)
FN:1427,(anonymous_355)
FN:1433,(anonymous_356)
FN:1434,(anonymous_357)
FN:1439,(anonymous_358)
FN:1449,(anonymous_359)
FN:1450,(anonymous_360)
FN:1456,(anonymous_361)
FN:1457,(anonymous_362)
FN:1463,(anonymous_363)
FN:1473,(anonymous_364)
FN:1474,(anonymous_365)
FN:1480,(anonymous_366)
FN:1481,(anonymous_367)
FN:1485,(anonymous_368)
FN:1495,(anonymous_369)
FN:1496,(anonymous_370)
FN:1502,(anonymous_371)
FN:1503,(anonymous_372)
FN:1507,(anonymous_373)
FN:1517,(anonymous_374)
FN:1518,(anonymous_375)
FN:1524,(anonymous_376)
FN:1525,(anonymous_377)
FN:1529,(anonymous_378)
FN:1539,(anonymous_379)
FN:1540,(anonymous_380)
FN:1546,(anonymous_381)
FN:1547,(anonymous_382)
FN:1551,(anonymous_383)
FN:1561,(anonymous_384)
FN:1562,(anonymous_385)
FN:1569,(anonymous_386)
FN:1570,(anonymous_387)
FN:1571,(anonymous_388)
FN:1577,(anonymous_389)
FN:1581,(anonymous_390)
FN:1582,(anonymous_391)
FN:1585,(anonymous_392)
FN:1590,(anonymous_393)
FN:1591,(anonymous_394)
FN:1594,(anonymous_395)
FN:1601,(anonymous_396)
FN:1602,(anonymous_397)
FN:1603,(anonymous_398)
FN:1607,(anonymous_399)
FN:1612,(anonymous_400)
FN:1617,(anonymous_401)
FN:1621,(anonymous_402)
FN:1622,(anonymous_403)
FN:1625,(anonymous_404)
FN:1631,(anonymous_405)
FN:1632,(anonymous_406)
FN:1640,(anonymous_407)
FN:1646,(anonymous_408)
FN:1650,(anonymous_409)
FN:1654,(anonymous_410)
FN:1659,(anonymous_411)
FN:1660,(anonymous_412)
FN:1663,(anonymous_413)
FN:1669,(anonymous_414)
FN:1670,(anonymous_415)
FN:1674,(anonymous_416)
FN:1678,(anonymous_417)
FN:1682,(anonymous_418)
FN:1689,(anonymous_419)
FN:1712,(anonymous_420)
FN:1713,(anonymous_421)
FN:1716,(anonymous_422)
FN:1722,(anonymous_423)
FN:1723,(anonymous_424)
FN:1729,(anonymous_425)
FN:1734,(anonymous_426)
FN:1735,(anonymous_427)
FN:1741,(anonymous_428)
FN:1742,(anonymous_429)
FN:1748,(anonymous_430)
FN:1753,(anonymous_431)
FN:1754,(anonymous_432)
FN:1760,(anonymous_433)
FN:1761,(anonymous_434)
FN:1768,(anonymous_435)
FN:1776,(anonymous_436)
FN:1777,(anonymous_437)
FN:1780,(anonymous_438)
FN:1786,(anonymous_439)
FN:1787,(anonymous_440)
FN:1791,(anonymous_441)
FN:1795,(anonymous_442)
FN:1799,(anonymous_443)
FN:1800,(anonymous_444)
FN:1806,(anonymous_445)
FN:1807,(anonymous_446)
FN:1812,(anonymous_447)
FN:1816,(anonymous_448)
FN:1820,(anonymous_449)
FN:1821,(anonymous_450)
FN:1824,(anonymous_451)
FN:1830,(anonymous_452)
FN:1831,(anonymous_453)
FN:1837,(anonymous_454)
FN:1842,(anonymous_455)
FN:1843,(anonymous_456)
FN:1846,(anonymous_457)
FN:1849,(anonymous_458)
FN:1855,(anonymous_459)
FN:1856,(anonymous_460)
FN:1874,(anonymous_461)
FN:1875,(anonymous_462)
FN:1878,(anonymous_463)
FN:1884,(anonymous_464)
FN:1885,(anonymous_465)
FN:1889,(anonymous_466)
FN:1893,(anonymous_467)
FN:1894,(anonymous_468)
FN:1897,(anonymous_469)
FN:1900,(anonymous_470)
FN:1906,(anonymous_471)
FN:1907,(anonymous_472)
FN:1911,(anonymous_473)
FN:1918,(anonymous_474)
FN:1919,(anonymous_475)
FN:1922,(anonymous_476)
FN:1925,(anonymous_477)
FN:1931,(anonymous_478)
FN:1932,(anonymous_479)
FN:1936,(anonymous_480)
FN:1940,(anonymous_481)
FN:1941,(anonymous_482)
FN:1944,(anonymous_483)
FN:1947,(anonymous_484)
FN:1950,(anonymous_485)
FN:1953,(anonymous_486)
FN:1960,(anonymous_487)
FN:1961,(anonymous_488)
FN:1962,(anonymous_489)
FN:1966,(anonymous_490)
FN:1970,(anonymous_491)
FN:1971,(anonymous_492)
FN:1977,(anonymous_493)
FN:1978,(anonymous_494)
FN:1982,(anonymous_495)
FN:1986,(anonymous_496)
FN:1987,(anonymous_497)
FN:1993,(anonymous_498)
FN:1994,(anonymous_499)
FN:1998,(anonymous_500)
FN:2002,(anonymous_501)
FN:2003,(anonymous_502)
FN:2009,(anonymous_503)
FN:2010,(anonymous_504)
FN:2014,(anonymous_505)
FN:2026,(anonymous_506)
FN:2042,(anonymous_507)
FN:2056,(anonymous_508)
FN:2058,(anonymous_509)
FN:2073,(anonymous_510)
FN:2074,(anonymous_511)
FN:2078,(anonymous_512)
FN:2082,(anonymous_513)
FN:2086,(anonymous_514)
FN:2092,(anonymous_515)
FN:2093,(anonymous_516)
FN:2094,(anonymous_517)
FN:2099,(anonymous_518)
FN:2104,(anonymous_519)
FN:2105,(anonymous_520)
FN:2108,(anonymous_521)
FN:2111,(anonymous_522)
FN:2117,(anonymous_523)
FN:2118,(anonymous_524)
FN:2127,(anonymous_525)
FN:2136,(anonymous_526)
FN:2137,(anonymous_527)
FN:2144,(anonymous_528)
FN:2145,(anonymous_529)
FN:2146,(anonymous_530)
FN:2151,(anonymous_531)
FN:2156,(anonymous_532)
FN:2161,(anonymous_533)
FN:2165,(anonymous_534)
FN:2166,(anonymous_535)
FN:2167,(anonymous_536)
FN:2170,(anonymous_537)
FN:2171,(anonymous_538)
FN:2174,(anonymous_539)
FN:2180,(anonymous_540)
FN:2181,(anonymous_541)
FN:2186,(anonymous_542)
FN:2191,(anonymous_543)
FN:2196,(anonymous_544)
FN:2200,(anonymous_545)
FN:2201,(anonymous_546)
FN:2204,(anonymous_547)
FN:2211,(anonymous_548)
FN:2212,(anonymous_549)
FN:2213,(anonymous_550)
FN:2218,(anonymous_551)
FN:2223,(anonymous_552)
FN:2228,(anonymous_553)
FN:2229,(anonymous_554)
FN:2232,(anonymous_555)
FN:2238,(anonymous_556)
FN:2239,(anonymous_557)
FN:2244,(anonymous_558)
FN:2250,(anonymous_559)
FN:2255,(anonymous_560)
FN:2256,(anonymous_561)
FN:2259,(anonymous_562)
FN:2265,(anonymous_563)
FN:2266,(anonymous_564)
FN:2271,(anonymous_565)
FN:2277,(anonymous_566)
FN:2282,(anonymous_567)
FN:2283,(anonymous_568)
FN:2286,(anonymous_569)
FN:2292,(anonymous_570)
FN:2293,(anonymous_571)
FN:2299,(anonymous_572)
FN:2300,(anonymous_573)
FN:2303,(anonymous_574)
FN:2310,(anonymous_575)
FN:2311,(anonymous_576)
FN:2312,(anonymous_577)
FN:2316,(anonymous_578)
FNF:579
FNH:579
FNDA:2,(anonymous_0)
FNDA:2,(anonymous_1)
FNDA:2,(anonymous_2)
FNDA:2,(anonymous_3)
FNDA:2,(anonymous_4)
FNDA:2,(anonymous_5)
FNDA:2,(anonymous_6)
FNDA:2,(anonymous_7)
FNDA:2,(anonymous_8)
FNDA:2,(anonymous_9)
FNDA:2,(anonymous_10)
FNDA:2,(anonymous_11)
FNDA:2,(anonymous_12)
FNDA:2,(anonymous_13)
FNDA:2,(anonymous_14)
FNDA:2,(anonymous_15)
FNDA:2,(anonymous_16)
FNDA:2,(anonymous_17)
FNDA:2,(anonymous_18)
FNDA:2,(anonymous_19)
FNDA:2,(anonymous_20)
FNDA:2,(anonymous_21)
FNDA:2,(anonymous_22)
FNDA:2,(anonymous_23)
FNDA:2,(anonymous_24)
FNDA:2,(anonymous_25)
FNDA:2,(anonymous_26)
FNDA:2,(anonymous_27)
FNDA:2,(anonymous_28)
FNDA:2,(anonymous_29)
FNDA:2,(anonymous_30)
FNDA:2,(anonymous_31)
FNDA:2,(anonymous_32)
FNDA:2,(anonymous_33)
FNDA:2,(anonymous_34)
FNDA:2,(anonymous_35)
FNDA:2,(anonymous_36)
FNDA:2,(anonymous_37)
FNDA:2,(anonymous_38)
FNDA:2,(anonymous_39)
FNDA:2,(anonymous_40)
FNDA:2,(anonymous_41)
FNDA:2,(anonymous_42)
FNDA:2,(anonymous_43)
FNDA:2,(anonymous_44)
FNDA:2,(anonymous_45)
FNDA:2,(anonymous_46)
FNDA:2,(anonymous_47)
FNDA:2,(anonymous_48)
FNDA:2,(anonymous_49)
FNDA:2,(anonymous_50)
FNDA:2,(anonymous_51)
FNDA:2,(anonymous_52)
FNDA:2,(anonymous_53)
FNDA:2,(anonymous_54)
FNDA:2,(anonymous_55)
FNDA:2,(anonymous_56)
FNDA:2,(anonymous_57)
FNDA:2,(anonymous_58)
FNDA:2,(anonymous_59)
FNDA:2,(anonymous_60)
FNDA:2,(anonymous_61)
FNDA:2,(anonymous_62)
FNDA:2,(anonymous_63)
FNDA:2,(anonymous_64)
FNDA:2,(anonymous_65)
FNDA:2,(anonymous_66)
FNDA:2,(anonymous_67)
FNDA:2,(anonymous_68)
FNDA:2,(anonymous_69)
FNDA:2,(anonymous_70)
FNDA:2,(anonymous_71)
FNDA:2,(anonymous_72)
FNDA:2,(anonymous_73)
FNDA:2,(anonymous_74)
FNDA:2,(anonymous_75)
FNDA:2,(anonymous_76)
FNDA:2,(anonymous_77)
FNDA:2,(anonymous_78)
FNDA:2,(anonymous_79)
FNDA:2,(anonymous_80)
FNDA:2,(anonymous_81)
FNDA:2,(anonymous_82)
FNDA:2,(anonymous_83)
FNDA:2,(anonymous_84)
FNDA:2,(anonymous_85)
FNDA:2,(anonymous_86)
FNDA:2,(anonymous_87)
FNDA:2,(anonymous_88)
FNDA:2,(anonymous_89)
FNDA:2,(anonymous_90)
FNDA:2,(anonymous_91)
FNDA:2,(anonymous_92)
FNDA:2,(anonymous_93)
FNDA:2,(anonymous_94)
FNDA:2,(anonymous_95)
FNDA:2,(anonymous_96)
FNDA:2,(anonymous_97)
FNDA:2,(anonymous_98)
FNDA:2,(anonymous_99)
FNDA:2,(anonymous_100)
FNDA:2,(anonymous_101)
FNDA:2,(anonymous_102)
FNDA:2,(anonymous_103)
FNDA:10,(anonymous_104)
FNDA:2,(anonymous_105)
FNDA:2,(anonymous_106)
FNDA:2,(anonymous_107)
FNDA:2,(anonymous_108)
FNDA:2,(anonymous_109)
FNDA:10,(anonymous_110)
FNDA:2,(anonymous_111)
FNDA:2,(anonymous_112)
FNDA:2,(anonymous_113)
FNDA:2,(anonymous_114)
FNDA:2,(anonymous_115)
FNDA:2,(anonymous_116)
FNDA:2,(anonymous_117)
FNDA:2,(anonymous_118)
FNDA:2,(anonymous_119)
FNDA:2,(anonymous_120)
FNDA:2,(anonymous_121)
FNDA:2,(anonymous_122)
FNDA:2,(anonymous_123)
FNDA:2,(anonymous_124)
FNDA:2,(anonymous_125)
FNDA:2,(anonymous_126)
FNDA:2,(anonymous_127)
FNDA:2,(anonymous_128)
FNDA:2,(anonymous_129)
FNDA:2,(anonymous_130)
FNDA:2,(anonymous_131)
FNDA:2,(anonymous_132)
FNDA:2,(anonymous_133)
FNDA:2,(anonymous_134)
FNDA:2,(anonymous_135)
FNDA:2,(anonymous_136)
FNDA:2,(anonymous_137)
FNDA:2,(anonymous_138)
FNDA:2,(anonymous_139)
FNDA:2,(anonymous_140)
FNDA:2,(anonymous_141)
FNDA:2,(anonymous_142)
FNDA:2,(anonymous_143)
FNDA:2,(anonymous_144)
FNDA:2,(anonymous_145)
FNDA:2,(anonymous_146)
FNDA:2,(anonymous_147)
FNDA:2,(anonymous_148)
FNDA:2,(anonymous_149)
FNDA:2,(anonymous_150)
FNDA:2,(anonymous_151)
FNDA:2,(anonymous_152)
FNDA:2,(anonymous_153)
FNDA:2,(anonymous_154)
FNDA:2,(anonymous_155)
FNDA:2,(anonymous_156)
FNDA:2,(anonymous_157)
FNDA:2,(anonymous_158)
FNDA:2,(anonymous_159)
FNDA:2,(anonymous_160)
FNDA:2,(anonymous_161)
FNDA:2,(anonymous_162)
FNDA:2,(anonymous_163)
FNDA:2,(anonymous_164)
FNDA:2,(anonymous_165)
FNDA:2,(anonymous_166)
FNDA:2,(anonymous_167)
FNDA:2,(anonymous_168)
FNDA:2,(anonymous_169)
FNDA:2,(anonymous_170)
FNDA:2,(anonymous_171)
FNDA:2,(anonymous_172)
FNDA:2,(anonymous_173)
FNDA:2,(anonymous_174)
FNDA:2,(anonymous_175)
FNDA:2,(anonymous_176)
FNDA:2,(anonymous_177)
FNDA:2,(anonymous_178)
FNDA:2,(anonymous_179)
FNDA:2,(anonymous_180)
FNDA:2,(anonymous_181)
FNDA:2,(anonymous_182)
FNDA:2,(anonymous_183)
FNDA:2,(anonymous_184)
FNDA:2,(anonymous_185)
FNDA:2,(anonymous_186)
FNDA:2,(anonymous_187)
FNDA:2,(anonymous_188)
FNDA:2,(anonymous_189)
FNDA:2,(anonymous_190)
FNDA:2,(anonymous_191)
FNDA:2,(anonymous_192)
FNDA:2,(anonymous_193)
FNDA:2,(anonymous_194)
FNDA:2,(anonymous_195)
FNDA:2,(anonymous_196)
FNDA:2,(anonymous_197)
FNDA:2,(anonymous_198)
FNDA:2,(anonymous_199)
FNDA:2,(anonymous_200)
FNDA:2,(anonymous_201)
FNDA:2,(anonymous_202)
FNDA:2,(anonymous_203)
FNDA:2,(anonymous_204)
FNDA:2,(anonymous_205)
FNDA:2,(anonymous_206)
FNDA:2,(anonymous_207)
FNDA:2,(anonymous_208)
FNDA:2,(anonymous_209)
FNDA:2,(anonymous_210)
FNDA:2,(anonymous_211)
FNDA:2,(anonymous_212)
FNDA:2,(anonymous_213)
FNDA:2,(anonymous_214)
FNDA:2,(anonymous_215)
FNDA:2,(anonymous_216)
FNDA:2,(anonymous_217)
FNDA:2,(anonymous_218)
FNDA:2,(anonymous_219)
FNDA:2,(anonymous_220)
FNDA:2,(anonymous_221)
FNDA:2,(anonymous_222)
FNDA:2,(anonymous_223)
FNDA:2,(anonymous_224)
FNDA:2,(anonymous_225)
FNDA:2,(anonymous_226)
FNDA:2,(anonymous_227)
FNDA:2,(anonymous_228)
FNDA:2,(anonymous_229)
FNDA:2,(anonymous_230)
FNDA:2,(anonymous_231)
FNDA:2,(anonymous_232)
FNDA:2,(anonymous_233)
FNDA:2,(anonymous_234)
FNDA:2,(anonymous_235)
FNDA:2,(anonymous_236)
FNDA:2,(anonymous_237)
FNDA:2,(anonymous_238)
FNDA:2,(anonymous_239)
FNDA:2,(anonymous_240)
FNDA:2,(anonymous_241)
FNDA:2,(anonymous_242)
FNDA:2,(anonymous_243)
FNDA:2,(anonymous_244)
FNDA:2,(anonymous_245)
FNDA:2,(anonymous_246)
FNDA:2,(anonymous_247)
FNDA:2,(anonymous_248)
FNDA:2,(anonymous_249)
FNDA:2,(anonymous_250)
FNDA:2,(anonymous_251)
FNDA:2,(anonymous_252)
FNDA:2,(anonymous_253)
FNDA:2,(anonymous_254)
FNDA:2,(anonymous_255)
FNDA:2,(anonymous_256)
FNDA:2,(anonymous_257)
FNDA:2,(anonymous_258)
FNDA:2,(anonymous_259)
FNDA:2,(anonymous_260)
FNDA:2,(anonymous_261)
FNDA:2,(anonymous_262)
FNDA:2,(anonymous_263)
FNDA:2,(anonymous_264)
FNDA:2,(anonymous_265)
FNDA:2,(anonymous_266)
FNDA:2,(anonymous_267)
FNDA:2,(anonymous_268)
FNDA:2,(anonymous_269)
FNDA:2,(anonymous_270)
FNDA:2,(anonymous_271)
FNDA:2,(anonymous_272)
FNDA:2,(anonymous_273)
FNDA:2,(anonymous_274)
FNDA:2,(anonymous_275)
FNDA:2,(anonymous_276)
FNDA:2,(anonymous_277)
FNDA:2,(anonymous_278)
FNDA:2,(anonymous_279)
FNDA:2,(anonymous_280)
FNDA:2,(anonymous_281)
FNDA:2,(anonymous_282)
FNDA:2,(anonymous_283)
FNDA:2,(anonymous_284)
FNDA:2,(anonymous_285)
FNDA:2,(anonymous_286)
FNDA:2,(anonymous_287)
FNDA:2,(anonymous_288)
FNDA:2,(anonymous_289)
FNDA:2,(anonymous_290)
FNDA:2,(anonymous_291)
FNDA:2,(anonymous_292)
FNDA:2,(anonymous_293)
FNDA:2,(anonymous_294)
FNDA:2,(anonymous_295)
FNDA:2,(anonymous_296)
FNDA:2,(anonymous_297)
FNDA:2,(anonymous_298)
FNDA:2,(anonymous_299)
FNDA:2,(anonymous_300)
FNDA:2,(anonymous_301)
FNDA:2,(anonymous_302)
FNDA:2,(anonymous_303)
FNDA:2,(anonymous_304)
FNDA:2,(anonymous_305)
FNDA:2,(anonymous_306)
FNDA:2,(anonymous_307)
FNDA:2,(anonymous_308)
FNDA:2,(anonymous_309)
FNDA:2,(anonymous_310)
FNDA:2,(anonymous_311)
FNDA:2,(anonymous_312)
FNDA:2,(anonymous_313)
FNDA:2,(anonymous_314)
FNDA:2,(anonymous_315)
FNDA:2,(anonymous_316)
FNDA:2,(anonymous_317)
FNDA:2,(anonymous_318)
FNDA:2,(anonymous_319)
FNDA:2,(anonymous_320)
FNDA:2,(anonymous_321)
FNDA:2,(anonymous_322)
FNDA:2,(anonymous_323)
FNDA:2,(anonymous_324)
FNDA:2,(anonymous_325)
FNDA:2,(anonymous_326)
FNDA:2,(anonymous_327)
FNDA:4,(anonymous_328)
FNDA:4,(anonymous_329)
FNDA:2,(anonymous_330)
FNDA:2,(anonymous_331)
FNDA:2,(anonymous_332)
FNDA:2,(anonymous_333)
FNDA:2,(anonymous_334)
FNDA:2,(anonymous_335)
FNDA:2,(anonymous_336)
FNDA:2,(anonymous_337)
FNDA:2,(anonymous_338)
FNDA:2,(anonymous_339)
FNDA:2,(anonymous_340)
FNDA:2,(anonymous_341)
FNDA:2,(anonymous_342)
FNDA:2,(anonymous_343)
FNDA:2,(anonymous_344)
FNDA:2,(anonymous_345)
FNDA:2,(anonymous_346)
FNDA:2,(anonymous_347)
FNDA:2,(anonymous_348)
FNDA:2,(anonymous_349)
FNDA:2,(anonymous_350)
FNDA:2,(anonymous_351)
FNDA:2,(anonymous_352)
FNDA:2,(anonymous_353)
FNDA:2,(anonymous_354)
FNDA:2,(anonymous_355)
FNDA:2,(anonymous_356)
FNDA:2,(anonymous_357)
FNDA:2,(anonymous_358)
FNDA:2,(anonymous_359)
FNDA:2,(anonymous_360)
FNDA:2,(anonymous_361)
FNDA:2,(anonymous_362)
FNDA:2,(anonymous_363)
FNDA:2,(anonymous_364)
FNDA:2,(anonymous_365)
FNDA:2,(anonymous_366)
FNDA:2,(anonymous_367)
FNDA:2,(anonymous_368)
FNDA:2,(anonymous_369)
FNDA:2,(anonymous_370)
FNDA:2,(anonymous_371)
FNDA:2,(anonymous_372)
FNDA:2,(anonymous_373)
FNDA:2,(anonymous_374)
FNDA:2,(anonymous_375)
FNDA:2,(anonymous_376)
FNDA:2,(anonymous_377)
FNDA:2,(anonymous_378)
FNDA:2,(anonymous_379)
FNDA:2,(anonymous_380)
FNDA:2,(anonymous_381)
FNDA:2,(anonymous_382)
FNDA:2,(anonymous_383)
FNDA:2,(anonymous_384)
FNDA:2,(anonymous_385)
FNDA:2,(anonymous_386)
FNDA:2,(anonymous_387)
FNDA:2,(anonymous_388)
FNDA:2,(anonymous_389)
FNDA:2,(anonymous_390)
FNDA:2,(anonymous_391)
FNDA:2,(anonymous_392)
FNDA:2,(anonymous_393)
FNDA:2,(anonymous_394)
FNDA:2,(anonymous_395)
FNDA:2,(anonymous_396)
FNDA:2,(anonymous_397)
FNDA:2,(anonymous_398)
FNDA:2,(anonymous_399)
FNDA:2,(anonymous_400)
FNDA:2,(anonymous_401)
FNDA:2,(anonymous_402)
FNDA:2,(anonymous_403)
FNDA:2,(anonymous_404)
FNDA:2,(anonymous_405)
FNDA:2,(anonymous_406)
FNDA:2,(anonymous_407)
FNDA:2,(anonymous_408)
FNDA:2,(anonymous_409)
FNDA:2,(anonymous_410)
FNDA:2,(anonymous_411)
FNDA:2,(anonymous_412)
FNDA:2,(anonymous_413)
FNDA:2,(anonymous_414)
FNDA:2,(anonymous_415)
FNDA:2,(anonymous_416)
FNDA:2,(anonymous_417)
FNDA:2,(anonymous_418)
FNDA:2,(anonymous_419)
FNDA:2,(anonymous_420)
FNDA:2,(anonymous_421)
FNDA:2,(anonymous_422)
FNDA:2,(anonymous_423)
FNDA:2,(anonymous_424)
FNDA:2,(anonymous_425)
FNDA:2,(anonymous_426)
FNDA:2,(anonymous_427)
FNDA:2,(anonymous_428)
FNDA:2,(anonymous_429)
FNDA:2,(anonymous_430)
FNDA:2,(anonymous_431)
FNDA:2,(anonymous_432)
FNDA:2,(anonymous_433)
FNDA:2,(anonymous_434)
FNDA:2,(anonymous_435)
FNDA:2,(anonymous_436)
FNDA:2,(anonymous_437)
FNDA:2,(anonymous_438)
FNDA:2,(anonymous_439)
FNDA:2,(anonymous_440)
FNDA:2,(anonymous_441)
FNDA:2,(anonymous_442)
FNDA:2,(anonymous_443)
FNDA:2,(anonymous_444)
FNDA:2,(anonymous_445)
FNDA:2,(anonymous_446)
FNDA:2,(anonymous_447)
FNDA:2,(anonymous_448)
FNDA:2,(anonymous_449)
FNDA:2,(anonymous_450)
FNDA:2,(anonymous_451)
FNDA:2,(anonymous_452)
FNDA:2,(anonymous_453)
FNDA:2,(anonymous_454)
FNDA:2,(anonymous_455)
FNDA:2,(anonymous_456)
FNDA:2,(anonymous_457)
FNDA:2,(anonymous_458)
FNDA:2,(anonymous_459)
FNDA:2,(anonymous_460)
FNDA:2,(anonymous_461)
FNDA:2,(anonymous_462)
FNDA:2,(anonymous_463)
FNDA:2,(anonymous_464)
FNDA:2,(anonymous_465)
FNDA:2,(anonymous_466)
FNDA:2,(anonymous_467)
FNDA:2,(anonymous_468)
FNDA:2,(anonymous_469)
FNDA:2,(anonymous_470)
FNDA:2,(anonymous_471)
FNDA:2,(anonymous_472)
FNDA:2,(anonymous_473)
FNDA:2,(anonymous_474)
FNDA:2,(anonymous_475)
FNDA:2,(anonymous_476)
FNDA:2,(anonymous_477)
FNDA:2,(anonymous_478)
FNDA:2,(anonymous_479)
FNDA:2,(anonymous_480)
FNDA:2,(anonymous_481)
FNDA:2,(anonymous_482)
FNDA:2,(anonymous_483)
FNDA:2,(anonymous_484)
FNDA:2,(anonymous_485)
FNDA:2,(anonymous_486)
FNDA:2,(anonymous_487)
FNDA:2,(anonymous_488)
FNDA:2,(anonymous_489)
FNDA:2,(anonymous_490)
FNDA:2,(anonymous_491)
FNDA:2,(anonymous_492)
FNDA:2,(anonymous_493)
FNDA:2,(anonymous_494)
FNDA:2,(anonymous_495)
FNDA:2,(anonymous_496)
FNDA:2,(anonymous_497)
FNDA:2,(anonymous_498)
FNDA:2,(anonymous_499)
FNDA:2,(anonymous_500)
FNDA:2,(anonymous_501)
FNDA:2,(anonymous_502)
FNDA:2,(anonymous_503)
FNDA:2,(anonymous_504)
FNDA:2,(anonymous_505)
FNDA:2,(anonymous_506)
FNDA:2,(anonymous_507)
FNDA:2,(anonymous_508)
FNDA:2,(anonymous_509)
FNDA:2,(anonymous_510)
FNDA:2,(anonymous_511)
FNDA:2,(anonymous_512)
FNDA:2,(anonymous_513)
FNDA:2,(anonymous_514)
FNDA:2,(anonymous_515)
FNDA:2,(anonymous_516)
FNDA:2,(anonymous_517)
FNDA:2,(anonymous_518)
FNDA:2,(anonymous_519)
FNDA:2,(anonymous_520)
FNDA:2,(anonymous_521)
FNDA:2,(anonymous_522)
FNDA:2,(anonymous_523)
FNDA:2,(anonymous_524)
FNDA:2,(anonymous_525)
FNDA:2,(anonymous_526)
FNDA:2,(anonymous_527)
FNDA:2,(anonymous_528)
FNDA:2,(anonymous_529)
FNDA:2,(anonymous_530)
FNDA:2,(anonymous_531)
FNDA:2,(anonymous_532)
FNDA:2,(anonymous_533)
FNDA:2,(anonymous_534)
FNDA:2,(anonymous_535)
FNDA:2,(anonymous_536)
FNDA:2,(anonymous_537)
FNDA:2,(anonymous_538)
FNDA:2,(anonymous_539)
FNDA:2,(anonymous_540)
FNDA:2,(anonymous_541)
FNDA:2,(anonymous_542)
FNDA:2,(anonymous_543)
FNDA:2,(anonymous_544)
FNDA:2,(anonymous_545)
FNDA:2,(anonymous_546)
FNDA:2,(anonymous_547)
FNDA:2,(anonymous_548)
FNDA:2,(anonymous_549)
FNDA:2,(anonymous_550)
FNDA:2,(anonymous_551)
FNDA:2,(anonymous_552)
FNDA:2,(anonymous_553)
FNDA:2,(anonymous_554)
FNDA:2,(anonymous_555)
FNDA:2,(anonymous_556)
FNDA:2,(anonymous_557)
FNDA:2,(anonymous_558)
FNDA:2,(anonymous_559)
FNDA:2,(anonymous_560)
FNDA:2,(anonymous_561)
FNDA:2,(anonymous_562)
FNDA:2,(anonymous_563)
FNDA:2,(anonymous_564)
FNDA:2,(anonymous_565)
FNDA:2,(anonymous_566)
FNDA:2,(anonymous_567)
FNDA:2,(anonymous_568)
FNDA:2,(anonymous_569)
FNDA:2,(anonymous_570)
FNDA:2,(anonymous_571)
FNDA:2,(anonymous_572)
FNDA:2,(anonymous_573)
FNDA:2,(anonymous_574)
FNDA:2,(anonymous_575)
FNDA:2,(anonymous_576)
FNDA:2,(anonymous_577)
FNDA:2,(anonymous_578)
DA:10,2
DA:14,2
DA:15,2
DA:16,2
DA:17,2
DA:18,2
DA:21,2
DA:22,2
DA:23,2
DA:26,2
DA:27,2
DA:28,2
DA:31,2
DA:32,2
DA:33,2
DA:36,2
DA:37,2
DA:38,2
DA:42,2
DA:43,2
DA:44,2
DA:45,2
DA:48,2
DA:49,2
DA:50,2
DA:53,2
DA:54,2
DA:55,2
DA:58,2
DA:59,2
DA:60,2
DA:63,2
DA:64,2
DA:65,2
DA:69,2
DA:70,2
DA:71,2
DA:72,2
DA:75,2
DA:76,2
DA:77,2
DA:80,2
DA:81,2
DA:82,2
DA:85,2
DA:86,2
DA:87,2
DA:90,2
DA:91,2
DA:94,2
DA:100,2
DA:101,2
DA:102,2
DA:103,2
DA:106,2
DA:107,2
DA:108,2
DA:111,2
DA:112,2
DA:113,2
DA:116,2
DA:117,2
DA:118,2
DA:121,2
DA:122,2
DA:125,2
DA:130,2
DA:131,2
DA:132,2
DA:136,2
DA:137,2
DA:138,2
DA:139,2
DA:142,2
DA:143,2
DA:144,2
DA:147,2
DA:148,2
DA:149,2
DA:152,2
DA:153,2
DA:154,2
DA:157,2
DA:158,2
DA:159,2
DA:162,2
DA:163,2
DA:164,2
DA:168,2
DA:169,2
DA:170,2
DA:173,2
DA:174,2
DA:177,2
DA:178,2
DA:181,2
DA:182,2
DA:186,2
DA:187,2
DA:188,2
DA:191,2
DA:192,2
DA:195,2
DA:196,2
DA:199,2
DA:200,2
DA:204,2
DA:205,2
DA:206,2
DA:207,2
DA:210,2
DA:211,2
DA:214,2
DA:215,2
DA:221,2
DA:222,2
DA:223,2
DA:224,2
DA:225,2
DA:228,2
DA:229,2
DA:232,2
DA:233,2
DA:239,2
DA:240,2
DA:241,2
DA:242,2
DA:243,2
DA:246,2
DA:247,2
DA:250,2
DA:251,2
DA:257,2
DA:258,2
DA:259,2
DA:260,2
DA:261,2
DA:264,2
DA:265,2
DA:268,2
DA:269,2
DA:275,2
DA:276,2
DA:277,2
DA:278,2
DA:279,2
DA:280,2
DA:283,2
DA:284,2
DA:287,2
DA:288,2
DA:294,2
DA:295,2
DA:296,2
DA:297,2
DA:298,2
DA:301,2
DA:302,2
DA:305,2
DA:306,2
DA:312,2
DA:313,2
DA:314,2
DA:315,2
DA:316,2
DA:319,2
DA:320,2
DA:323,2
DA:324,2
DA:330,2
DA:331,2
DA:332,2
DA:333,2
DA:334,2
DA:337,2
DA:338,2
DA:341,2
DA:342,2
DA:348,2
DA:349,2
DA:350,2
DA:351,2
DA:352,2
DA:355,2
DA:356,2
DA:359,2
DA:360,2
DA:366,2
DA:367,10
DA:369,2
DA:370,2
DA:371,2
DA:372,2
DA:375,2
DA:376,2
DA:379,2
DA:380,2
DA:386,2
DA:387,10
DA:389,2
DA:390,2
DA:391,2
DA:392,2
DA:395,2
DA:396,2
DA:399,2
DA:400,2
DA:407,2
DA:408,2
DA:409,2
DA:410,2
DA:411,2
DA:412,2
DA:413,2
DA:416,2
DA:417,2
DA:418,2
DA:419,2
DA:422,2
DA:423,2
DA:424,2
DA:425,2
DA:428,2
DA:429,2
DA:430,2
DA:431,2
DA:432,2
DA:435,2
DA:436,2
DA:439,2
DA:440,2
DA:441,2
DA:444,2
DA:445,2
DA:448,2
DA:454,2
DA:455,2
DA:456,2
DA:457,2
DA:458,2
DA:459,2
DA:462,2
DA:463,2
DA:464,2
DA:465,2
DA:468,2
DA:469,2
DA:470,2
DA:471,2
DA:474,2
DA:475,2
DA:476,2
DA:477,2
DA:478,2
DA:481,2
DA:482,2
DA:483,2
DA:486,2
DA:487,2
DA:488,2
DA:491,2
DA:492,2
DA:495,2
DA:501,2
DA:502,2
DA:503,2
DA:504,2
DA:505,2
DA:506,2
DA:509,2
DA:510,2
DA:511,2
DA:512,2
DA:515,2
DA:516,2
DA:519,2
DA:525,2
DA:526,2
DA:527,2
DA:528,2
DA:529,2
DA:530,2
DA:533,2
DA:534,2
DA:535,2
DA:536,2
DA:537,2
DA:538,2
DA:539,2
DA:540,2
DA:543,2
DA:544,2
DA:547,2
DA:553,2
DA:554,2
DA:555,2
DA:556,2
DA:557,2
DA:558,2
DA:561,2
DA:562,2
DA:563,2
DA:564,2
DA:565,2
DA:568,2
DA:569,2
DA:570,2
DA:571,2
DA:572,2
DA:573,2
DA:576,2
DA:577,2
DA:580,2
DA:586,2
DA:587,2
DA:588,2
DA:589,2
DA:590,2
DA:591,2
DA:594,2
DA:595,2
DA:596,2
DA:597,2
DA:598,2
DA:599,2
DA:600,2
DA:601,2
DA:604,2
DA:605,2
DA:608,2
DA:614,2
DA:615,2
DA:616,2
DA:617,2
DA:618,2
DA:621,2
DA:622,2
DA:623,2
DA:624,2
DA:627,2
DA:628,2
DA:631,2
DA:637,2
DA:638,2
DA:639,2
DA:640,2
DA:641,2
DA:642,2
DA:643,2
DA:646,2
DA:647,2
DA:648,2
DA:649,2
DA:652,2
DA:653,2
DA:656,2
DA:659,2
DA:665,2
DA:666,2
DA:667,2
DA:668,2
DA:671,2
DA:672,2
DA:673,2
DA:674,2
DA:677,2
DA:678,2
DA:681,2
DA:684,2
DA:690,2
DA:691,2
DA:692,2
DA:693,2
DA:694,2
DA:697,2
DA:698,2
DA:699,2
DA:700,2
DA:701,2
DA:704,2
DA:705,2
DA:708,2
DA:711,2
DA:717,2
DA:718,2
DA:719,2
DA:720,2
DA:721,2
DA:724,2
DA:725,2
DA:726,2
DA:727,2
DA:728,2
DA:731,2
DA:732,2
DA:735,2
DA:738,2
DA:745,2
DA:746,2
DA:747,2
DA:748,2
DA:749,2
DA:750,2
DA:751,2
DA:752,2
DA:755,2
DA:756,2
DA:757,2
DA:758,2
DA:759,2
DA:760,2
DA:763,2
DA:764,2
DA:765,2
DA:766,2
DA:767,2
DA:768,2
DA:769,2
DA:772,2
DA:773,2
DA:774,2
DA:775,2
DA:776,2
DA:777,2
DA:780,2
DA:781,2
DA:782,2
DA:785,2
DA:786,2
DA:789,2
DA:795,2
DA:796,2
DA:797,2
DA:798,2
DA:799,2
DA:800,2
DA:801,2
DA:804,2
DA:805,2
DA:806,2
DA:807,2
DA:808,2
DA:809,2
DA:810,2
DA:813,2
DA:814,2
DA:815,2
DA:816,2
DA:817,2
DA:818,2
DA:819,2
DA:820,2
DA:823,2
DA:824,2
DA:825,2
DA:826,2
DA:829,2
DA:830,2
DA:833,2
DA:839,2
DA:840,2
DA:841,2
DA:842,2
DA:845,2
DA:846,2
DA:847,2
DA:848,2
DA:849,2
DA:850,2
DA:851,2
DA:854,2
DA:855,2
DA:856,2
DA:857,2
DA:860,2
DA:861,2
DA:864,2
DA:871,2
DA:872,2
DA:873,2
DA:874,2
DA:875,2
DA:876,2
DA:879,2
DA:880,2
DA:881,2
DA:882,2
DA:885,2
DA:886,2
DA:887,2
DA:888,2
DA:891,2
DA:892,2
DA:893,2
DA:894,2
DA:897,2
DA:898,2
DA:899,2
DA:900,2
DA:901,2
DA:904,2
DA:905,2
DA:911,2
DA:912,2
DA:913,2
DA:914,2
DA:915,2
DA:916,2
DA:919,2
DA:920,2
DA:921,2
DA:922,2
DA:923,2
DA:926,2
DA:927,2
DA:928,2
DA:931,2
DA:932,2
DA:933,2
DA:934,2
DA:935,2
DA:938,2
DA:939,2
DA:940,2
DA:941,2
DA:942,2
DA:945,2
DA:946,2
DA:949,2
DA:956,2
DA:957,2
DA:958,2
DA:959,2
DA:960,2
DA:961,2
DA:962,2
DA:963,2
DA:964,2
DA:965,2
DA:966,2
DA:967,2
DA:968,2
DA:971,2
DA:972,2
DA:978,2
DA:979,2
DA:980,2
DA:981,2
DA:982,2
DA:983,2
DA:984,2
DA:985,2
DA:986,2
DA:987,2
DA:988,2
DA:989,2
DA:990,2
DA:993,2
DA:994,2
DA:1000,2
DA:1001,2
DA:1002,2
DA:1003,2
DA:1004,2
DA:1005,2
DA:1006,2
DA:1007,2
DA:1008,2
DA:1009,2
DA:1010,2
DA:1011,2
DA:1012,2
DA:1013,2
DA:1014,2
DA:1015,2
DA:1018,2
DA:1019,2
DA:1025,2
DA:1026,2
DA:1027,2
DA:1028,2
DA:1029,2
DA:1030,2
DA:1031,2
DA:1032,2
DA:1033,2
DA:1034,2
DA:1035,2
DA:1036,2
DA:1037,2
DA:1038,2
DA:1039,2
DA:1040,2
DA:1043,2
DA:1044,2
DA:1050,2
DA:1051,2
DA:1052,2
DA:1057,2
DA:1058,2
DA:1059,2
DA:1062,2
DA:1063,2
DA:1069,2
DA:1070,2
DA:1071,2
DA:1072,2
DA:1075,2
DA:1076,2
DA:1077,2
DA:1080,2
DA:1081,2
DA:1087,2
DA:1088,2
DA:1089,2
DA:1090,2
DA:1093,2
DA:1094,2
DA:1095,2
DA:1098,2
DA:1099,2
DA:1105,2
DA:1106,2
DA:1107,2
DA:1108,2
DA:1111,2
DA:1112,2
DA:1113,2
DA:1116,2
DA:1117,2
DA:1123,2
DA:1124,2
DA:1125,2
DA:1126,2
DA:1129,2
DA:1130,2
DA:1131,2
DA:1134,2
DA:1135,2
DA:1141,2
DA:1142,2
DA:1143,2
DA:1144,2
DA:1147,2
DA:1148,2
DA:1149,2
DA:1152,2
DA:1153,2
DA:1159,2
DA:1160,2
DA:1161,2
DA:1162,2
DA:1165,2
DA:1166,2
DA:1167,2
DA:1170,2
DA:1171,2
DA:1177,2
DA:1178,2
DA:1179,2
DA:1180,2
DA:1183,2
DA:1184,2
DA:1185,2
DA:1188,2
DA:1189,2
DA:1196,2
DA:1197,2
DA:1198,2
DA:1199,2
DA:1200,2
DA:1203,2
DA:1204,2
DA:1205,2
DA:1208,2
DA:1209,2
DA:1210,2
DA:1213,2
DA:1214,2
DA:1217,2
DA:1218,2
DA:1224,2
DA:1225,2
DA:1226,2
DA:1227,2
DA:1228,2
DA:1231,2
DA:1232,2
DA:1235,2
DA:1236,2
DA:1239,2
DA:1245,2
DA:1246,2
DA:1247,2
DA:1248,2
DA:1249,2
DA:1250,2
DA:1251,2
DA:1254,2
DA:1255,2
DA:1256,2
DA:1259,2
DA:1260,2
DA:1263,2
DA:1269,2
DA:1270,2
DA:1271,2
DA:1272,2
DA:1273,2
DA:1274,2
DA:1275,2
DA:1276,2
DA:1279,2
DA:1280,2
DA:1281,2
DA:1284,2
DA:1285,2
DA:1288,2
DA:1294,2
DA:1295,2
DA:1296,2
DA:1299,2
DA:1300,2
DA:1303,2
DA:1306,2
DA:1312,2
DA:1313,2
DA:1314,4
DA:1315,4
DA:1318,2
DA:1319,2
DA:1322,2
DA:1327,2
DA:1328,2
DA:1329,2
DA:1335,2
DA:1336,2
DA:1339,2
DA:1340,2
DA:1345,2
DA:1346,2
DA:1347,2
DA:1348,2
DA:1351,2
DA:1352,2
DA:1353,2
DA:1354,2
DA:1355,2
DA:1356,2
DA:1359,2
DA:1360,2
DA:1366,2
DA:1367,2
DA:1368,2
DA:1369,2
DA:1370,2
DA:1371,2
DA:1374,2
DA:1375,2
DA:1376,2
DA:1377,2
DA:1378,2
DA:1379,2
DA:1382,2
DA:1383,2
DA:1389,2
DA:1390,2
DA:1391,2
DA:1392,2
DA:1395,2
DA:1396,2
DA:1397,2
DA:1398,2
DA:1399,2
DA:1400,2
DA:1401,2
DA:1404,2
DA:1405,2
DA:1411,2
DA:1412,2
DA:1413,2
DA:1414,2
DA:1417,2
DA:1418,2
DA:1419,2
DA:1420,2
DA:1421,2
DA:1422,2
DA:1423,2
DA:1426,2
DA:1427,2
DA:1433,2
DA:1434,2
DA:1435,2
DA:1436,2
DA:1439,2
DA:1440,2
DA:1441,2
DA:1442,2
DA:1443,2
DA:1444,2
DA:1445,2
DA:1446,2
DA:1449,2
DA:1450,2
DA:1456,2
DA:1457,2
DA:1458,2
DA:1459,2
DA:1460,2
DA:1463,2
DA:1464,2
DA:1465,2
DA:1466,2
DA:1467,2
DA:1468,2
DA:1469,2
DA:1470,2
DA:1473,2
DA:1474,2
DA:1480,2
DA:1481,2
DA:1482,2
DA:1485,2
DA:1486,2
DA:1487,2
DA:1488,2
DA:1489,2
DA:1490,2
DA:1491,2
DA:1492,2
DA:1495,2
DA:1496,2
DA:1502,2
DA:1503,2
DA:1504,2
DA:1507,2
DA:1508,2
DA:1509,2
DA:1510,2
DA:1511,2
DA:1512,2
DA:1513,2
DA:1514,2
DA:1517,2
DA:1518,2
DA:1524,2
DA:1525,2
DA:1526,2
DA:1529,2
DA:1530,2
DA:1531,2
DA:1532,2
DA:1533,2
DA:1534,2
DA:1535,2
DA:1536,2
DA:1539,2
DA:1540,2
DA:1546,2
DA:1547,2
DA:1548,2
DA:1551,2
DA:1552,2
DA:1553,2
DA:1554,2
DA:1555,2
DA:1556,2
DA:1557,2
DA:1558,2
DA:1561,2
DA:1562,2
DA:1569,2
DA:1570,2
DA:1571,2
DA:1572,2
DA:1573,2
DA:1574,2
DA:1577,2
DA:1578,2
DA:1581,2
DA:1582,2
DA:1585,2
DA:1590,2
DA:1591,2
DA:1594,2
DA:1601,2
DA:1602,2
DA:1603,2
DA:1604,2
DA:1607,2
DA:1608,2
DA:1609,2
DA:1612,2
DA:1613,2
DA:1614,2
DA:1617,2
DA:1618,2
DA:1621,2
DA:1622,2
DA:1625,2
DA:1631,2
DA:1632,2
DA:1633,2
DA:1634,2
DA:1635,2
DA:1636,2
DA:1637,2
DA:1640,2
DA:1641,2
DA:1642,2
DA:1643,2
DA:1646,2
DA:1647,2
DA:1650,2
DA:1651,2
DA:1654,2
DA:1655,2
DA:1656,2
DA:1659,2
DA:1660,2
DA:1663,2
DA:1669,2
DA:1670,2
DA:1671,2
DA:1674,2
DA:1675,2
DA:1678,2
DA:1679,2
DA:1682,2
DA:1683,2
DA:1689,2
DA:1690,2
DA:1694,2
DA:1698,2
DA:1702,2
DA:1706,2
DA:1712,2
DA:1713,2
DA:1716,2
DA:1722,2
DA:1723,2
DA:1724,2
DA:1725,2
DA:1726,2
DA:1729,2
DA:1730,2
DA:1731,2
DA:1734,2
DA:1735,2
DA:1741,2
DA:1742,2
DA:1743,2
DA:1744,2
DA:1745,2
DA:1748,2
DA:1749,2
DA:1750,2
DA:1753,2
DA:1754,2
DA:1760,2
DA:1761,2
DA:1762,2
DA:1763,2
DA:1764,2
DA:1765,2
DA:1768,2
DA:1769,2
DA:1770,2
DA:1771,2
DA:1772,2
DA:1773,2
DA:1776,2
DA:1777,2
DA:1780,2
DA:1786,2
DA:1787,2
DA:1788,2
DA:1791,2
DA:1792,2
DA:1795,2
DA:1796,2
DA:1799,2
DA:1800,2
DA:1806,2
DA:1807,2
DA:1808,2
DA:1809,2
DA:1812,2
DA:1813,2
DA:1816,2
DA:1817,2
DA:1820,2
DA:1821,2
DA:1824,2
DA:1830,2
DA:1831,2
DA:1832,2
DA:1833,2
DA:1834,2
DA:1837,2
DA:1838,2
DA:1839,2
DA:1842,2
DA:1843,2
DA:1846,2
DA:1849,2
DA:1855,2
DA:1856,2
DA:1857,2
DA:1864,2
DA:1874,2
DA:1875,2
DA:1878,2
DA:1884,2
DA:1885,2
DA:1886,2
DA:1889,2
DA:1890,2
DA:1893,2
DA:1894,2
DA:1897,2
DA:1900,2
DA:1906,2
DA:1907,2
DA:1908,2
DA:1911,2
DA:1912,2
DA:1918,2
DA:1919,2
DA:1922,2
DA:1925,2
DA:1931,2
DA:1932,2
DA:1933,2
DA:1936,2
DA:1937,2
DA:1940,2
DA:1941,2
DA:1944,2
DA:1947,2
DA:1950,2
DA:1953,2
DA:1960,2
DA:1961,2
DA:1962,2
DA:1963,2
DA:1966,2
DA:1967,2
DA:1970,2
DA:1971,2
DA:1977,2
DA:1978,2
DA:1979,2
DA:1982,2
DA:1983,2
DA:1986,2
DA:1987,2
DA:1993,2
DA:1994,2
DA:1995,2
DA:1998,2
DA:1999,2
DA:2002,2
DA:2003,2
DA:2009,2
DA:2010,2
DA:2011,2
DA:2014,2
DA:2015,2
DA:2016,2
DA:2026,2
DA:2027,2
DA:2028,2
DA:2042,2
DA:2043,2
DA:2044,2
DA:2056,2
DA:2057,2
DA:2058,2
DA:2059,2
DA:2073,2
DA:2074,2
DA:2075,2
DA:2078,2
DA:2079,2
DA:2082,2
DA:2083,2
DA:2086,2
DA:2087,2
DA:2092,2
DA:2093,2
DA:2094,2
DA:2095,2
DA:2096,2
DA:2099,2
DA:2100,2
DA:2101,2
DA:2104,2
DA:2105,2
DA:2108,2
DA:2111,2
DA:2117,2
DA:2118,2
DA:2119,2
DA:2120,2
DA:2121,0
DA:2123,2
DA:2127,2
DA:2128,2
DA:2129,2
DA:2130,0
DA:2132,2
DA:2136,2
DA:2137,2
DA:2144,2
DA:2145,2
DA:2146,2
DA:2147,2
DA:2148,2
DA:2151,2
DA:2152,2
DA:2153,2
DA:2156,2
DA:2157,2
DA:2158,2
DA:2161,2
DA:2162,2
DA:2165,2
DA:2166,2
DA:2167,2
DA:2170,2
DA:2171,2
DA:2174,2
DA:2180,2
DA:2181,2
DA:2182,2
DA:2183,2
DA:2186,2
DA:2187,2
DA:2188,2
DA:2191,2
DA:2192,2
DA:2193,2
DA:2196,2
DA:2197,2
DA:2200,2
DA:2201,2
DA:2204,2
DA:2211,2
DA:2212,2
DA:2213,2
DA:2214,2
DA:2215,2
DA:2218,2
DA:2219,2
DA:2220,2
DA:2223,2
DA:2224,2
DA:2225,2
DA:2228,2
DA:2229,2
DA:2232,2
DA:2238,2
DA:2239,2
DA:2240,2
DA:2241,2
DA:2244,2
DA:2245,2
DA:2246,2
DA:2247,2
DA:2250,2
DA:2251,2
DA:2252,2
DA:2255,2
DA:2256,2
DA:2259,2
DA:2265,2
DA:2266,2
DA:2267,2
DA:2268,2
DA:2271,2
DA:2272,2
DA:2273,2
DA:2274,2
DA:2277,2
DA:2278,2
DA:2279,2
DA:2282,2
DA:2283,2
DA:2286,2
DA:2292,2
DA:2293,2
DA:2294,2
DA:2295,2
DA:2296,2
DA:2299,2
DA:2300,2
DA:2303,2
DA:2310,2
DA:2311,2
DA:2312,2
DA:2313,2
DA:2316,2
DA:2317,2
DA:2318,2
LF:1206
LH:1204
BRDA:12,0,0,2
BRF:1
BRH:1
end_of_record
TN:
SF:src/operators/arithmetic.ts
FN:12,(anonymous_0)
FN:13,(anonymous_1)
FN:15,(anonymous_2)
FN:16,(anonymous_3)
FN:25,(anonymous_4)
FN:26,(anonymous_5)
FN:28,(anonymous_6)
FN:29,(anonymous_7)
FN:38,(anonymous_8)
FN:39,(anonymous_9)
FN:41,(anonymous_10)
FN:42,(anonymous_11)
FN:51,(anonymous_12)
FN:53,(anonymous_13)
FN:55,(anonymous_14)
FN:57,(anonymous_15)
FN:68,(anonymous_16)
FN:70,(anonymous_17)
FN:72,(anonymous_18)
FN:74,(anonymous_19)
FN:85,(anonymous_20)
FN:86,(anonymous_21)
FN:88,(anonymous_22)
FN:89,(anonymous_23)
FN:98,(anonymous_24)
FN:99,(anonymous_25)
FN:101,(anonymous_26)
FN:102,(anonymous_27)
FN:111,(anonymous_28)
FN:114,(anonymous_29)
FN:123,(anonymous_30)
FN:126,(anonymous_31)
FN:135,(anonymous_32)
FN:138,(anonymous_33)
FN:147,(anonymous_34)
FN:150,(anonymous_35)
FN:159,(anonymous_36)
FN:162,(anonymous_37)
FN:171,(anonymous_38)
FN:174,(anonymous_39)
FN:183,(anonymous_40)
FN:186,(anonymous_41)
FN:195,(anonymous_42)
FN:198,(anonymous_43)
FN:207,(anonymous_44)
FN:212,(anonymous_45)
FN:221,(anonymous_46)
FN:224,(anonymous_47)
FN:233,(anonymous_48)
FN:238,(anonymous_49)
FNF:50
FNH:42
FNDA:137,(anonymous_0)
FNDA:292,(anonymous_1)
FNDA:9,(anonymous_2)
FNDA:20,(anonymous_3)
FNDA:31,(anonymous_4)
FNDA:47,(anonymous_5)
FNDA:1,(anonymous_6)
FNDA:4,(anonymous_7)
FNDA:39,(anonymous_8)
FNDA:94,(anonymous_9)
FNDA:5,(anonymous_10)
FNDA:12,(anonymous_11)
FNDA:34,(anonymous_12)
FNDA:42,(anonymous_13)
FNDA:4,(anonymous_14)
FNDA:8,(anonymous_15)
FNDA:45,(anonymous_16)
FNDA:53,(anonymous_17)
FNDA:5,(anonymous_18)
FNDA:10,(anonymous_19)
FNDA:24,(anonymous_20)
FNDA:61,(anonymous_21)
FNDA:1,(anonymous_22)
FNDA:3,(anonymous_23)
FNDA:22,(anonymous_24)
FNDA:55,(anonymous_25)
FNDA:1,(anonymous_26)
FNDA:3,(anonymous_27)
FNDA:23,(anonymous_28)
FNDA:4,(anonymous_29)
FNDA:27,(anonymous_30)
FNDA:6,(anonymous_31)
FNDA:27,(anonymous_32)
FNDA:6,(anonymous_33)
FNDA:11,(anonymous_34)
FNDA:0,(anonymous_35)
FNDA:13,(anonymous_36)
FNDA:0,(anonymous_37)
FNDA:11,(anonymous_38)
FNDA:0,(anonymous_39)
FNDA:11,(anonymous_40)
FNDA:0,(anonymous_41)
FNDA:11,(anonymous_42)
FNDA:0,(anonymous_43)
FNDA:11,(anonymous_44)
FNDA:0,(anonymous_45)
FNDA:11,(anonymous_46)
FNDA:0,(anonymous_47)
FNDA:11,(anonymous_48)
FNDA:0,(anonymous_49)
DA:1,3
DA:2,3
DA:5,3
DA:7,3
DA:13,292
DA:16,20
DA:17,9
DA:26,47
DA:29,4
DA:30,1
DA:39,94
DA:42,12
DA:43,5
DA:52,34
DA:53,42
DA:56,4
DA:57,8
DA:58,4
DA:59,4
DA:60,4
DA:69,45
DA:70,53
DA:73,5
DA:74,10
DA:75,5
DA:76,5
DA:77,5
DA:86,61
DA:89,3
DA:90,1
DA:99,55
DA:102,3
DA:103,1
DA:112,23
DA:115,4
DA:124,27
DA:127,6
DA:136,27
DA:139,6
DA:148,11
DA:151,0
DA:160,13
DA:163,0
DA:172,11
DA:175,0
DA:184,11
DA:187,0
DA:196,11
DA:199,0
DA:208,11
DA:209,11
DA:210,11
DA:213,0
DA:222,11
DA:225,0
DA:234,11
DA:235,11
DA:236,11
DA:239,0
LF:59
LH:51
BRF:0
BRH:0
end_of_record
TN:
SF:src/operators/array.ts
FN:16,(anonymous_0)
FN:36,(anonymous_1)
FN:44,(anonymous_2)
FN:48,(anonymous_3)
FN:51,(anonymous_4)
FN:72,(anonymous_5)
FN:73,(anonymous_6)
FN:76,(anonymous_7)
FN:87,(anonymous_8)
FN:93,(anonymous_9)
FN:116,(anonymous_10)
FN:121,(anonymous_11)
FN:132,(anonymous_12)
FN:138,(anonymous_13)
FN:149,(anonymous_14)
FN:155,(anonymous_15)
FN:166,(anonymous_16)
FN:171,(anonymous_17)
FN:191,(anonymous_18)
FN:195,(anonymous_19)
FN:206,(anonymous_20)
FN:211,(anonymous_21)
FN:230,(anonymous_22)
FN:236,(anonymous_23)
FN:247,(anonymous_24)
FN:252,(anonymous_25)
FN:266,(anonymous_26)
FN:272,(anonymous_27)
FN:275,(anonymous_28)
FNF:29
FNH:29
FNDA:24,(anonymous_0)
FNDA:6,(anonymous_1)
FNDA:4,(anonymous_2)
FNDA:23,(anonymous_3)
FNDA:4,(anonymous_4)
FNDA:14,(anonymous_5)
FNDA:35,(anonymous_6)
FNDA:1,(anonymous_7)
FNDA:17,(anonymous_8)
FNDA:5,(anonymous_9)
FNDA:12,(anonymous_10)
FNDA:6,(anonymous_11)
FNDA:9,(anonymous_12)
FNDA:2,(anonymous_13)
FNDA:9,(anonymous_14)
FNDA:2,(anonymous_15)
FNDA:46,(anonymous_16)
FNDA:27,(anonymous_17)
FNDA:7,(anonymous_18)
FNDA:1,(anonymous_19)
FNDA:6,(anonymous_20)
FNDA:2,(anonymous_21)
FNDA:9,(anonymous_22)
FNDA:1,(anonymous_23)
FNDA:3,(anonymous_24)
FNDA:1,(anonymous_25)
FNDA:2,(anonymous_26)
FNDA:10,(anonymous_27)
FNDA:2,(anonymous_28)
DA:1,3
DA:2,3
DA:3,3
DA:7,3
DA:8,3
DA:16,3
DA:17,24
DA:18,22
DA:19,18
DA:20,18
DA:21,18
DA:22,18
DA:23,4
DA:24,0
DA:25,0
DA:26,0
DA:27,0
DA:28,0
DA:29,0
DA:31,0
DA:33,4
DA:36,3
DA:40,6
DA:45,4
DA:46,4
DA:47,4
DA:48,23
DA:49,4
DA:52,4
DA:53,4
DA:54,4
DA:55,4
DA:56,4
DA:58,4
DA:61,4
DA:62,4
DA:67,3
DA:73,35
DA:74,14
DA:77,1
DA:78,1
DA:79,1
DA:88,17
DA:89,17
DA:90,35
DA:91,17
DA:94,5
DA:96,5
DA:97,1
DA:99,4
DA:100,4
DA:102,5
DA:103,5
DA:104,5
DA:105,11
DA:106,11
DA:108,5
DA:117,12
DA:118,12
DA:119,12
DA:122,6
DA:123,6
DA:124,6
DA:133,9
DA:134,9
DA:136,9
DA:139,2
DA:140,2
DA:141,2
DA:150,9
DA:151,9
DA:153,9
DA:156,2
DA:157,2
DA:158,2
DA:167,46
DA:168,46
DA:169,46
DA:172,27
DA:173,27
DA:174,27
DA:175,6
DA:176,6
DA:177,6
DA:178,6
DA:179,6
DA:181,21
DA:182,21
DA:183,21
DA:192,7
DA:193,7
DA:196,1
DA:197,1
DA:198,1
DA:207,6
DA:208,6
DA:209,6
DA:212,2
DA:213,2
DA:214,1
DA:215,1
DA:216,1
DA:217,1
DA:218,1
DA:220,1
DA:221,1
DA:222,1
DA:231,9
DA:232,9
DA:233,9
DA:234,9
DA:237,1
DA:238,1
DA:239,1
DA:248,3
DA:249,3
DA:250,3
DA:253,1
DA:254,1
DA:255,1
DA:267,2
DA:268,2
DA:269,2
DA:270,2
DA:271,2
DA:272,10
DA:273,2
DA:276,2
DA:277,2
DA:278,2
DA:279,2
DA:280,2
DA:281,2
DA:283,2
DA:286,2
DA:289,2
LF:136
LH:129
BRDA:17,0,0,2
BRDA:18,1,0,18
BRDA:18,1,1,4
BRDA:23,2,0,0
BRDA:58,3,0,2
BRDA:58,3,1,2
BRDA:58,4,0,4
BRDA:58,4,1,2
BRDA:96,5,0,1
BRDA:96,5,1,4
BRDA:174,6,0,6
BRDA:213,7,0,1
BRDA:283,8,0,1
BRDA:283,8,1,1
BRDA:283,9,0,2
BRDA:283,9,1,1
BRF:16
BRH:15
end_of_record
TN:
SF:src/operators/binary.ts
FN:5,(anonymous_0)
FN:19,(anonymous_1)
FN:23,(anonymous_2)
FNF:3
FNH:3
FNDA:11,(anonymous_0)
FNDA:11,(anonymous_1)
FNDA:1,(anonymous_2)
DA:1,3
DA:2,3
DA:5,3
DA:9,11
DA:10,11
DA:11,11
DA:14,3
DA:20,11
DA:21,11
DA:24,1
DA:25,1
DA:26,1
LF:12
LH:12
BRF:0
BRH:0
end_of_record
TN:
SF:src/operators/bitwise.ts
FN:12,(anonymous_0)
FN:13,(anonymous_1)
FN:15,(anonymous_2)
FN:16,(anonymous_3)
FN:25,(anonymous_4)
FN:26,(anonymous_5)
FN:28,(anonymous_6)
FN:29,(anonymous_7)
FN:38,(anonymous_8)
FN:39,(anonymous_9)
FN:41,(anonymous_10)
FN:42,(anonymous_11)
FN:51,(anonymous_12)
FN:54,(anonymous_13)
FNF:14
FNH:13
FNDA:10,(anonymous_0)
FNDA:19,(anonymous_1)
FNDA:2,(anonymous_2)
FNDA:7,(anonymous_3)
FNDA:12,(anonymous_4)
FNDA:23,(anonymous_5)
FNDA:2,(anonymous_6)
FNDA:7,(anonymous_7)
FNDA:12,(anonymous_8)
FNDA:23,(anonymous_9)
FNDA:2,(anonymous_10)
FNDA:7,(anonymous_11)
FNDA:6,(anonymous_12)
FNDA:0,(anonymous_13)
DA:1,3
DA:2,3
DA:5,3
DA:7,3
DA:13,19
DA:16,7
DA:17,2
DA:26,23
DA:29,7
DA:30,2
DA:39,23
DA:42,7
DA:43,2
DA:52,6
DA:55,0
DA:56,0
LF:16
LH:14
BRF:0
BRH:0
end_of_record
TN:
SF:src/operators/branching.ts
FN:9,(anonymous_0)
FN:12,(anonymous_1)
FN:25,(anonymous_2)
FN:28,(anonymous_3)
FNF:4
FNH:4
FNDA:23,(anonymous_0)
FNDA:7,(anonymous_1)
FNDA:3,(anonymous_2)
FNDA:1,(anonymous_3)
DA:1,3
DA:4,3
DA:10,23
DA:13,7
DA:14,7
DA:15,7
DA:16,7
DA:17,5
DA:26,3
DA:29,1
LF:10
LH:10
BRDA:10,0,0,12
BRDA:10,0,1,11
BRDA:16,1,0,2
BRDA:16,2,0,1
BRDA:16,2,1,1
BRF:5
BRH:5
end_of_record
TN:
SF:src/operators/comparison.ts
FN:7,(anonymous_0)
FN:18,(anonymous_1)
FN:27,(anonymous_2)
FN:42,(anonymous_3)
FN:46,(anonymous_4)
FN:60,(anonymous_5)
FN:64,(anonymous_6)
FN:78,(anonymous_7)
FN:82,(anonymous_8)
FN:91,(anonymous_9)
FN:95,(anonymous_10)
FN:104,(anonymous_11)
FN:108,(anonymous_12)
FN:117,(anonymous_13)
FN:121,(anonymous_14)
FN:130,(anonymous_15)
FN:134,(anonymous_16)
FN:144,(anonymous_17)
FN:148,(anonymous_18)
FN:158,(anonymous_19)
FN:162,(anonymous_20)
FN:172,(anonymous_21)
FN:176,(anonymous_22)
FN:186,(anonymous_23)
FN:190,(anonymous_24)
FNF:25
FNH:25
FNDA:18,(anonymous_0)
FNDA:330,(anonymous_1)
FNDA:91,(anonymous_2)
FNDA:108,(anonymous_3)
FNDA:17,(anonymous_4)
FNDA:59,(anonymous_5)
FNDA:3,(anonymous_6)
FNDA:33,(anonymous_7)
FNDA:11,(anonymous_8)
FNDA:41,(anonymous_9)
FNDA:10,(anonymous_10)
FNDA:38,(anonymous_11)
FNDA:12,(anonymous_12)
FNDA:40,(anonymous_13)
FNDA:8,(anonymous_14)
FNDA:11,(anonymous_15)
FNDA:1,(anonymous_16)
FNDA:29,(anonymous_17)
FNDA:11,(anonymous_18)
FNDA:16,(anonymous_19)
FNDA:6,(anonymous_20)
FNDA:22,(anonymous_21)
FNDA:8,(anonymous_22)
FNDA:24,(anonymous_23)
FNDA:10,(anonymous_24)
DA:1,3
DA:2,3
DA:3,3
DA:4,3
DA:7,3
DA:13,18
DA:14,18
DA:15,18
DA:18,3
DA:22,330
DA:23,330
DA:24,330
DA:27,3
DA:31,91
DA:32,91
DA:33,91
DA:34,91
DA:37,3
DA:43,108
DA:44,108
DA:47,17
DA:48,17
DA:49,17
DA:50,13
DA:51,2
DA:52,2
DA:61,59
DA:62,59
DA:65,3
DA:66,3
DA:67,3
DA:68,1
DA:69,0
DA:70,0
DA:79,33
DA:80,33
DA:83,11
DA:92,41
DA:93,41
DA:96,10
DA:105,38
DA:106,38
DA:109,12
DA:118,40
DA:119,40
DA:122,8
DA:131,11
DA:132,11
DA:135,1
DA:136,1
DA:145,29
DA:146,29
DA:149,11
DA:150,11
DA:159,16
DA:160,16
DA:163,6
DA:164,6
DA:173,22
DA:174,22
DA:177,8
DA:178,8
DA:187,24
DA:188,24
DA:191,10
DA:192,10
LF:66
LH:64
BRDA:15,0,0,3
BRDA:15,0,1,15
BRDA:49,1,0,4
BRDA:49,2,0,17
BRDA:49,2,1,4
BRDA:50,3,0,11
BRDA:50,4,0,13
BRDA:50,4,1,11
BRDA:67,5,0,2
BRDA:67,6,0,3
BRDA:67,6,1,2
BRDA:68,7,0,1
BRDA:68,8,0,1
BRDA:68,8,1,1
BRF:14
BRH:14
end_of_record
TN:
SF:src/operators/container.ts
FN:10,(anonymous_0)
FN:13,(anonymous_1)
FN:24,(anonymous_2)
FN:29,(anonymous_3)
FNF:4
FNH:4
FNDA:28,(anonymous_0)
FNDA:4,(anonymous_1)
FNDA:41,(anonymous_2)
FNDA:10,(anonymous_3)
DA:1,3
DA:2,3
DA:5,3
DA:11,28
DA:14,4
DA:15,4
DA:16,4
DA:25,41
DA:26,41
DA:27,41
DA:30,10
DA:31,10
DA:32,10
LF:13
LH:13
BRF:0
BRH:0
end_of_record
TN:
SF:src/operators/index.ts
FNF:0
FNH:0
DA:1,3
DA:2,3
DA:3,3
DA:4,3
DA:5,3
DA:6,3
DA:7,3
DA:8,3
DA:9,3
DA:10,3
DA:11,3
DA:12,3
DA:13,3
DA:14,3
DA:16,3
DA:32,3
LF:16
LH:16
BRF:0
BRH:0
end_of_record
TN:
SF:src/operators/input.ts
FN:8,(anonymous_0)
FN:23,(anonymous_1)
FN:29,(anonymous_2)
FN:54,(anonymous_3)
FN:59,(anonymous_4)
FNF:5
FNH:5
FNDA:553,(anonymous_0)
FNDA:530,(anonymous_1)
FNDA:518,(anonymous_2)
FNDA:19,(anonymous_3)
FNDA:19,(anonymous_4)
DA:1,3
DA:2,3
DA:3,3
DA:5,3
DA:8,3
DA:9,553
DA:10,552
DA:11,552
DA:12,552
DA:13,552
DA:14,552
DA:15,552
DA:18,3
DA:24,530
DA:25,530
DA:26,530
DA:27,530
DA:30,518
DA:31,518
DA:32,518
DA:33,515
DA:34,515
DA:35,515
DA:36,362
DA:37,362
DA:38,362
DA:39,362
DA:40,362
DA:41,362
DA:42,362
DA:44,3
DA:45,3
DA:55,19
DA:56,19
DA:57,18
DA:60,19
DA:61,19
DA:62,18
DA:63,17
DA:64,17
DA:65,17
DA:66,17
DA:67,17
DA:68,17
DA:70,1
DA:71,1
LF:46
LH:46
BRDA:9,0,0,1
BRDA:32,1,0,515
BRDA:33,2,0,0
BRDA:35,3,0,153
BRDA:35,4,0,137
BRDA:35,4,1,16
BRDA:38,5,0,6
BRDA:38,5,1,356
BRDA:61,6,0,18
BRDA:62,7,0,1
BRF:10
BRH:9
end_of_record
TN:
SF:src/operators/logical.ts
FN:9,(anonymous_0)
FN:10,(anonymous_1)
FN:12,(anonymous_2)
FN:13,(anonymous_3)
FN:22,(anonymous_4)
FN:23,(anonymous_5)
FN:25,(anonymous_6)
FN:26,(anonymous_7)
FN:35,(anonymous_8)
FN:38,(anonymous_9)
FNF:10
FNH:10
FNDA:103,(anonymous_0)
FNDA:272,(anonymous_1)
FNDA:17,(anonymous_2)
FNDA:46,(anonymous_3)
FNDA:86,(anonymous_4)
FNDA:198,(anonymous_5)
FNDA:12,(anonymous_6)
FNDA:26,(anonymous_7)
FNDA:58,(anonymous_8)
FNDA:13,(anonymous_9)
DA:1,3
DA:4,3
DA:10,272
DA:13,46
DA:14,17
DA:23,198
DA:26,26
DA:27,12
DA:36,58
DA:39,13
DA:40,13
LF:11
LH:11
BRDA:10,0,0,272
BRDA:10,0,1,223
BRDA:23,1,0,198
BRDA:23,1,1,131
BRF:4
BRH:4
end_of_record
TN:
SF:src/operators/object.ts
FN:5,(anonymous_0)
FN:14,(anonymous_1)
FN:25,(anonymous_2)
FN:29,(anonymous_3)
FN:40,(anonymous_4)
FN:44,(anonymous_5)
FN:55,(anonymous_6)
FN:59,(anonymous_7)
FN:89,(anonymous_8)
FN:102,(anonymous_9)
FN:140,(anonymous_10)
FN:151,(anonymous_11)
FNF:12
FNH:9
FNDA:10,(anonymous_0)
FNDA:8,(anonymous_1)
FNDA:4,(anonymous_2)
FNDA:0,(anonymous_3)
FNDA:4,(anonymous_4)
FNDA:0,(anonymous_5)
FNDA:4,(anonymous_6)
FNDA:0,(anonymous_7)
FNDA:6,(anonymous_8)
FNDA:4,(anonymous_9)
FNDA:5,(anonymous_10)
FNDA:3,(anonymous_11)
DA:1,3
DA:2,3
DA:5,3
DA:6,10
DA:7,0
DA:9,10
DA:10,0
DA:14,3
DA:15,8
DA:16,0
DA:20,3
DA:26,4
DA:27,4
DA:30,0
DA:31,0
DA:32,0
DA:41,4
DA:42,4
DA:45,0
DA:46,0
DA:47,0
DA:56,4
DA:57,4
DA:60,0
DA:61,0
DA:62,0
DA:90,6
DA:91,6
DA:92,6
DA:93,6
DA:94,6
DA:95,7
DA:96,7
DA:97,6
DA:98,6
DA:100,5
DA:103,4
DA:104,4
DA:105,4
DA:106,4
DA:107,4
DA:108,3
DA:109,1
DA:110,1
DA:111,1
DA:113,4
DA:114,4
DA:115,4
DA:116,5
DA:117,5
DA:118,4
DA:119,1
DA:120,1
DA:122,5
DA:123,5
DA:125,4
DA:141,5
DA:142,5
DA:143,5
DA:144,5
DA:145,5
DA:146,9
DA:147,9
DA:149,5
DA:152,3
DA:153,3
DA:154,3
DA:155,3
DA:156,3
DA:157,3
DA:158,3
DA:159,5
DA:160,5
DA:161,3
DA:162,2
DA:163,2
DA:165,5
DA:167,3
LF:78
LH:66
BRDA:6,0,0,0
BRDA:9,1,0,0
BRDA:15,2,0,0
BRDA:96,3,0,1
BRDA:107,4,0,3
BRDA:107,4,1,1
BRDA:109,5,0,1
BRDA:117,6,0,4
BRDA:117,6,1,1
BRDA:119,7,0,1
BRDA:160,8,0,3
BRDA:160,8,1,2
BRDA:162,9,0,2
BRF:13
BRH:10
end_of_record
TN:
SF:src/operators/patch.ts
FN:9,(anonymous_0)
FN:18,(anonymous_1)
FN:26,(anonymous_2)
FN:51,(anonymous_3)
FN:77,(anonymous_4)
FN:98,(anonymous_5)
FNF:6
FNH:6
FNDA:4,(anonymous_0)
FNDA:6,(anonymous_1)
FNDA:2,(anonymous_2)
FNDA:2,(anonymous_3)
FNDA:3,(anonymous_4)
FNDA:1,(anonymous_5)
DA:1,3
DA:3,3
DA:5,3
DA:6,3
DA:7,3
DA:9,3
DA:10,4
DA:11,0
DA:13,4
DA:14,0
DA:18,3
DA:19,6
DA:20,0
DA:26,3
DA:27,2
DA:28,2
DA:45,2
DA:51,3
DA:53,3
DA:78,3
DA:79,3
DA:80,3
DA:81,3
DA:82,3
DA:83,4
DA:84,4
DA:85,4
DA:86,4
DA:87,4
DA:88,4
DA:89,0
DA:90,0
DA:91,0
DA:92,0
DA:93,0
DA:96,3
DA:99,1
DA:100,1
DA:101,1
DA:102,1
DA:103,1
DA:104,1
DA:105,2
DA:106,2
DA:107,2
DA:108,2
DA:109,2
DA:110,2
DA:112,1
LF:49
LH:41
BRDA:10,0,0,0
BRDA:13,1,0,0
BRDA:19,2,0,0
BRDA:87,3,0,0
BRDA:87,3,1,4
BRDA:88,4,0,4
BRDA:88,4,1,0
BRDA:89,5,0,0
BRDA:91,6,0,0
BRDA:91,6,1,0
BRDA:92,7,0,0
BRDA:92,7,1,0
BRF:12
BRH:2
end_of_record
TN:
SF:src/operators/string.ts
FN:5,(anonymous_0)
FN:14,(anonymous_1)
FN:19,(anonymous_2)
FN:23,(anonymous_3)
FN:35,(anonymous_4)
FN:36,(anonymous_5)
FN:38,(anonymous_6)
FN:56,(anonymous_7)
FN:60,(anonymous_8)
FN:71,(anonymous_9)
FN:75,(anonymous_10)
FN:86,(anonymous_11)
FN:90,(anonymous_12)
FN:101,(anonymous_13)
FN:107,(anonymous_14)
FN:118,(anonymous_15)
FN:129,(anonymous_16)
FNF:17
FNH:16
FNDA:96,(anonymous_0)
FNDA:30,(anonymous_1)
FNDA:166,(anonymous_2)
FNDA:0,(anonymous_3)
FNDA:21,(anonymous_4)
FNDA:54,(anonymous_5)
FNDA:5,(anonymous_6)
FNDA:32,(anonymous_7)
FNDA:4,(anonymous_8)
FNDA:32,(anonymous_9)
FNDA:15,(anonymous_10)
FNDA:32,(anonymous_11)
FNDA:4,(anonymous_12)
FNDA:15,(anonymous_13)
FNDA:3,(anonymous_14)
FNDA:11,(anonymous_15)
FNDA:3,(anonymous_16)
DA:1,3
DA:2,3
DA:5,3
DA:9,96
DA:10,96
DA:11,96
DA:14,3
DA:15,30
DA:20,166
DA:21,166
DA:24,0
DA:25,0
DA:30,3
DA:36,54
DA:39,5
DA:40,5
DA:41,5
DA:42,14
DA:43,7
DA:44,7
DA:45,7
DA:48,5
DA:57,32
DA:58,32
DA:61,4
DA:62,4
DA:63,4
DA:72,32
DA:73,32
DA:76,15
DA:77,15
DA:78,15
DA:87,32
DA:88,32
DA:91,4
DA:92,4
DA:93,4
DA:102,15
DA:103,15
DA:104,15
DA:105,15
DA:108,3
DA:109,3
DA:110,3
DA:119,11
DA:120,11
DA:121,11
DA:122,3
DA:123,8
DA:124,0
DA:125,8
DA:126,8
DA:127,8
DA:130,3
DA:131,3
DA:132,1
DA:133,2
DA:134,0
DA:135,2
DA:136,2
DA:137,2
DA:138,2
DA:139,2
LF:63
LH:59
BRDA:42,0,0,7
BRDA:42,0,1,7
BRDA:44,1,0,7
BRDA:120,2,0,0
BRDA:120,3,0,11
BRDA:120,3,1,1
BRDA:121,4,0,3
BRDA:123,5,0,0
BRDA:131,6,0,1
BRDA:131,7,0,3
BRDA:131,7,1,2
BRDA:133,8,0,0
BRF:12
BRH:9
end_of_record
TN:
SF:src/operators/type.ts
FN:10,(anonymous_0)
FN:13,(anonymous_1)
FN:24,(anonymous_2)
FN:27,(anonymous_3)
FN:37,(anonymous_4)
FN:40,(anonymous_5)
FN:50,(anonymous_6)
FN:53,(anonymous_7)
FN:64,(anonymous_8)
FN:67,(anonymous_9)
FN:78,(anonymous_10)
FN:81,(anonymous_11)
FN:91,(anonymous_12)
FN:94,(anonymous_13)
FN:104,(anonymous_14)
FN:107,(anonymous_15)
FN:117,(anonymous_16)
FN:120,(anonymous_17)
FN:130,(anonymous_18)
FN:133,(anonymous_19)
FN:143,(anonymous_20)
FN:146,(anonymous_21)
FN:156,(anonymous_22)
FN:159,(anonymous_23)
FN:169,(anonymous_24)
FN:172,(anonymous_25)
FNF:26
FNH:24
FNDA:43,(anonymous_0)
FNDA:13,(anonymous_1)
FNDA:38,(anonymous_2)
FNDA:12,(anonymous_3)
FNDA:47,(anonymous_4)
FNDA:15,(anonymous_5)
FNDA:17,(anonymous_6)
FNDA:13,(anonymous_7)
FNDA:0,(anonymous_8)
FNDA:0,(anonymous_9)
FNDA:5,(anonymous_10)
FNDA:1,(anonymous_11)
FNDA:6,(anonymous_12)
FNDA:2,(anonymous_13)
FNDA:6,(anonymous_14)
FNDA:2,(anonymous_15)
FNDA:6,(anonymous_16)
FNDA:2,(anonymous_17)
FNDA:14,(anonymous_18)
FNDA:4,(anonymous_19)
FNDA:6,(anonymous_20)
FNDA:2,(anonymous_21)
FNDA:6,(anonymous_22)
FNDA:2,(anonymous_23)
FNDA:6,(anonymous_24)
FNDA:2,(anonymous_25)
DA:1,3
DA:2,3
DA:5,3
DA:11,43
DA:14,13
DA:15,13
DA:16,13
DA:25,38
DA:28,12
DA:29,12
DA:38,47
DA:41,15
DA:42,15
DA:51,17
DA:54,13
DA:55,13
DA:56,13
DA:65,0
DA:68,0
DA:69,0
DA:70,0
DA:79,5
DA:82,1
DA:83,1
DA:92,6
DA:95,2
DA:96,2
DA:105,6
DA:108,2
DA:109,2
DA:118,6
DA:121,2
DA:122,2
DA:131,14
DA:134,4
DA:135,4
DA:144,6
DA:147,2
DA:148,2
DA:157,6
DA:160,2
DA:161,2
DA:170,6
DA:173,2
DA:174,2
DA:175,2
LF:46
LH:42
BRF:0
BRH:0
end_of_record
